\BOOKMARK [0][-]{chapter.1}{\376\377\0001\000\040\000F\000i\000l\000e\000\040\000I\000n\000d\000e\000x}{}% 1
\BOOKMARK [1][-]{section.1.1}{\376\377\0001\000.\0001\000\040\000F\000i\000l\000e\000\040\000L\000i\000s\000t}{chapter.1}% 2
\BOOKMARK [0][-]{chapter.2}{\376\377\0002\000\040\000F\000i\000l\000e\000\040\000D\000o\000c\000u\000m\000e\000n\000t\000a\000t\000i\000o\000n}{}% 3
\BOOKMARK [1][-]{section.2.1}{\376\377\0002\000.\0001\000\040\000s\000r\000c\000/\000D\000S\0001\0006\0003\0001\000.\000c\000p\000p\000\040\000F\000i\000l\000e\000\040\000R\000e\000f\000e\000r\000e\000n\000c\000e}{chapter.2}% 4
\BOOKMARK [2][-]{subsection.2.1.1}{\376\377\0002\000.\0001\000.\0001\000\040\000V\000a\000r\000i\000a\000b\000l\000e\000\040\000D\000o\000c\000u\000m\000e\000n\000t\000a\000t\000i\000o\000n}{section.2.1}% 5
\BOOKMARK [3][-]{subsubsection.2.1.1.1}{\376\377\0002\000.\0001\000.\0001\000.\0001\000\040\000c\000m\000d}{subsection.2.1.1}% 6
\BOOKMARK [3][-]{subsubsection.2.1.1.2}{\376\377\0002\000.\0001\000.\0001\000.\0002\000\040\000r\000e\000a\000d\000\137\000t\000e\000m\000p}{subsection.2.1.1}% 7
\BOOKMARK [1][-]{section.2.2}{\376\377\0002\000.\0002\000\040\000s\000r\000c\000/\000m\000a\000i\000n\000.\000c\000p\000p\000\040\000F\000i\000l\000e\000\040\000R\000e\000f\000e\000r\000e\000n\000c\000e}{chapter.2}% 8
\BOOKMARK [2][-]{subsection.2.2.1}{\376\377\0002\000.\0002\000.\0001\000\040\000D\000e\000t\000a\000i\000l\000e\000d\000\040\000D\000e\000s\000c\000r\000i\000p\000t\000i\000o\000n}{section.2.2}% 9
\BOOKMARK [3][-]{subsubsection.2.2.1.1}{\376\377\0002\000.\0002\000.\0001\000.\0001\000\040\040\023\000\040\040\023}{subsection.2.2.1}% 10
\BOOKMARK [3][-]{subsubsection.2.2.1.2}{\376\377\0002\000.\0002\000.\0001\000.\0002\000\040\040\023\000\040\000D\000e\000s\000i\000g\000n\000e\000d\000\040\000f\000o\000r\000:\000\040\000U\000n\000i\000v\000e\000r\000s\000i\000t\000y\000\040\000o\000f\000\040\000C\000o\000l\000o\000r\000a\000d\000o\000\040\000a\000t\000\040\000B\000o\000u\000l\000d\000e\000r}{subsection.2.2.1}% 11
\BOOKMARK [3][-]{subsubsection.2.2.1.3}{\376\377\0002\000.\0002\000.\0001\000.\0003\000\040\040\023\000\040\000R\000e\000v\000i\000s\000e\000d\000\040\000b\000y\000:\000\040\000S\000t\000u\000d\000e\000n\000t\000'\000s\000\040\000n\000a\000m\000e}{subsection.2.2.1}% 12
\BOOKMARK [3][-]{subsubsection.2.2.1.4}{\376\377\0002\000.\0002\000.\0001\000.\0004\000\040\040\023\000\040\000S\000T\000\040\000N\000u\000c\000l\000e\000o\000\040\000S\000T\000M\0003\0002\000F\0004\0000\0001\000R\000E\000\040\000B\000o\000a\000r\000d}{subsection.2.2.1}% 13
\BOOKMARK [3][-]{subsubsection.2.2.1.5}{\376\377\0002\000.\0002\000.\0001\000.\0005\000\040\040\023\000\040\000m\000o\000d\000i\000f\000i\000e\000d\000\040\000t\000o\000\040\000i\000m\000p\000l\000e\000m\000e\000n\000t\000\040\000a\000\040\000s\000u\000p\000e\000r\000\040\000l\000o\000o\000p\000\040\000b\000a\000r\000e\000\040\000m\000e\000t\000a\000l\000\040\000O\000S\000.}{subsection.2.2.1}% 14
\BOOKMARK [3][-]{subsubsection.2.2.1.6}{\376\377\0002\000.\0002\000.\0001\000.\0006\000\040\040\023\000\040\000C\000o\000p\000y\000r\000i\000g\000h\000t\000\040\000\050\000c\000\051\000\040\0002\0000\0001\0005\000,\000\040\0002\0000\0001\0006\000,\000\040\0002\0000\0002\0002\000\040\000T\000i\000m\000\040\000S\000c\000h\000e\000r\000r\000\040\000A\000l\000l\000\040\000r\000i\000g\000h\000t\000s\000\040\000r\000e\000s\000e\000r\000v\000e\000d\000.}{subsection.2.2.1}% 15
\BOOKMARK [2][-]{subsection.2.2.2}{\376\377\0002\000.\0002\000.\0002\000\040\000M\000a\000c\000r\000o\000\040\000D\000e\000f\000i\000n\000i\000t\000i\000o\000n\000\040\000D\000o\000c\000u\000m\000e\000n\000t\000a\000t\000i\000o\000n}{section.2.2}% 16
\BOOKMARK [3][-]{subsubsection.2.2.2.1}{\376\377\0002\000.\0002\000.\0002\000.\0001\000\040\000M\000A\000I\000N}{subsection.2.2.2}% 17
\BOOKMARK [2][-]{subsection.2.2.3}{\376\377\0002\000.\0002\000.\0003\000\040\000F\000u\000n\000c\000t\000i\000o\000n\000\040\000D\000o\000c\000u\000m\000e\000n\000t\000a\000t\000i\000o\000n}{section.2.2}% 18
\BOOKMARK [3][-]{subsubsection.2.2.3.1}{\376\377\0002\000.\0002\000.\0003\000.\0001\000\040\000f\000l\000i\000p\000\050\000\051}{subsection.2.2.3}% 19
\BOOKMARK [3][-]{subsubsection.2.2.3.2}{\376\377\0002\000.\0002\000.\0003\000.\0002\000\040\000g\000r\000e\000e\000n\000L\000E\000D\000\050\000\051}{subsection.2.2.3}% 20
\BOOKMARK [3][-]{subsubsection.2.2.3.3}{\376\377\0002\000.\0002\000.\0003\000.\0003\000\040\000m\000a\000i\000n\000\050\000\051}{subsection.2.2.3}% 21
\BOOKMARK [3][-]{subsubsection.2.2.3.4}{\376\377\0002\000.\0002\000.\0003\000.\0004\000\040\000p\000c\000\050\000\051}{subsection.2.2.3}% 22
\BOOKMARK [2][-]{subsection.2.2.4}{\376\377\0002\000.\0002\000.\0004\000\040\000V\000a\000r\000i\000a\000b\000l\000e\000\040\000D\000o\000c\000u\000m\000e\000n\000t\000a\000t\000i\000o\000n}{section.2.2}% 23
\BOOKMARK [3][-]{subsubsection.2.2.4.1}{\376\377\0002\000.\0002\000.\0004\000.\0001\000\040\000c\000u\000s\000t\000o\000m\000\137\000t\000i\000m\000e\000r\0002}{subsection.2.2.4}% 24
\BOOKMARK [3][-]{subsubsection.2.2.4.2}{\376\377\0002\000.\0002\000.\0004\000.\0002\000\040\000S\000w\000T\000i\000m\000e\000r\000I\000s\000r\000C\000o\000u\000n\000t\000e\000r}{subsection.2.2.4}% 25
\BOOKMARK [3][-]{subsubsection.2.2.4.3}{\376\377\0002\000.\0002\000.\0004\000.\0003\000\040\000t\000i\000c\000k}{subsection.2.2.4}% 26
\BOOKMARK [1][-]{section.2.3}{\376\377\0002\000.\0003\000\040\000s\000r\000c\000/\000m\000e\000m\000o\000r\000y\000.\000c\000p\000p\000\040\000F\000i\000l\000e\000\040\000R\000e\000f\000e\000r\000e\000n\000c\000e}{chapter.2}% 27
\BOOKMARK [2][-]{subsection.2.3.1}{\376\377\0002\000.\0003\000.\0001\000\040\000D\000e\000t\000a\000i\000l\000e\000d\000\040\000D\000e\000s\000c\000r\000i\000p\000t\000i\000o\000n}{section.2.3}% 28
\BOOKMARK [2][-]{subsection.2.3.2}{\376\377\0002\000.\0003\000.\0002\000\040\000F\000u\000n\000c\000t\000i\000o\000n\000\040\000D\000o\000c\000u\000m\000e\000n\000t\000a\000t\000i\000o\000n}{section.2.3}% 29
\BOOKMARK [3][-]{subsubsection.2.3.2.1}{\376\377\0002\000.\0003\000.\0002\000.\0001\000\040\000d\000i\000s\000p\000l\000a\000y\000\137\000l\000a\000s\000t\000\137\0001\0006\000\137\000s\000t\000a\000c\000k\000\137\000w\000o\000r\000d\000s\000\050\000\051}{subsection.2.3.2}% 30
\BOOKMARK [3][-]{subsubsection.2.3.2.2}{\376\377\0002\000.\0003\000.\0002\000.\0002\000\040\000d\000u\000m\000p\000\137\000m\000e\000m\000o\000r\000y\000\050\000\051}{subsection.2.3.2}% 31
\BOOKMARK [3][-]{subsubsection.2.3.2.3}{\376\377\0002\000.\0003\000.\0002\000.\0003\000\040\000g\000e\000t\000\137\000l\000r\000\050\000\051}{subsection.2.3.2}% 32
\BOOKMARK [3][-]{subsubsection.2.3.2.4}{\376\377\0002\000.\0003\000.\0002\000.\0004\000\040\000g\000e\000t\000\137\000p\000c\000\050\000\051}{subsection.2.3.2}% 33
\BOOKMARK [3][-]{subsubsection.2.3.2.5}{\376\377\0002\000.\0003\000.\0002\000.\0005\000\040\000g\000e\000t\000\137\000r\0000\000\050\000\051}{subsection.2.3.2}% 34
\BOOKMARK [3][-]{subsubsection.2.3.2.6}{\376\377\0002\000.\0003\000.\0002\000.\0006\000\040\000g\000e\000t\000\137\000r\0001\000\050\000\051}{subsection.2.3.2}% 35
\BOOKMARK [3][-]{subsubsection.2.3.2.7}{\376\377\0002\000.\0003\000.\0002\000.\0007\000\040\000g\000e\000t\000\137\000r\0001\0000\000\050\000\051}{subsection.2.3.2}% 36
\BOOKMARK [3][-]{subsubsection.2.3.2.8}{\376\377\0002\000.\0003\000.\0002\000.\0008\000\040\000g\000e\000t\000\137\000r\0001\0001\000\050\000\051}{subsection.2.3.2}% 37
\BOOKMARK [3][-]{subsubsection.2.3.2.9}{\376\377\0002\000.\0003\000.\0002\000.\0009\000\040\000g\000e\000t\000\137\000r\0001\0002\000\050\000\051}{subsection.2.3.2}% 38
\BOOKMARK [3][-]{subsubsection.2.3.2.10}{\376\377\0002\000.\0003\000.\0002\000.\0001\0000\000\040\000g\000e\000t\000\137\000r\0002\000\050\000\051}{subsection.2.3.2}% 39
\BOOKMARK [3][-]{subsubsection.2.3.2.11}{\376\377\0002\000.\0003\000.\0002\000.\0001\0001\000\040\000g\000e\000t\000\137\000r\0003\000\050\000\051}{subsection.2.3.2}% 40
\BOOKMARK [3][-]{subsubsection.2.3.2.12}{\376\377\0002\000.\0003\000.\0002\000.\0001\0002\000\040\000g\000e\000t\000\137\000r\0004\000\050\000\051}{subsection.2.3.2}% 41
\BOOKMARK [3][-]{subsubsection.2.3.2.13}{\376\377\0002\000.\0003\000.\0002\000.\0001\0003\000\040\000g\000e\000t\000\137\000r\0005\000\050\000\051}{subsection.2.3.2}% 42
\BOOKMARK [3][-]{subsubsection.2.3.2.14}{\376\377\0002\000.\0003\000.\0002\000.\0001\0004\000\040\000g\000e\000t\000\137\000r\0006\000\050\000\051}{subsection.2.3.2}% 43
\BOOKMARK [3][-]{subsubsection.2.3.2.15}{\376\377\0002\000.\0003\000.\0002\000.\0001\0005\000\040\000g\000e\000t\000\137\000r\0007\000\050\000\051}{subsection.2.3.2}% 44
\BOOKMARK [3][-]{subsubsection.2.3.2.16}{\376\377\0002\000.\0003\000.\0002\000.\0001\0006\000\040\000g\000e\000t\000\137\000r\0008\000\050\000\051}{subsection.2.3.2}% 45
\BOOKMARK [3][-]{subsubsection.2.3.2.17}{\376\377\0002\000.\0003\000.\0002\000.\0001\0007\000\040\000g\000e\000t\000\137\000r\0009\000\050\000\051}{subsection.2.3.2}% 46
\BOOKMARK [3][-]{subsubsection.2.3.2.18}{\376\377\0002\000.\0003\000.\0002\000.\0001\0008\000\040\000g\000e\000t\000\137\000s\000p\000\050\000\051}{subsection.2.3.2}% 47
\BOOKMARK [3][-]{subsubsection.2.3.2.19}{\376\377\0002\000.\0003\000.\0002\000.\0001\0009\000\040\000p\000r\000i\000n\000t\000\137\000r\000e\000g\000i\000s\000t\000e\000r\000s\000\050\000\051}{subsection.2.3.2}% 48
\BOOKMARK [3][-]{subsubsection.2.3.2.20}{\376\377\0002\000.\0003\000.\0002\000.\0002\0000\000\040\000r\000e\000a\000d\000\137\000s\000e\000r\000i\000a\000l\000\137\000i\000n\000p\000u\000t\000\050\000\051}{subsection.2.3.2}% 49
\BOOKMARK [2][-]{subsection.2.3.3}{\376\377\0002\000.\0003\000.\0003\000\040\000V\000a\000r\000i\000a\000b\000l\000e\000\040\000D\000o\000c\000u\000m\000e\000n\000t\000a\000t\000i\000o\000n}{section.2.3}% 50
\BOOKMARK [3][-]{subsubsection.2.3.3.1}{\376\377\0002\000.\0003\000.\0003\000.\0001\000\040\000p\000c}{subsection.2.3.3}% 51
\BOOKMARK [1][-]{section.2.4}{\376\377\0002\000.\0004\000\040\000s\000r\000c\000/\000m\000e\000m\000o\000r\000y\000.\000h\000\040\000F\000i\000l\000e\000\040\000R\000e\000f\000e\000r\000e\000n\000c\000e}{chapter.2}% 52
\BOOKMARK [2][-]{subsection.2.4.1}{\376\377\0002\000.\0004\000.\0001\000\040\000D\000e\000t\000a\000i\000l\000e\000d\000\040\000D\000e\000s\000c\000r\000i\000p\000t\000i\000o\000n}{section.2.4}% 53
\BOOKMARK [2][-]{subsection.2.4.2}{\376\377\0002\000.\0004\000.\0002\000\040\000F\000u\000n\000c\000t\000i\000o\000n\000\040\000D\000o\000c\000u\000m\000e\000n\000t\000a\000t\000i\000o\000n}{section.2.4}% 54
\BOOKMARK [3][-]{subsubsection.2.4.2.1}{\376\377\0002\000.\0004\000.\0002\000.\0001\000\040\000d\000i\000s\000p\000l\000a\000y\000\137\000l\000a\000s\000t\000\137\0001\0006\000\137\000s\000t\000a\000c\000k\000\137\000w\000o\000r\000d\000s\000\050\000\051}{subsection.2.4.2}% 55
\BOOKMARK [3][-]{subsubsection.2.4.2.2}{\376\377\0002\000.\0004\000.\0002\000.\0002\000\040\000d\000u\000m\000p\000\137\000m\000e\000m\000o\000r\000y\000\050\000\051}{subsection.2.4.2}% 56
\BOOKMARK [3][-]{subsubsection.2.4.2.3}{\376\377\0002\000.\0004\000.\0002\000.\0003\000\040\000p\000r\000i\000n\000t\000\137\000r\000e\000g\000i\000s\000t\000e\000r\000s\000\050\000\051}{subsection.2.4.2}% 57
\BOOKMARK [3][-]{subsubsection.2.4.2.4}{\376\377\0002\000.\0004\000.\0002\000.\0004\000\040\000r\000e\000a\000d\000\137\000s\000e\000r\000i\000a\000l\000\137\000i\000n\000p\000u\000t\000\050\000\051}{subsection.2.4.2}% 58
\BOOKMARK [1][-]{section.2.5}{\376\377\0002\000.\0005\000\040\000m\000e\000m\000o\000r\000y\000.\000h}{chapter.2}% 59
\BOOKMARK [1][-]{section.2.6}{\376\377\0002\000.\0006\000\040\000s\000r\000c\000/\000M\000o\000n\000i\000t\000o\000r\000.\000c\000p\000p\000\040\000F\000i\000l\000e\000\040\000R\000e\000f\000e\000r\000e\000n\000c\000e}{chapter.2}% 60
\BOOKMARK [2][-]{subsection.2.6.1}{\376\377\0002\000.\0006\000.\0001\000\040\000D\000e\000t\000a\000i\000l\000e\000d\000\040\000D\000e\000s\000c\000r\000i\000p\000t\000i\000o\000n}{section.2.6}% 61
\BOOKMARK [3][-]{subsubsection.2.6.1.1}{\376\377\0002\000.\0006\000.\0001\000.\0001\000\040\040\023\000\040\040\023}{subsection.2.6.1}% 62
\BOOKMARK [3][-]{subsubsection.2.6.1.2}{\376\377\0002\000.\0006\000.\0001\000.\0002\000\040\040\023\000\040\000D\000e\000s\000i\000g\000n\000e\000d\000\040\000f\000o\000r\000:\000\040\000U\000n\000i\000v\000e\000r\000s\000i\000t\000y\000\040\000o\000f\000\040\000C\000o\000l\000o\000r\000a\000d\000o\000\040\000a\000t\000\040\000B\000o\000u\000l\000d\000e\000r}{subsection.2.6.1}% 63
\BOOKMARK [3][-]{subsubsection.2.6.1.3}{\376\377\0002\000.\0006\000.\0001\000.\0003\000\040\040\023\000\040\000R\000e\000v\000i\000s\000e\000d\000\040\000b\000y\000:\000\040\000S\000t\000u\000d\000e\000n\000t\000'\000s\000\040\000n\000a\000m\000e}{subsection.2.6.1}% 64
\BOOKMARK [3][-]{subsubsection.2.6.1.4}{\376\377\0002\000.\0006\000.\0001\000.\0004\000\040\040\023\000\040\000S\000T\000\040\000N\000u\000c\000l\000e\000o\000\040\000S\000T\000M\0003\0002\000F\0004\0000\0001\000R\000E\000\040\000B\000o\000a\000r\000d}{subsection.2.6.1}% 65
\BOOKMARK [3][-]{subsubsection.2.6.1.5}{\376\377\0002\000.\0006\000.\0001\000.\0005\000\040\000F\000u\000n\000c\000t\000i\000o\000n\000a\000l\000\040\000D\000e\000s\000c\000r\000i\000p\000t\000i\000o\000n\000:\000\040\000S\000e\000e\000\040\000b\000e\000l\000o\000w}{subsection.2.6.1}% 66
\BOOKMARK [3][-]{subsubsection.2.6.1.6}{\376\377\0002\000.\0006\000.\0001\000.\0006\000\040\040\023\000\040\000C\000o\000p\000y\000r\000i\000g\000h\000t\000\040\000\050\000c\000\051\000\040\0002\0000\0001\0005\000,\000\040\0002\0000\0002\0002\000\040\000T\000i\000m\000\040\000S\000c\000h\000e\000r\000r\000\040\000A\000l\000l\000\040\000r\000i\000g\000h\000t\000s\000\040\000r\000e\000s\000e\000r\000v\000e\000d\000.}{subsection.2.6.1}% 67
\BOOKMARK [2][-]{subsection.2.6.2}{\376\377\0002\000.\0006\000.\0002\000\040\000F\000u\000n\000c\000t\000i\000o\000n\000\040\000D\000o\000c\000u\000m\000e\000n\000t\000a\000t\000i\000o\000n}{section.2.6}% 68
\BOOKMARK [3][-]{subsubsection.2.6.2.1}{\376\377\0002\000.\0006\000.\0002\000.\0001\000\040\000c\000h\000k\000\137\000U\000A\000R\000T\000\137\000m\000s\000g\000\050\000\051}{subsection.2.6.2}% 69
\BOOKMARK [3][-]{subsubsection.2.6.2.2}{\376\377\0002\000.\0006\000.\0002\000.\0002\000\040\000i\000s\000\137\000h\000e\000x\000\050\000\051}{subsection.2.6.2}% 70
\BOOKMARK [3][-]{subsubsection.2.6.2.3}{\376\377\0002\000.\0006\000.\0002\000.\0003\000\040\000m\000o\000n\000i\000t\000o\000r\000\050\000\051}{subsection.2.6.2}% 71
\BOOKMARK [3][-]{subsubsection.2.6.2.4}{\376\377\0002\000.\0006\000.\0002\000.\0004\000\040\000s\000e\000t\000\137\000d\000i\000s\000p\000l\000a\000y\000\137\000m\000o\000d\000e\000\050\000\051}{subsection.2.6.2}% 72
\BOOKMARK [3][-]{subsubsection.2.6.2.5}{\376\377\0002\000.\0006\000.\0002\000.\0005\000\040\000U\000A\000R\000T\000\137\000m\000s\000g\000\137\000p\000r\000o\000c\000e\000s\000s\000\050\000\051}{subsection.2.6.2}% 73
\BOOKMARK [1][-]{section.2.7}{\376\377\0002\000.\0007\000\040\000s\000r\000c\000/\000N\000H\000D\000\137\0000\0002\0001\0006\000H\000Z\000.\000c\000p\000p\000\040\000F\000i\000l\000e\000\040\000R\000e\000f\000e\000r\000e\000n\000c\000e}{chapter.2}% 74
\BOOKMARK [1][-]{section.2.8}{\376\377\0002\000.\0008\000\040\000s\000r\000c\000/\000s\000h\000a\000r\000e\000d\000.\000h\000\040\000F\000i\000l\000e\000\040\000R\000e\000f\000e\000r\000e\000n\000c\000e}{chapter.2}% 75
\BOOKMARK [2][-]{subsection.2.8.1}{\376\377\0002\000.\0008\000.\0001\000\040\000D\000e\000t\000a\000i\000l\000e\000d\000\040\000D\000e\000s\000c\000r\000i\000p\000t\000i\000o\000n}{section.2.8}% 76
\BOOKMARK [3][-]{subsubsection.2.8.1.1}{\376\377\0002\000.\0008\000.\0001\000.\0001\000\040\040\023\000\040\040\023}{subsection.2.8.1}% 77
\BOOKMARK [3][-]{subsubsection.2.8.1.2}{\376\377\0002\000.\0008\000.\0001\000.\0002\000\040\040\023\000\040\000D\000e\000s\000i\000g\000n\000e\000d\000\040\000f\000o\000r\000:\000\040\000U\000n\000i\000v\000e\000r\000s\000i\000t\000y\000\040\000o\000f\000\040\000C\000o\000l\000o\000r\000a\000d\000o\000\040\000a\000t\000\040\000B\000o\000u\000l\000d\000e\000r}{subsection.2.8.1}% 78
\BOOKMARK [3][-]{subsubsection.2.8.1.3}{\376\377\0002\000.\0008\000.\0001\000.\0003\000\040\040\023\000\040\000R\000e\000v\000i\000s\000e\000d\000\040\000b\000y\000:\000\040\000S\000t\000u\000d\000e\000n\000t\000'\000s\000\040\000n\000a\000m\000e}{subsection.2.8.1}% 79
\BOOKMARK [3][-]{subsubsection.2.8.1.4}{\376\377\0002\000.\0008\000.\0001\000.\0004\000\040\040\023\000\040\000S\000T\000\040\000N\000u\000c\000l\000e\000o\000\040\000S\000T\000M\0003\0002\000F\0004\0000\0001\000R\000E\000\040\000B\000o\000a\000r\000d}{subsection.2.8.1}% 80
\BOOKMARK [3][-]{subsubsection.2.8.1.5}{\376\377\0002\000.\0008\000.\0001\000.\0005\000\040\040\023\000\040\000F\000u\000n\000c\000t\000i\000o\000n\000a\000l\000\040\000D\000e\000s\000c\000r\000i\000p\000t\000i\000o\000n\000:\000\040\000H\000e\000a\000d\000e\000r\000\040\000f\000i\000l\000e\000\040\000f\000o\000r\000\040\000a\000l\000l\000\040\000g\000l\000o\000b\000a\000l\000s}{subsection.2.8.1}% 81
\BOOKMARK [3][-]{subsubsection.2.8.1.6}{\376\377\0002\000.\0008\000.\0001\000.\0006\000\040\040\023\000\040\000C\000o\000p\000y\000r\000i\000g\000h\000t\000\040\000\050\000c\000\051\000\040\0002\0000\0001\0005\000,\000\040\0002\0000\0002\0002\000\040\000T\000i\000m\000\040\000S\000c\000h\000e\000r\000r\000\040\000A\000l\000l\000\040\000r\000i\000g\000h\000t\000s\000\040\000r\000e\000s\000e\000r\000v\000e\000d\000.}{subsection.2.8.1}% 82
\BOOKMARK [2][-]{subsection.2.8.2}{\376\377\0002\000.\0008\000.\0002\000\040\000M\000a\000c\000r\000o\000\040\000D\000e\000f\000i\000n\000i\000t\000i\000o\000n\000\040\000D\000o\000c\000u\000m\000e\000n\000t\000a\000t\000i\000o\000n}{section.2.8}% 83
\BOOKMARK [3][-]{subsubsection.2.8.2.1}{\376\377\0002\000.\0008\000.\0002\000.\0001\000\040\000C\000L\000O\000C\000K\000\137\000F\000R\000E\000Q\000U\000E\000N\000C\000Y\000\137\000M\000H\000Z}{subsection.2.8.2}% 84
\BOOKMARK [3][-]{subsubsection.2.8.2.2}{\376\377\0002\000.\0008\000.\0002\000.\0002\000\040\000C\000O\000D\000E\000\137\000V\000E\000R\000S\000I\000O\000N}{subsection.2.8.2}% 85
\BOOKMARK [3][-]{subsubsection.2.8.2.3}{\376\377\0002\000.\0008\000.\0002\000.\0003\000\040\000C\000O\000P\000Y\000R\000I\000G\000H\000T}{subsection.2.8.2}% 86
\BOOKMARK [3][-]{subsubsection.2.8.2.4}{\376\377\0002\000.\0008\000.\0002\000.\0004\000\040\000L\000E\000D\000\137\000F\000L\000A\000S\000H\000\137\000P\000E\000R\000I\000O\000D}{subsection.2.8.2}% 87
\BOOKMARK [3][-]{subsubsection.2.8.2.5}{\376\377\0002\000.\0008\000.\0002\000.\0005\000\040\000M\000S\000G\000\137\000B\000U\000F\000\137\000S\000I\000Z\000E}{subsection.2.8.2}% 88
\BOOKMARK [3][-]{subsubsection.2.8.2.6}{\376\377\0002\000.\0008\000.\0002\000.\0006\000\040\000N\000O}{subsection.2.8.2}% 89
\BOOKMARK [3][-]{subsubsection.2.8.2.7}{\376\377\0002\000.\0008\000.\0002\000.\0007\000\040\000O\000F\000F}{subsection.2.8.2}% 90
\BOOKMARK [3][-]{subsubsection.2.8.2.8}{\376\377\0002\000.\0008\000.\0002\000.\0008\000\040\000O\000N}{subsection.2.8.2}% 91
\BOOKMARK [3][-]{subsubsection.2.8.2.9}{\376\377\0002\000.\0008\000.\0002\000.\0009\000\040\000R\000X\000\137\000B\000U\000F\000\137\000S\000I\000Z\000E}{subsection.2.8.2}% 92
\BOOKMARK [3][-]{subsubsection.2.8.2.10}{\376\377\0002\000.\0008\000.\0002\000.\0001\0000\000\040\000S\000E\000C}{subsection.2.8.2}% 93
\BOOKMARK [3][-]{subsubsection.2.8.2.11}{\376\377\0002\000.\0008\000.\0002\000.\0001\0001\000\040\000T\0001\0000\0000\000M\000S}{subsection.2.8.2}% 94
\BOOKMARK [3][-]{subsubsection.2.8.2.12}{\376\377\0002\000.\0008\000.\0002\000.\0001\0002\000\040\000T\0002\000S}{subsection.2.8.2}% 95
\BOOKMARK [3][-]{subsubsection.2.8.2.13}{\376\377\0002\000.\0008\000.\0002\000.\0001\0003\000\040\000T\000E\000N}{subsection.2.8.2}% 96
\BOOKMARK [3][-]{subsubsection.2.8.2.14}{\376\377\0002\000.\0008\000.\0002\000.\0001\0004\000\040\000T\000I\000M\000E\000R\0000}{subsection.2.8.2}% 97
\BOOKMARK [3][-]{subsubsection.2.8.2.15}{\376\377\0002\000.\0008\000.\0002\000.\0001\0005\000\040\000T\000X\000\137\000B\000U\000F\000\137\000S\000I\000Z\000E}{subsection.2.8.2}% 98
\BOOKMARK [3][-]{subsubsection.2.8.2.16}{\376\377\0002\000.\0008\000.\0002\000.\0001\0006\000\040\000Y\000E\000S}{subsection.2.8.2}% 99
\BOOKMARK [2][-]{subsection.2.8.3}{\376\377\0002\000.\0008\000.\0003\000\040\000T\000y\000p\000e\000d\000e\000f\000\040\000D\000o\000c\000u\000m\000e\000n\000t\000a\000t\000i\000o\000n}{section.2.8}% 100
\BOOKMARK [3][-]{subsubsection.2.8.3.1}{\376\377\0002\000.\0008\000.\0003\000.\0001\000\040\000b\000i\000t}{subsection.2.8.3}% 101
\BOOKMARK [3][-]{subsubsection.2.8.3.2}{\376\377\0002\000.\0008\000.\0003\000.\0002\000\040\000u\000c\000h\000a\000r\0008\000\137\000t}{subsection.2.8.3}% 102
\BOOKMARK [3][-]{subsubsection.2.8.3.3}{\376\377\0002\000.\0008\000.\0003\000.\0003\000\040\000u\000i\000n\000t\0001\0006\000\137\000t}{subsection.2.8.3}% 103
\BOOKMARK [3][-]{subsubsection.2.8.3.4}{\376\377\0002\000.\0008\000.\0003\000.\0004\000\040\000u\000i\000n\000t\0003\0002\000\137\000t}{subsection.2.8.3}% 104
\BOOKMARK [2][-]{subsection.2.8.4}{\376\377\0002\000.\0008\000.\0004\000\040\000E\000n\000u\000m\000e\000r\000a\000t\000i\000o\000n\000\040\000T\000y\000p\000e\000\040\000D\000o\000c\000u\000m\000e\000n\000t\000a\000t\000i\000o\000n}{section.2.8}% 105
\BOOKMARK [3][-]{subsubsection.2.8.4.1}{\376\377\0002\000.\0008\000.\0004\000.\0001\000\040\000b\000o\000o\000l\000e\000a\000n}{subsection.2.8.4}% 106
\BOOKMARK [3][-]{subsubsection.2.8.4.2}{\376\377\0002\000.\0008\000.\0004\000.\0002\000\040\000d\000m\000o\000d\000e}{subsection.2.8.4}% 107
\BOOKMARK [2][-]{subsection.2.8.5}{\376\377\0002\000.\0008\000.\0005\000\040\000F\000u\000n\000c\000t\000i\000o\000n\000\040\000D\000o\000c\000u\000m\000e\000n\000t\000a\000t\000i\000o\000n}{section.2.8}% 108
\BOOKMARK [3][-]{subsubsection.2.8.5.1}{\376\377\0002\000.\0008\000.\0005\000.\0001\000\040\000c\000h\000k\000\137\000U\000A\000R\000T\000\137\000m\000s\000g\000\050\000\051}{subsection.2.8.5}% 109
\BOOKMARK [3][-]{subsubsection.2.8.5.2}{\376\377\0002\000.\0008\000.\0005\000.\0002\000\040\000m\000o\000n\000i\000t\000o\000r\000\050\000\051}{subsection.2.8.5}% 110
\BOOKMARK [3][-]{subsubsection.2.8.5.3}{\376\377\0002\000.\0008\000.\0005\000.\0003\000\040\000s\000e\000r\000i\000a\000l\000\050\000\051}{subsection.2.8.5}% 111
\BOOKMARK [3][-]{subsubsection.2.8.5.4}{\376\377\0002\000.\0008\000.\0005\000.\0004\000\040\000s\000e\000t\000\137\000d\000i\000s\000p\000l\000a\000y\000\137\000m\000o\000d\000e\000\050\000\051}{subsection.2.8.5}% 112
\BOOKMARK [3][-]{subsubsection.2.8.5.5}{\376\377\0002\000.\0008\000.\0005\000.\0005\000\040\000s\000t\000a\000t\000u\000s\000\137\000r\000e\000p\000o\000r\000t\000\050\000\051}{subsection.2.8.5}% 113
\BOOKMARK [3][-]{subsubsection.2.8.5.6}{\376\377\0002\000.\0008\000.\0005\000.\0006\000\040\000t\000i\000m\000e\000r\0000\000\050\000\051}{subsection.2.8.5}% 114
\BOOKMARK [3][-]{subsubsection.2.8.5.7}{\376\377\0002\000.\0008\000.\0005\000.\0007\000\040\000U\000A\000R\000T\000\137\000d\000i\000r\000e\000c\000t\000\137\000h\000e\000x\000\137\000p\000u\000t\000\050\000\051}{subsection.2.8.5}% 115
\BOOKMARK [3][-]{subsubsection.2.8.5.8}{\376\377\0002\000.\0008\000.\0005\000.\0008\000\040\000U\000A\000R\000T\000\137\000d\000i\000r\000e\000c\000t\000\137\000m\000s\000g\000\137\000p\000u\000t\000\050\000\051}{subsection.2.8.5}% 116
\BOOKMARK [3][-]{subsubsection.2.8.5.9}{\376\377\0002\000.\0008\000.\0005\000.\0009\000\040\000U\000A\000R\000T\000\137\000d\000i\000r\000e\000c\000t\000\137\000p\000u\000t\000\050\000\051}{subsection.2.8.5}% 117
\BOOKMARK [3][-]{subsubsection.2.8.5.10}{\376\377\0002\000.\0008\000.\0005\000.\0001\0000\000\040\000U\000A\000R\000T\000\137\000g\000e\000t\000\050\000\051}{subsection.2.8.5}% 118
\BOOKMARK [3][-]{subsubsection.2.8.5.11}{\376\377\0002\000.\0008\000.\0005\000.\0001\0001\000\040\000U\000A\000R\000T\000\137\000h\000e\000x\000\137\000p\000u\000t\000\050\000\051}{subsection.2.8.5}% 119
\BOOKMARK [3][-]{subsubsection.2.8.5.12}{\376\377\0002\000.\0008\000.\0005\000.\0001\0002\000\040\000U\000A\000R\000T\000\137\000h\000i\000g\000h\000\137\000n\000i\000b\000b\000l\000e\000\137\000p\000u\000t\000\050\000\051}{subsection.2.8.5}% 120
\BOOKMARK [3][-]{subsubsection.2.8.5.13}{\376\377\0002\000.\0008\000.\0005\000.\0001\0003\000\040\000U\000A\000R\000T\000\137\000i\000n\000p\000u\000t\000\050\000\051}{subsection.2.8.5}% 121
\BOOKMARK [3][-]{subsubsection.2.8.5.14}{\376\377\0002\000.\0008\000.\0005\000.\0001\0004\000\040\000U\000A\000R\000T\000\137\000l\000o\000w\000\137\000n\000i\000b\000b\000l\000e\000\137\000p\000u\000t\000\050\000\051}{subsection.2.8.5}% 122
\BOOKMARK [3][-]{subsubsection.2.8.5.15}{\376\377\0002\000.\0008\000.\0005\000.\0001\0005\000\040\000U\000A\000R\000T\000\137\000m\000s\000g\000\137\000p\000r\000o\000c\000e\000s\000s\000\050\000\051}{subsection.2.8.5}% 123
\BOOKMARK [3][-]{subsubsection.2.8.5.16}{\376\377\0002\000.\0008\000.\0005\000.\0001\0006\000\040\000U\000A\000R\000T\000\137\000m\000s\000g\000\137\000p\000u\000t\000\050\000\051}{subsection.2.8.5}% 124
\BOOKMARK [3][-]{subsubsection.2.8.5.17}{\376\377\0002\000.\0008\000.\0005\000.\0001\0007\000\040\000U\000A\000R\000T\000\137\000p\000u\000t\000\050\000\051}{subsection.2.8.5}% 125
\BOOKMARK [2][-]{subsection.2.8.6}{\376\377\0002\000.\0008\000.\0006\000\040\000V\000a\000r\000i\000a\000b\000l\000e\000\040\000D\000o\000c\000u\000m\000e\000n\000t\000a\000t\000i\000o\000n}{section.2.8}% 126
\BOOKMARK [3][-]{subsubsection.2.8.6.1}{\376\377\0002\000.\0008\000.\0006\000.\0001\000\040\000d\000i\000s\000p\000l\000a\000y\000\137\000f\000l\000a\000g}{subsection.2.8.6}% 127
\BOOKMARK [3][-]{subsubsection.2.8.6.2}{\376\377\0002\000.\0008\000.\0006\000.\0002\000\040\000d\000i\000s\000p\000l\000a\000y\000\137\000m\000o\000d\000e}{subsection.2.8.6}% 128
\BOOKMARK [3][-]{subsubsection.2.8.6.3}{\376\377\0002\000.\0008\000.\0006\000.\0003\000\040\000d\000i\000s\000p\000l\000a\000y\000\137\000t\000i\000m\000e\000r}{subsection.2.8.6}% 129
\BOOKMARK [3][-]{subsubsection.2.8.6.4}{\376\377\0002\000.\0008\000.\0006\000.\0004\000\040\000E\000r\000r\000o\000r\000\137\000s\000t\000a\000t\000u\000s}{subsection.2.8.6}% 130
\BOOKMARK [3][-]{subsubsection.2.8.6.5}{\376\377\0002\000.\0008\000.\0006\000.\0005\000\040\000m\000s\000g\000\137\000b\000u\000f}{subsection.2.8.6}% 131
\BOOKMARK [3][-]{subsubsection.2.8.6.6}{\376\377\0002\000.\0008\000.\0006\000.\0006\000\040\000m\000s\000g\000\137\000b\000u\000f\000\137\000i\000d\000x}{subsection.2.8.6}% 132
\BOOKMARK [3][-]{subsubsection.2.8.6.7}{\376\377\0002\000.\0008\000.\0006\000.\0007\000\040\000r\000x\000\137\000b\000u\000f}{subsection.2.8.6}% 133
\BOOKMARK [3][-]{subsubsection.2.8.6.8}{\376\377\0002\000.\0008\000.\0006\000.\0008\000\040\000r\000x\000\137\000i\000n\000\137\000p\000t\000r}{subsection.2.8.6}% 134
\BOOKMARK [3][-]{subsubsection.2.8.6.9}{\376\377\0002\000.\0008\000.\0006\000.\0009\000\040\000r\000x\000\137\000o\000u\000t\000\137\000p\000t\000r}{subsection.2.8.6}% 135
\BOOKMARK [3][-]{subsubsection.2.8.6.10}{\376\377\0002\000.\0008\000.\0006\000.\0001\0000\000\040\000s\000e\000r\000i\000a\000l\000\137\000f\000l\000a\000g}{subsection.2.8.6}% 136
\BOOKMARK [3][-]{subsubsection.2.8.6.11}{\376\377\0002\000.\0008\000.\0006\000.\0001\0001\000\040\000s\000w\000t\000i\000m\000e\000r\0000}{subsection.2.8.6}% 137
\BOOKMARK [3][-]{subsubsection.2.8.6.12}{\376\377\0002\000.\0008\000.\0006\000.\0001\0002\000\040\000s\000w\000t\000i\000m\000e\000r\0001}{subsection.2.8.6}% 138
\BOOKMARK [3][-]{subsubsection.2.8.6.13}{\376\377\0002\000.\0008\000.\0006\000.\0001\0003\000\040\000s\000w\000t\000i\000m\000e\000r\0002}{subsection.2.8.6}% 139
\BOOKMARK [3][-]{subsubsection.2.8.6.14}{\376\377\0002\000.\0008\000.\0006\000.\0001\0004\000\040\000s\000w\000t\000i\000m\000e\000r\0003}{subsection.2.8.6}% 140
\BOOKMARK [3][-]{subsubsection.2.8.6.15}{\376\377\0002\000.\0008\000.\0006\000.\0001\0005\000\040\000s\000w\000t\000i\000m\000e\000r\0004}{subsection.2.8.6}% 141
\BOOKMARK [3][-]{subsubsection.2.8.6.16}{\376\377\0002\000.\0008\000.\0006\000.\0001\0006\000\040\000s\000w\000t\000i\000m\000e\000r\0005}{subsection.2.8.6}% 142
\BOOKMARK [3][-]{subsubsection.2.8.6.17}{\376\377\0002\000.\0008\000.\0006\000.\0001\0007\000\040\000s\000w\000t\000i\000m\000e\000r\0006}{subsection.2.8.6}% 143
\BOOKMARK [3][-]{subsubsection.2.8.6.18}{\376\377\0002\000.\0008\000.\0006\000.\0001\0008\000\040\000s\000w\000t\000i\000m\000e\000r\0007}{subsection.2.8.6}% 144
\BOOKMARK [3][-]{subsubsection.2.8.6.19}{\376\377\0002\000.\0008\000.\0006\000.\0001\0009\000\040\000t\000x\000\137\000b\000u\000f}{subsection.2.8.6}% 145
\BOOKMARK [3][-]{subsubsection.2.8.6.20}{\376\377\0002\000.\0008\000.\0006\000.\0002\0000\000\040\000t\000x\000\137\000i\000n\000\137\000p\000r\000o\000g\000r\000e\000s\000s}{subsection.2.8.6}% 146
\BOOKMARK [3][-]{subsubsection.2.8.6.21}{\376\377\0002\000.\0008\000.\0006\000.\0002\0001\000\040\000t\000x\000\137\000i\000n\000\137\000p\000t\000r}{subsection.2.8.6}% 147
\BOOKMARK [3][-]{subsubsection.2.8.6.22}{\376\377\0002\000.\0008\000.\0006\000.\0002\0002\000\040\000t\000x\000\137\000o\000u\000t\000\137\000p\000t\000r}{subsection.2.8.6}% 148
\BOOKMARK [1][-]{section.2.9}{\376\377\0002\000.\0009\000\040\000s\000h\000a\000r\000e\000d\000.\000h}{chapter.2}% 149
\BOOKMARK [1][-]{section.2.10}{\376\377\0002\000.\0001\0000\000\040\000s\000r\000c\000/\000t\000i\000m\000e\000r\0000\000.\000c\000p\000p\000\040\000F\000i\000l\000e\000\040\000R\000e\000f\000e\000r\000e\000n\000c\000e}{chapter.2}% 150
\BOOKMARK [2][-]{subsection.2.10.1}{\376\377\0002\000.\0001\0000\000.\0001\000\040\000M\000a\000c\000r\000o\000\040\000D\000e\000f\000i\000n\000i\000t\000i\000o\000n\000\040\000D\000o\000c\000u\000m\000e\000n\000t\000a\000t\000i\000o\000n}{section.2.10}% 151
\BOOKMARK [3][-]{subsubsection.2.10.1.1}{\376\377\0002\000.\0001\0000\000.\0001\000.\0001\000\040\000S\000y\000s\000t\000e\000m}{subsection.2.10.1}% 152
\BOOKMARK [3][-]{subsubsection.2.10.1.2}{\376\377\0002\000.\0001\0000\000.\0001\000.\0002\000\040\040\023\000\040\040\023}{subsection.2.10.1}% 153
\BOOKMARK [3][-]{subsubsection.2.10.1.3}{\376\377\0002\000.\0001\0000\000.\0001\000.\0003\000\040\040\023\000\040\000D\000e\000s\000i\000g\000n\000e\000d\000\040\000f\000o\000r\000:\000\040\000U\000n\000i\000v\000e\000r\000s\000i\000t\000y\000\040\000o\000f\000\040\000C\000o\000l\000o\000r\000a\000d\000o\000\040\000a\000t\000\040\000B\000o\000u\000l\000d\000e\000r}{subsection.2.10.1}% 154
\BOOKMARK [3][-]{subsubsection.2.10.1.4}{\376\377\0002\000.\0001\0000\000.\0001\000.\0004\000\040\040\023\000\040\000R\000e\000v\000i\000s\000e\000d\000\040\000b\000y\000:\000\040\000S\000t\000u\000d\000e\000n\000t\000'\000s\000\040\000n\000a\000m\000e}{subsection.2.10.1}% 155
\BOOKMARK [3][-]{subsubsection.2.10.1.5}{\376\377\0002\000.\0001\0000\000.\0001\000.\0005\000\040\040\023\000\040\000S\000T\000\040\000N\000u\000c\000l\000e\000o\000\040\000S\000T\000M\0003\0002\000F\0004\0000\0001\000R\000E\000\040\000B\000o\000a\000r\000d}{subsection.2.10.1}% 156
\BOOKMARK [2][-]{subsection.2.10.2}{\376\377\0002\000.\0001\0000\000.\0002\000\040\000T\000y\000p\000e\000d\000e\000f\000\040\000D\000o\000c\000u\000m\000e\000n\000t\000a\000t\000i\000o\000n}{section.2.10}% 157
\BOOKMARK [3][-]{subsubsection.2.10.2.1}{\376\377\0002\000.\0001\0000\000.\0002\000.\0001\000\040\000b\000i\000t}{subsection.2.10.2}% 158
\BOOKMARK [3][-]{subsubsection.2.10.2.2}{\376\377\0002\000.\0001\0000\000.\0002\000.\0002\000\040\000u\000c\000h\000a\000r\0008\000\137\000t}{subsection.2.10.2}% 159
\BOOKMARK [3][-]{subsubsection.2.10.2.3}{\376\377\0002\000.\0001\0000\000.\0002\000.\0003\000\040\000u\000i\000n\000t\0001\0006\000\137\000t}{subsection.2.10.2}% 160
\BOOKMARK [3][-]{subsubsection.2.10.2.4}{\376\377\0002\000.\0001\0000\000.\0002\000.\0004\000\040\000u\000i\000n\000t\0003\0002\000\137\000t}{subsection.2.10.2}% 161
\BOOKMARK [2][-]{subsection.2.10.3}{\376\377\0002\000.\0001\0000\000.\0003\000\040\000F\000u\000n\000c\000t\000i\000o\000n\000\040\000D\000o\000c\000u\000m\000e\000n\000t\000a\000t\000i\000o\000n}{section.2.10}% 162
\BOOKMARK [3][-]{subsubsection.2.10.3.1}{\376\377\0002\000.\0001\0000\000.\0003\000.\0001\000\040\000r\000e\000d\000L\000E\000D\000\050\000\051}{subsection.2.10.3}% 163
\BOOKMARK [3][-]{subsubsection.2.10.3.2}{\376\377\0002\000.\0001\0000\000.\0003\000.\0002\000\040\000t\000i\000m\000e\000r\0000\000\050\000\051}{subsection.2.10.3}% 164
\BOOKMARK [3][-]{subsubsection.2.10.3.3}{\376\377\0002\000.\0001\0000\000.\0003\000.\0003\000\040\000t\000o\000g\000g\000l\000e\000R\000e\000d\000L\000E\000D\000\050\000\051}{subsection.2.10.3}% 165
\BOOKMARK [2][-]{subsection.2.10.4}{\376\377\0002\000.\0001\0000\000.\0004\000\040\000V\000a\000r\000i\000a\000b\000l\000e\000\040\000D\000o\000c\000u\000m\000e\000n\000t\000a\000t\000i\000o\000n}{section.2.10}% 166
\BOOKMARK [3][-]{subsubsection.2.10.4.1}{\376\377\0002\000.\0001\0000\000.\0004\000.\0001\000\040\000c\000o\000u\000n\000t\0003\0000\000s}{subsection.2.10.4}% 167
\BOOKMARK [3][-]{subsubsection.2.10.4.2}{\376\377\0002\000.\0001\0000\000.\0004\000.\0002\000\040\000c\000u\000s\000t\000o\000m\000\137\000t\000i\000m\000e\000r}{subsection.2.10.4}% 168
\BOOKMARK [3][-]{subsubsection.2.10.4.3}{\376\377\0002\000.\0001\0000\000.\0004\000.\0003\000\040\000d\000i\000s\000p\000l\000a\000y\000\137\000f\000l\000a\000g}{subsection.2.10.4}% 169
\BOOKMARK [3][-]{subsubsection.2.10.4.4}{\376\377\0002\000.\0001\0000\000.\0004\000.\0004\000\040\000d\000i\000s\000p\000l\000a\000y\000\137\000t\000i\000m\000e\000r}{subsection.2.10.4}% 170
\BOOKMARK [3][-]{subsubsection.2.10.4.5}{\376\377\0002\000.\0001\0000\000.\0004\000.\0005\000\040\000p\000c}{subsection.2.10.4}% 171
\BOOKMARK [3][-]{subsubsection.2.10.4.6}{\376\377\0002\000.\0001\0000\000.\0004\000.\0006\000\040\000r\000e\000d\000L\000E\000D\000T\000i\000c\000k\000C\000o\000u\000n\000t\000e\000r}{subsection.2.10.4}% 172
\BOOKMARK [3][-]{subsubsection.2.10.4.7}{\376\377\0002\000.\0001\0000\000.\0004\000.\0007\000\040\000s\000w\000t\000i\000m\000e\000r\0000}{subsection.2.10.4}% 173
\BOOKMARK [3][-]{subsubsection.2.10.4.8}{\376\377\0002\000.\0001\0000\000.\0004\000.\0008\000\040\000s\000w\000t\000i\000m\000e\000r\0001}{subsection.2.10.4}% 174
\BOOKMARK [3][-]{subsubsection.2.10.4.9}{\376\377\0002\000.\0001\0000\000.\0004\000.\0009\000\040\000s\000w\000t\000i\000m\000e\000r\0002}{subsection.2.10.4}% 175
\BOOKMARK [3][-]{subsubsection.2.10.4.10}{\376\377\0002\000.\0001\0000\000.\0004\000.\0001\0000\000\040\000s\000w\000t\000i\000m\000e\000r\0003}{subsection.2.10.4}% 176
\BOOKMARK [3][-]{subsubsection.2.10.4.11}{\376\377\0002\000.\0001\0000\000.\0004\000.\0001\0001\000\040\000s\000w\000t\000i\000m\000e\000r\0004}{subsection.2.10.4}% 177
\BOOKMARK [3][-]{subsubsection.2.10.4.12}{\376\377\0002\000.\0001\0000\000.\0004\000.\0001\0002\000\040\000s\000w\000t\000i\000m\000e\000r\0005}{subsection.2.10.4}% 178
\BOOKMARK [3][-]{subsubsection.2.10.4.13}{\376\377\0002\000.\0001\0000\000.\0004\000.\0001\0003\000\040\000s\000w\000t\000i\000m\000e\000r\0006}{subsection.2.10.4}% 179
\BOOKMARK [3][-]{subsubsection.2.10.4.14}{\376\377\0002\000.\0001\0000\000.\0004\000.\0001\0004\000\040\000s\000w\000t\000i\000m\000e\000r\0007}{subsection.2.10.4}% 180
\BOOKMARK [3][-]{subsubsection.2.10.4.15}{\376\377\0002\000.\0001\0000\000.\0004\000.\0001\0005\000\040\000S\000w\000T\000i\000m\000e\000r\000I\000s\000r\000C\000o\000u\000n\000t\000e\000r}{subsection.2.10.4}% 181
\BOOKMARK [1][-]{section.2.11}{\376\377\0002\000.\0001\0001\000\040\000s\000r\000c\000/\000U\000A\000R\000T\000\137\000p\000o\000l\000l\000.\000c\000p\000p\000\040\000F\000i\000l\000e\000\040\000R\000e\000f\000e\000r\000e\000n\000c\000e}{chapter.2}% 182
\BOOKMARK [2][-]{subsection.2.11.1}{\376\377\0002\000.\0001\0001\000.\0001\000\040\000D\000e\000t\000a\000i\000l\000e\000d\000\040\000D\000e\000s\000c\000r\000i\000p\000t\000i\000o\000n}{section.2.11}% 183
\BOOKMARK [3][-]{subsubsection.2.11.1.1}{\376\377\0002\000.\0001\0001\000.\0001\000.\0001\000\040\040\023\000\040\040\023}{subsection.2.11.1}% 184
\BOOKMARK [3][-]{subsubsection.2.11.1.2}{\376\377\0002\000.\0001\0001\000.\0001\000.\0002\000\040\040\023\000\040\000D\000e\000s\000i\000g\000n\000e\000d\000\040\000f\000o\000r\000:\000\040\000U\000n\000i\000v\000e\000r\000s\000i\000t\000y\000\040\000o\000f\000\040\000C\000o\000l\000o\000r\000a\000d\000o\000\040\000a\000t\000\040\000B\000o\000u\000l\000d\000e\000r}{subsection.2.11.1}% 185
\BOOKMARK [3][-]{subsubsection.2.11.1.3}{\376\377\0002\000.\0001\0001\000.\0001\000.\0003\000\040\040\023\000\040\000R\000e\000v\000i\000s\000e\000d\000\040\000b\000y\000:\000\040\000S\000t\000u\000d\000e\000n\000t\000'\000s\000\040\000n\000a\000m\000e}{subsection.2.11.1}% 186
\BOOKMARK [3][-]{subsubsection.2.11.1.4}{\376\377\0002\000.\0001\0001\000.\0001\000.\0004\000\040\040\023\000\040\000S\000T\000\040\000N\000u\000c\000l\000e\000o\000\040\000S\000T\000M\0003\0002\000F\0004\0000\0001\000R\000E\000\040\000B\000o\000a\000r\000d}{subsection.2.11.1}% 187
\BOOKMARK [3][-]{subsubsection.2.11.1.5}{\376\377\0002\000.\0001\0001\000.\0001\000.\0005\000\040\040\023\000\040\000U\000A\000R\000T\000\137\000h\000e\000x\000\137\000p\000u\000t\000\050\000\051\000\040\000-\000\040\000a\000\040\000r\000o\000u\000t\000i\000n\000e\000\040\000t\000h\000a\000t\000\040\000p\000u\000t\000s\000\040\000a\000\040\000h\000e\000x\000\040\000b\000y\000t\000e\000\040\000i\000n\000\040\000t\000h\000e\000\040\000t\000r\000a\000n\000s\000m\000i\000t\000\040\000b\000u\000f\000f\000e\000r}{subsection.2.11.1}% 188
\BOOKMARK [3][-]{subsubsection.2.11.1.6}{\376\377\0002\000.\0001\0001\000.\0001\000.\0006\000\040\040\023\000\040\000C\000o\000p\000y\000r\000i\000g\000h\000t\000\040\000\050\000c\000\051\000\040\0002\0000\0001\0005\000,\000\040\0002\0000\0002\0002\000\040\000T\000i\000m\000\040\000S\000c\000h\000e\000r\000r\000\040\000A\000l\000l\000\040\000r\000i\000g\000h\000t\000s\000\040\000r\000e\000s\000e\000r\000v\000e\000d\000.}{subsection.2.11.1}% 189
\BOOKMARK [2][-]{subsection.2.11.2}{\376\377\0002\000.\0001\0001\000.\0002\000\040\000M\000a\000c\000r\000o\000\040\000D\000e\000f\000i\000n\000i\000t\000i\000o\000n\000\040\000D\000o\000c\000u\000m\000e\000n\000t\000a\000t\000i\000o\000n}{section.2.11}% 190
\BOOKMARK [3][-]{subsubsection.2.11.2.1}{\376\377\0002\000.\0001\0001\000.\0002\000.\0001\000\040\000C\000R\000E\000N}{subsection.2.11.2}% 191
\BOOKMARK [3][-]{subsubsection.2.11.2.2}{\376\377\0002\000.\0001\0001\000.\0002\000.\0002\000\040\000F\000E\000R\000R}{subsection.2.11.2}% 192
\BOOKMARK [3][-]{subsubsection.2.11.2.3}{\376\377\0002\000.\0001\0001\000.\0002\000.\0003\000\040\000O\000E\000R\000R}{subsection.2.11.2}% 193
\BOOKMARK [3][-]{subsubsection.2.11.2.4}{\376\377\0002\000.\0001\0001\000.\0002\000.\0004\000\040\000R\000C\000I\000F}{subsection.2.11.2}% 194
\BOOKMARK [3][-]{subsubsection.2.11.2.5}{\376\377\0002\000.\0001\0001\000.\0002\000.\0005\000\040\000R\000C\000R\000E\000G}{subsection.2.11.2}% 195
\BOOKMARK [3][-]{subsubsection.2.11.2.6}{\376\377\0002\000.\0001\0001\000.\0002\000.\0006\000\040\000T\000R\000M\000T}{subsection.2.11.2}% 196
\BOOKMARK [3][-]{subsubsection.2.11.2.7}{\376\377\0002\000.\0001\0001\000.\0002\000.\0007\000\040\000T\000X\000I\000F}{subsection.2.11.2}% 197
\BOOKMARK [3][-]{subsubsection.2.11.2.8}{\376\377\0002\000.\0001\0001\000.\0002\000.\0008\000\040\000T\000X\000R\000E\000G}{subsection.2.11.2}% 198
\BOOKMARK [2][-]{subsection.2.11.3}{\376\377\0002\000.\0001\0001\000.\0003\000\040\000F\000u\000n\000c\000t\000i\000o\000n\000\040\000D\000o\000c\000u\000m\000e\000n\000t\000a\000t\000i\000o\000n}{section.2.11}% 199
\BOOKMARK [3][-]{subsubsection.2.11.3.1}{\376\377\0002\000.\0001\0001\000.\0003\000.\0001\000\040\000a\000s\000c\000\137\000t\000o\000\137\000h\000e\000x\000\050\000\051}{subsection.2.11.3}% 200
\BOOKMARK [3][-]{subsubsection.2.11.3.2}{\376\377\0002\000.\0001\0001\000.\0003\000.\0002\000\040\000h\000e\000x\000\137\000t\000o\000\137\000a\000s\000c\000\050\000\051}{subsection.2.11.3}% 201
\BOOKMARK [3][-]{subsubsection.2.11.3.3}{\376\377\0002\000.\0001\0001\000.\0003\000.\0003\000\040\000s\000e\000r\000i\000a\000l\000\050\000\051}{subsection.2.11.3}% 202
\BOOKMARK [3][-]{subsubsection.2.11.3.4}{\376\377\0002\000.\0001\0001\000.\0003\000.\0004\000\040\000U\000A\000R\000T\000\137\000d\000i\000r\000e\000c\000t\000\137\000h\000e\000x\000\137\000p\000u\000t\000\050\000\051}{subsection.2.11.3}% 203
\BOOKMARK [3][-]{subsubsection.2.11.3.5}{\376\377\0002\000.\0001\0001\000.\0003\000.\0005\000\040\000U\000A\000R\000T\000\137\000d\000i\000r\000e\000c\000t\000\137\000m\000s\000g\000\137\000p\000u\000t\000\050\000\051}{subsection.2.11.3}% 204
\BOOKMARK [3][-]{subsubsection.2.11.3.6}{\376\377\0002\000.\0001\0001\000.\0003\000.\0006\000\040\000U\000A\000R\000T\000\137\000g\000e\000t\000\050\000\051}{subsection.2.11.3}% 205
\BOOKMARK [3][-]{subsubsection.2.11.3.7}{\376\377\0002\000.\0001\0001\000.\0003\000.\0007\000\040\000U\000A\000R\000T\000\137\000h\000e\000x\000\137\000p\000u\000t\000\050\000\051}{subsection.2.11.3}% 206
\BOOKMARK [3][-]{subsubsection.2.11.3.8}{\376\377\0002\000.\0001\0001\000.\0003\000.\0008\000\040\000U\000A\000R\000T\000\137\000i\000n\000p\000u\000t\000\050\000\051}{subsection.2.11.3}% 207
\BOOKMARK [3][-]{subsubsection.2.11.3.9}{\376\377\0002\000.\0001\0001\000.\0003\000.\0009\000\040\000U\000A\000R\000T\000\137\000m\000s\000g\000\137\000p\000u\000t\000\050\000\051}{subsection.2.11.3}% 208
\BOOKMARK [3][-]{subsubsection.2.11.3.10}{\376\377\0002\000.\0001\0001\000.\0003\000.\0001\0000\000\040\000U\000A\000R\000T\000\137\000p\000u\000t\000\050\000\051}{subsection.2.11.3}% 209
\BOOKMARK [2][-]{subsection.2.11.4}{\376\377\0002\000.\0001\0001\000.\0004\000\040\000V\000a\000r\000i\000a\000b\000l\000e\000\040\000D\000o\000c\000u\000m\000e\000n\000t\000a\000t\000i\000o\000n}{section.2.11}% 210
\BOOKMARK [3][-]{subsubsection.2.11.4.1}{\376\377\0002\000.\0001\0001\000.\0004\000.\0001\000\040\000e\000r\000r\000o\000r\000\137\000c\000o\000u\000n\000t}{subsection.2.11.4}% 211
\BOOKMARK [0][-]{section*.21}{\376\377\000I\000n\000d\000e\000x}{}% 212
