This is pdfTeX, Version 3.141592653-2.6-1.40.25 (MiKTeX 23.9) (preloaded format=pdflatex 2023.9.24)  25 SEP 2023 18:41
entering extended mode
 restricted \write18 enabled.
 %&-line parsing enabled.
**./refman.tex
(refman.tex
LaTeX2e <2023-06-01> patch level 1
L3 programming layer <2023-08-29>
(C:\Users\Kiran Windows\AppData\Local\Programs\MiKTeX\tex/latex/base\book.cls
Document Class: book 2023/05/17 v1.4n Standard LaTeX document class
(C:\Users\Kiran Windows\AppData\Local\Programs\MiKTeX\tex/latex/base\bk10.clo
File: bk10.clo 2023/05/17 v1.4n Standard LaTeX file (size option)
)
\c@part=\count185
\c@chapter=\count186
\c@section=\count187
\c@subsection=\count188
\c@subsubsection=\count189
\c@paragraph=\count190
\c@subparagraph=\count191
\c@figure=\count192
\c@table=\count193
\abovecaptionskip=\skip48
\belowcaptionskip=\skip49
\bibindent=\dimen140
)
(C:\Users\Kiran Windows\AppData\Local\Programs\MiKTeX\tex/latex/base\ifthen.sty
Package: ifthen 2022/04/13 v1.1d Standard LaTeX ifthen package (DPC)
)
(C:\Users\Kiran Windows\AppData\Local\Programs\MiKTeX\tex/latex/tools\array.sty
Rollback for package 'array' requested -> date 2016-10-06.
         Best approximation is the release introduced on 2016-10-06.

(C:\Users\Kiran Windows\AppData\Local\Programs\MiKTeX\tex/latex/tools\array-201
6-10-06.sty
Package: array 2016/10/06 v2.4d Tabular extension package (FMi)
\col@sep=\dimen141
\extrarowheight=\dimen142
\NC@list=\toks17
\extratabsurround=\skip50
\backup@length=\skip51
))
(C:\Users\Kiran Windows\AppData\Local\Programs\MiKTeX\tex/generic/infwarerr\inf
warerr.sty
package info suppressed
) (doxygen.sty
Package: doxygen 

(C:\Users\Kiran Windows\AppData\Local\Programs\MiKTeX\tex/latex/base\alltt.sty
Package: alltt 2021/01/29 v2.0g defines alltt environment
) (C:\Users\Kiran Windows\AppData\Local\Programs\MiKTeX\tex/latex/tools\calc.st
y
Package: calc 2017/05/25 v4.3 Infix arithmetic (KKT,FJ)
\calc@Acount=\count194
\calc@Bcount=\count195
\calc@Adimen=\dimen143
\calc@Bdimen=\dimen144
\calc@Askip=\skip52
\calc@Bskip=\skip53
LaTeX Info: Redefining \setlength on input line 80.
LaTeX Info: Redefining \addtolength on input line 81.
\calc@Ccount=\count196
\calc@Cskip=\skip54
)
(C:\Users\Kiran Windows\AppData\Local\Programs\MiKTeX\tex/latex/float\float.sty
Package: float 2001/11/08 v1.3d Float enhancements (AL)
\c@float@type=\count197
\float@exts=\toks18
\float@box=\box51
\@float@everytoks=\toks19
\@floatcapt=\box52
)
(C:\Users\Kiran Windows\AppData\Local\Programs\MiKTeX\tex/latex/tools\verbatim.
sty
Package: verbatim 2022-07-02 v1.5u LaTeX2e package for verbatim enhancements
\every@verbatim=\toks20
\verbatim@line=\toks21
\verbatim@in@stream=\read2
)
(C:\Users\Kiran Windows\AppData\Local\Programs\MiKTeX\tex/latex/xcolor\xcolor.s
ty
Package: xcolor 2022/06/12 v2.14 LaTeX color extensions (UK)

(C:\Users\Kiran Windows\AppData\Local\Programs\MiKTeX\tex/latex/graphics-cfg\co
lor.cfg
File: color.cfg 2016/01/02 v1.6 sample color configuration
)
Package xcolor Info: Driver file: pdftex.def on input line 227.

(C:\Users\Kiran Windows\AppData\Local\Programs\MiKTeX\tex/latex/graphics-def\pd
ftex.def
File: pdftex.def 2022/09/22 v1.2b Graphics/color driver for pdftex
)
(C:\Users\Kiran Windows\AppData\Local\Programs\MiKTeX\tex/latex/colortbl\colort
bl.sty
Package: colortbl 2022/06/20 v1.0f Color table columns (DPC)
\everycr=\toks22
\minrowclearance=\skip55
\rownum=\count198
)
(C:\Users\Kiran Windows\AppData\Local\Programs\MiKTeX\tex/latex/graphics\mathco
lor.ltx)
Package xcolor Info: Model `cmy' substituted by `cmy0' on input line 1353.
Package xcolor Info: Model `hsb' substituted by `rgb' on input line 1357.
Package xcolor Info: Model `RGB' extended on input line 1369.
Package xcolor Info: Model `HTML' substituted by `rgb' on input line 1371.
Package xcolor Info: Model `Hsb' substituted by `hsb' on input line 1372.
Package xcolor Info: Model `tHsb' substituted by `hsb' on input line 1373.
Package xcolor Info: Model `HSB' substituted by `hsb' on input line 1374.
Package xcolor Info: Model `Gray' substituted by `gray' on input line 1375.
Package xcolor Info: Model `wave' substituted by `hsb' on input line 1376.
) (longtable_doxygen.sty
Package: longtable_doxygen 2014/10/28 v4.11 Multi-page Table package (DPC) - fr
ozen version for doxygen
\LTleft=\skip56
\LTright=\skip57
\LTpre=\skip58
\LTpost=\skip59
\LTchunksize=\count199
\LTcapwidth=\dimen145
\LT@head=\box53
\LT@firsthead=\box54
\LT@foot=\box55
\LT@lastfoot=\box56
\LT@cols=\count266
\LT@rows=\count267
\c@LT@tables=\count268
\c@LT@chunks=\count269
\LT@p@ftn=\toks23
) (tabu_doxygen.sty
Package: tabu_doxygen 2011/02/26 v2.8 - flexible LaTeX tabulars (FC), frozen ve
rsion for doxygen

(C:\Users\Kiran Windows\AppData\Local\Programs\MiKTeX\tex/latex/varwidth\varwid
th.sty
Package: varwidth 2009/03/30 ver 0.92;  Variable-width minipages
\@vwid@box=\box57
\sift@deathcycles=\count270
\@vwid@loff=\dimen146
\@vwid@roff=\dimen147
)
\c@taburow=\count271
\tabu@nbcols=\count272
\tabu@cnt=\count273
\tabu@Xcol=\count274
\tabu@alloc=\count275
\tabu@nested=\count276
\tabu@target=\dimen148
\tabu@spreadtarget=\dimen149
\tabu@naturalX=\dimen150
\tabucolX=\dimen151
\tabu@Xsum=\dimen152
\extrarowdepth=\dimen153
\abovetabulinesep=\dimen154
\belowtabulinesep=\dimen155
\tabustrutrule=\dimen156
\tabu@thebody=\toks24
\tabu@footnotes=\toks25
\tabu@box=\box58
\tabu@arstrutbox=\box59
\tabu@hleads=\box60
\tabu@vleads=\box61
\tabu@cellskip=\skip60
)
(C:\Users\Kiran Windows\AppData\Local\Programs\MiKTeX\tex/latex/fancyvrb\fancyv
rb.sty
Package: fancyvrb 2023/01/19 4.5a verbatim text (tvz,hv)

(C:\Users\Kiran Windows\AppData\Local\Programs\MiKTeX\tex/latex/graphics\keyval
.sty
Package: keyval 2022/05/29 v1.15 key=value parser (DPC)
\KV@toks@=\toks26
)
\FV@CodeLineNo=\count277
\FV@InFile=\read3
\FV@TabBox=\box62
\c@FancyVerbLine=\count278
\FV@StepNumber=\count279
\FV@OutFile=\write3
)
(C:\Users\Kiran Windows\AppData\Local\Programs\MiKTeX\tex/latex/tools\tabularx.
sty
Package: tabularx 2020/01/15 v2.11c `tabularx' package (DPC)
\TX@col@width=\dimen157
\TX@old@table=\dimen158
\TX@old@col=\dimen159
\TX@target=\dimen160
\TX@delta=\dimen161
\TX@cols=\count280
\TX@ftn=\toks27
)
(C:\Users\Kiran Windows\AppData\Local\Programs\MiKTeX\tex/latex/tools\multicol.
sty
Package: multicol 2023/03/30 v1.9f multicolumn formatting (FMi)
\c@tracingmulticols=\count281
\mult@box=\box63
\multicol@leftmargin=\dimen162
\c@unbalance=\count282
\c@collectmore=\count283
\doublecol@number=\count284
\multicoltolerance=\count285
\multicolpretolerance=\count286
\full@width=\dimen163
\page@free=\dimen164
\premulticols=\dimen165
\postmulticols=\dimen166
\multicolsep=\skip61
\multicolbaselineskip=\skip62
\partial@page=\box64
\last@line=\box65
\mc@boxedresult=\box66
\maxbalancingoverflow=\dimen167
\mult@rightbox=\box67
\mult@grightbox=\box68
\mult@firstbox=\box69
\mult@gfirstbox=\box70
\@tempa=\box71
\@tempa=\box72
\@tempa=\box73
\@tempa=\box74
\@tempa=\box75
\@tempa=\box76
\@tempa=\box77
\@tempa=\box78
\@tempa=\box79
\@tempa=\box80
\@tempa=\box81
\@tempa=\box82
\@tempa=\box83
\@tempa=\box84
\@tempa=\box85
\@tempa=\box86
\@tempa=\box87
\@tempa=\box88
\@tempa=\box89
\@tempa=\box90
\@tempa=\box91
\@tempa=\box92
\@tempa=\box93
\@tempa=\box94
\@tempa=\box95
\@tempa=\box96
\@tempa=\box97
\@tempa=\box98
\@tempa=\box99
\@tempa=\box100
\@tempa=\box101
\@tempa=\box102
\@tempa=\box103
\@tempa=\box104
\@tempa=\box105
\@tempa=\box106
\c@minrows=\count287
\c@columnbadness=\count288
\c@finalcolumnbadness=\count289
\last@try=\dimen168
\multicolovershoot=\dimen169
\multicolundershoot=\dimen170
\mult@nat@firstbox=\box107
\colbreak@box=\box108
\mc@col@check@num=\count290
)
(C:\Users\Kiran Windows\AppData\Local\Programs\MiKTeX\tex/latex/multirow\multir
ow.sty
Package: multirow 2021/03/15 v2.8 Span multiple rows of a table
\multirow@colwidth=\skip63
\multirow@cntb=\count291
\multirow@dima=\skip64
\bigstrutjot=\dimen171
)
(C:\Users\Kiran Windows\AppData\Local\Programs\MiKTeX\tex/latex/hanging\hanging
.sty
Package: hanging 2009/09/02 v1.2b hanging paragraphs and punctuation
\h@ngcommawd=\skip65
\h@ngfstopwd=\skip66
\h@ngquotewd=\skip67
\h@ngdquotewd=\skip68
\h@ngquerywd=\skip69
\h@ngexclwd=\skip70
\h@ngcolonwd=\skip71
\h@ngscolonwd=\skip72
)
(C:\Users\Kiran Windows\AppData\Local\Programs\MiKTeX\tex/generic/iftex\ifpdf.s
ty
Package: ifpdf 2019/10/25 v3.4 ifpdf legacy package. Use iftex instead.

(C:\Users\Kiran Windows\AppData\Local\Programs\MiKTeX\tex/generic/iftex\iftex.s
ty
Package: iftex 2022/02/03 v1.0f TeX engine tests
))
(C:\Users\Kiran Windows\AppData\Local\Programs\MiKTeX\tex/latex/adjustbox\adjus
tbox.sty
Package: adjustbox 2022/10/17 v1.3a Adjusting TeX boxes (trim, clip, ...)

(C:\Users\Kiran Windows\AppData\Local\Programs\MiKTeX\tex/latex/xkeyval\xkeyval
.sty
Package: xkeyval 2022/06/16 v2.9 package option processing (HA)

(C:\Users\Kiran Windows\AppData\Local\Programs\MiKTeX\tex/generic/xkeyval\xkeyv
al.tex
(C:\Users\Kiran Windows\AppData\Local\Programs\MiKTeX\tex/generic/xkeyval\xkvut
ils.tex
\XKV@toks=\toks28
\XKV@tempa@toks=\toks29
)
\XKV@depth=\count292
File: xkeyval.tex 2014/12/03 v2.7a key=value parser (HA)
))
(C:\Users\Kiran Windows\AppData\Local\Programs\MiKTeX\tex/latex/adjustbox\adjca
lc.sty
Package: adjcalc 2012/05/16 v1.1 Provides advanced setlength with multiple back
-ends (calc, etex, pgfmath)
)
(C:\Users\Kiran Windows\AppData\Local\Programs\MiKTeX\tex/latex/adjustbox\trimc
lip.sty
Package: trimclip 2020/08/19 v1.2 Trim and clip general TeX material

(C:\Users\Kiran Windows\AppData\Local\Programs\MiKTeX\tex/latex/graphics\graphi
cx.sty
Package: graphicx 2021/09/16 v1.2d Enhanced LaTeX Graphics (DPC,SPQR)

(C:\Users\Kiran Windows\AppData\Local\Programs\MiKTeX\tex/latex/graphics\graphi
cs.sty
Package: graphics 2022/03/10 v1.4e Standard LaTeX Graphics (DPC,SPQR)

(C:\Users\Kiran Windows\AppData\Local\Programs\MiKTeX\tex/latex/graphics\trig.s
ty
Package: trig 2021/08/11 v1.11 sin cos tan (DPC)
)
(C:\Users\Kiran Windows\AppData\Local\Programs\MiKTeX\tex/latex/graphics-cfg\gr
aphics.cfg
File: graphics.cfg 2016/06/04 v1.11 sample graphics configuration
)
Package graphics Info: Driver file: pdftex.def on input line 107.
)
\Gin@req@height=\dimen172
\Gin@req@width=\dimen173
)
(C:\Users\Kiran Windows\AppData\Local\Programs\MiKTeX\tex/latex/collectbox\coll
ectbox.sty
Package: collectbox 2022/10/17 v0.4c Collect macro arguments as boxes
\collectedbox=\box109
)
\tc@llx=\dimen174
\tc@lly=\dimen175
\tc@urx=\dimen176
\tc@ury=\dimen177
Package trimclip Info: Using driver 'tc-pdftex.def'.

(C:\Users\Kiran Windows\AppData\Local\Programs\MiKTeX\tex/latex/adjustbox\tc-pd
ftex.def
File: tc-pdftex.def 2019/01/04 v2.2 Clipping driver for pdftex
))
\adjbox@Width=\dimen178
\adjbox@Height=\dimen179
\adjbox@Depth=\dimen180
\adjbox@Totalheight=\dimen181
\adjbox@pwidth=\dimen182
\adjbox@pheight=\dimen183
\adjbox@pdepth=\dimen184
\adjbox@ptotalheight=\dimen185

(C:\Users\Kiran Windows\AppData\Local\Programs\MiKTeX\tex/latex/ifoddpage\ifodd
page.sty
Package: ifoddpage 2022/10/18 v1.2 Conditionals for odd/even page detection
\c@checkoddpage=\count293
))
(C:\Users\Kiran Windows\AppData\Local\Programs\MiKTeX\tex/latex/amsfonts\amssym
b.sty
Package: amssymb 2013/01/14 v3.01 AMS font symbols

(C:\Users\Kiran Windows\AppData\Local\Programs\MiKTeX\tex/latex/amsfonts\amsfon
ts.sty
Package: amsfonts 2013/01/14 v3.01 Basic AMSFonts support
\@emptytoks=\toks30
\symAMSa=\mathgroup4
\symAMSb=\mathgroup5
LaTeX Font Info:    Redeclaring math symbol \hbar on input line 98.
LaTeX Font Info:    Overwriting math alphabet `\mathfrak' in version `bold'
(Font)                  U/euf/m/n --> U/euf/b/n on input line 106.
))
(C:\Users\Kiran Windows\AppData\Local\Programs\MiKTeX\tex/latex/stackengine\sta
ckengine.sty
Package: stackengine 2021/07/22 v4.11\ Stacking text and objects in convenient 
ways

(C:\Users\Kiran Windows\AppData\Local\Programs\MiKTeX\tex/latex/etoolbox\etoolb
ox.sty
Package: etoolbox 2020/10/05 v2.5k e-TeX tools for LaTeX (JAW)
\etb@tempcnta=\count294
)
(C:\Users\Kiran Windows\AppData\Local\Programs\MiKTeX\tex/latex/listofitems\lis
tofitems.sty
(C:\Users\Kiran Windows\AppData\Local\Programs\MiKTeX\tex/generic/listofitems\l
istofitems.tex
\loi_cnt_foreach_nest=\count295
\loi_nestcnt=\count296
)
Package: listofitems 2019/08/21 v1.63 Grab items in lists using user-specified 
sep char (CT)
)
\c@@stackindex=\count297
\@boxshift=\skip73
\stack@tmplength=\skip74
\temp@stkl=\skip75
\@stackedboxwidth=\skip76
\@addedbox=\box110
\@anchorbox=\box111
\@insetbox=\box112
\se@backgroundbox=\box113
\stackedbox=\box114
\@centerbox=\box115
\c@ROWcellindex@=\count298
)
(C:\Users\Kiran Windows\AppData\Local\Programs\MiKTeX\tex/latex/enumitem\enumit
em.sty
Package: enumitem 2019/06/20 v3.9 Customized lists
\labelindent=\skip77
\enit@outerparindent=\dimen186
\enit@toks=\toks31
\enit@inbox=\box116
\enit@count@id=\count299
\enitdp@description=\count300
)
(C:\Users\Kiran Windows\AppData\Local\Programs\MiKTeX\tex/generic/alphalph\alph
alph.sty
Package: alphalph 2019/12/09 v2.6 Convert numbers to letters (HO)

(C:\Users\Kiran Windows\AppData\Local\Programs\MiKTeX\tex/generic/intcalc\intca
lc.sty
Package: intcalc 2019/12/15 v1.3 Expandable calculations with integers (HO)
))
(C:\Users\Kiran Windows\AppData\Local\Programs\MiKTeX\tex/latex/ulem\ulem.sty
\UL@box=\box117
\UL@hyphenbox=\box118
\UL@skip=\skip78
\UL@hook=\toks32
\UL@height=\dimen187
\UL@pe=\count301
\UL@pixel=\dimen188
\ULC@box=\box119
Package: ulem 2019/11/18
\ULdepth=\dimen189
)
\xrefbox=\box120
\xreflength=\skip79
\CodeWidthChar=\skip80
\CodeHeightChar=\skip81
\DoxyCodeWidth=\skip82
\c@DoxyEnumeratei=\count302
\c@DoxyEnumerateii=\count303
\c@DoxyEnumerateiii=\count304
\c@DoxyEnumerateiv=\count305
\c@DoxyEnumeratev=\count306
\c@DoxyEnumeratevi=\count307
\c@DoxyEnumeratevii=\count308
\c@DoxyEnumerateviii=\count309
\c@DoxyEnumerateix=\count310
\c@DoxyEnumeratex=\count311
\c@DoxyEnumeratexi=\count312
\c@DoxyEnumeratexii=\count313
\enitdp@DoxyEnumerate=\count314
\enitdp@DoxyItemize=\count315
\c@subsubsubsection=\count316
\c@subsubsubsubsection=\count317
\c@subsubsubsubsubsection=\count318
\c@subsubsubsubsubsubsection=\count319
)
(C:\Users\Kiran Windows\AppData\Local\Programs\MiKTeX\tex/latex/base\inputenc.s
ty
Package: inputenc 2021/02/14 v1.3d Input encoding file
\inpenc@prehook=\toks33
\inpenc@posthook=\toks34
)
(C:\Users\Kiran Windows\AppData\Local\Programs\MiKTeX\tex/latex/base\makeidx.st
y
Package: makeidx 2021/10/04 v1.0m Standard LaTeX package
)
(C:\Users\Kiran Windows\AppData\Local\Programs\MiKTeX\tex/latex/base\textcomp.s
ty
Package: textcomp 2020/02/02 v2.0n Standard LaTeX package
)
(C:\Users\Kiran Windows\AppData\Local\Programs\MiKTeX\tex/latex/wasysym\wasysym
.sty
Package: wasysym 2020/01/19 v2.4 Wasy-2 symbol support package
\symwasy=\mathgroup6
LaTeX Font Info:    Overwriting symbol font `wasy' in version `bold'
(Font)                  U/wasy/m/n --> U/wasy/b/n on input line 93.
)
(C:\Users\Kiran Windows\AppData\Local\Programs\MiKTeX\tex/generic/iftex\ifxetex
.sty
Package: ifxetex 2019/10/25 v0.7 ifxetex legacy package. Use iftex instead.
)
(C:\Users\Kiran Windows\AppData\Local\Programs\MiKTeX\tex/latex/base\fontenc.st
y
Package: fontenc 2021/04/29 v2.0v Standard LaTeX package
)
(C:\Users\Kiran Windows\AppData\Local\Programs\MiKTeX\tex/latex/psnfss\helvet.s
ty
Package: helvet 2020/03/25 PSNFSS-v9.3 (WaS) 
)
(C:\Users\Kiran Windows\AppData\Local\Programs\MiKTeX\tex/latex/psnfss\courier.
sty
Package: courier 2020/03/25 PSNFSS-v9.3 (WaS) 
)
(C:\Users\Kiran Windows\AppData\Local\Programs\MiKTeX\tex/latex/geometry\geomet
ry.sty
Package: geometry 2020/01/02 v5.9 Page Geometry

(C:\Users\Kiran Windows\AppData\Local\Programs\MiKTeX\tex/generic/iftex\ifvtex.
sty
Package: ifvtex 2019/10/25 v1.7 ifvtex legacy package. Use iftex instead.
)
\Gm@cnth=\count320
\Gm@cntv=\count321
\c@Gm@tempcnt=\count322
\Gm@bindingoffset=\dimen190
\Gm@wd@mp=\dimen191
\Gm@odd@mp=\dimen192
\Gm@even@mp=\dimen193
\Gm@layoutwidth=\dimen194
\Gm@layoutheight=\dimen195
\Gm@layouthoffset=\dimen196
\Gm@layoutvoffset=\dimen197
\Gm@dimlist=\toks35

(C:\Users\Kiran Windows\AppData\Local\Programs\MiKTeX\tex/latex/geometry\geomet
ry.cfg))
(C:\Users\Kiran Windows\AppData\Local\Programs\MiKTeX\tex/latex/changepage\chan
gepage.sty
Package: changepage 2009/10/20 v1.0c check page and change page layout
\c@cp@cntr=\count323
\cp@tempcnt=\count324
LaTeX Info: Redefining \checkoddpage on input line 59.
)
(C:\Users\Kiran Windows\AppData\Local\Programs\MiKTeX\tex/latex/fancyhdr\fancyh
dr.sty
Package: fancyhdr 2022/11/09 v4.1 Extensive control of page headers and footers

\f@nch@headwidth=\skip83
\f@nch@O@elh=\skip84
\f@nch@O@erh=\skip85
\f@nch@O@olh=\skip86
\f@nch@O@orh=\skip87
\f@nch@O@elf=\skip88
\f@nch@O@erf=\skip89
\f@nch@O@olf=\skip90
\f@nch@O@orf=\skip91
)
(C:\Users\Kiran Windows\AppData\Local\Programs\MiKTeX\tex/latex/natbib\natbib.s
ty
Package: natbib 2010/09/13 8.31b (PWD, AO)
\bibhang=\skip92
\bibsep=\skip93
LaTeX Info: Redefining \cite on input line 694.
\c@NAT@ctr=\count325
)
(C:\Users\Kiran Windows\AppData\Local\Programs\MiKTeX\tex/latex/tocloft\tocloft
.sty
Package: tocloft 2017/08/31 v2.3i parameterised ToC, etc., typesetting
Package tocloft Info: The document has chapter divisions on input line 51.
\cftparskip=\skip94
\cftbeforetoctitleskip=\skip95
\cftaftertoctitleskip=\skip96
\cftbeforepartskip=\skip97
\cftpartnumwidth=\skip98
\cftpartindent=\skip99
\cftbeforechapskip=\skip100
\cftchapindent=\skip101
\cftchapnumwidth=\skip102
\cftbeforesecskip=\skip103
\cftsecindent=\skip104
\cftsecnumwidth=\skip105
\cftbeforesubsecskip=\skip106
\cftsubsecindent=\skip107
\cftsubsecnumwidth=\skip108
\cftbeforesubsubsecskip=\skip109
\cftsubsubsecindent=\skip110
\cftsubsubsecnumwidth=\skip111
\cftbeforeparaskip=\skip112
\cftparaindent=\skip113
\cftparanumwidth=\skip114
\cftbeforesubparaskip=\skip115
\cftsubparaindent=\skip116
\cftsubparanumwidth=\skip117
\cftbeforeloftitleskip=\skip118
\cftafterloftitleskip=\skip119
\cftbeforefigskip=\skip120
\cftfigindent=\skip121
\cftfignumwidth=\skip122
\c@lofdepth=\count326
\c@lotdepth=\count327
\cftbeforelottitleskip=\skip123
\cftafterlottitleskip=\skip124
\cftbeforetabskip=\skip125
\cfttabindent=\skip126
\cfttabnumwidth=\skip127
)
\@indexfile=\write4
\openout4 = `refman.idx'.


Writing index file refman.idx

(C:\Users\Kiran Windows\AppData\Local\Programs\MiKTeX\tex/latex/newunicodechar\
newunicodechar.sty
Package: newunicodechar 2018/04/08 v1.2 Defining Unicode characters
)
(C:\Users\Kiran Windows\AppData\Local\Programs\MiKTeX\tex/latex/hyperref\hyperr
ef.sty
Package: hyperref 2023-07-08 v7.01b Hypertext links for LaTeX

(C:\Users\Kiran Windows\AppData\Local\Programs\MiKTeX\tex/generic/ltxcmds\ltxcm
ds.sty
Package: ltxcmds 2020-05-10 v1.25 LaTeX kernel commands for general use (HO)
)
(C:\Users\Kiran Windows\AppData\Local\Programs\MiKTeX\tex/generic/pdftexcmds\pd
ftexcmds.sty
Package: pdftexcmds 2020-06-27 v0.33 Utility functions of pdfTeX for LuaTeX (HO
)
Package pdftexcmds Info: \pdf@primitive is available.
Package pdftexcmds Info: \pdf@ifprimitive is available.
Package pdftexcmds Info: \pdfdraftmode found.
)
(C:\Users\Kiran Windows\AppData\Local\Programs\MiKTeX\tex/latex/kvsetkeys\kvset
keys.sty
Package: kvsetkeys 2022-10-05 v1.19 Key value parser (HO)
)
(C:\Users\Kiran Windows\AppData\Local\Programs\MiKTeX\tex/generic/kvdefinekeys\
kvdefinekeys.sty
Package: kvdefinekeys 2019-12-19 v1.6 Define keys (HO)
)
(C:\Users\Kiran Windows\AppData\Local\Programs\MiKTeX\tex/generic/pdfescape\pdf
escape.sty
Package: pdfescape 2019/12/09 v1.15 Implements pdfTeX's escape features (HO)
)
(C:\Users\Kiran Windows\AppData\Local\Programs\MiKTeX\tex/latex/hycolor\hycolor
.sty
Package: hycolor 2020-01-27 v1.10 Color options for hyperref/bookmark (HO)
)
(C:\Users\Kiran Windows\AppData\Local\Programs\MiKTeX\tex/latex/letltxmacro\let
ltxmacro.sty
Package: letltxmacro 2019/12/03 v1.6 Let assignment for LaTeX macros (HO)
)
(C:\Users\Kiran Windows\AppData\Local\Programs\MiKTeX\tex/latex/auxhook\auxhook
.sty
Package: auxhook 2019-12-17 v1.6 Hooks for auxiliary files (HO)
)
(C:\Users\Kiran Windows\AppData\Local\Programs\MiKTeX\tex/latex/hyperref\namere
f.sty
Package: nameref 2023-08-07 v2.53 Cross-referencing by name of section

(C:\Users\Kiran Windows\AppData\Local\Programs\MiKTeX\tex/latex/refcount\refcou
nt.sty
Package: refcount 2019/12/15 v3.6 Data extraction from label references (HO)
)
(C:\Users\Kiran Windows\AppData\Local\Programs\MiKTeX\tex/generic/gettitlestrin
g\gettitlestring.sty
Package: gettitlestring 2019/12/15 v1.6 Cleanup title references (HO)

(C:\Users\Kiran Windows\AppData\Local\Programs\MiKTeX\tex/latex/kvoptions\kvopt
ions.sty
Package: kvoptions 2022-06-15 v3.15 Key value format for package options (HO)
))
\c@section@level=\count328
)
\@linkdim=\dimen198
\Hy@linkcounter=\count329
\Hy@pagecounter=\count330

(C:\Users\Kiran Windows\AppData\Local\Programs\MiKTeX\tex/latex/hyperref\pd1enc
.def
File: pd1enc.def 2023-07-08 v7.01b Hyperref: PDFDocEncoding definition (HO)
Now handling font encoding PD1 ...
... no UTF-8 mapping file for font encoding PD1
)
\Hy@SavedSpaceFactor=\count331

(C:\Users\Kiran Windows\AppData\Local\Programs\MiKTeX\tex/latex/hyperref\puenc.
def
File: puenc.def 2023-07-08 v7.01b Hyperref: PDF Unicode definition (HO)
Now handling font encoding PU ...
... no UTF-8 mapping file for font encoding PU
)
Package hyperref Info: Hyper figures OFF on input line 4167.
Package hyperref Info: Link nesting OFF on input line 4172.
Package hyperref Info: Hyper index ON on input line 4175.
Package hyperref Info: Plain pages OFF on input line 4182.
Package hyperref Info: Backreferencing ON on input line 4185.
Package hyperref Info: Implicit mode ON; LaTeX internals redefined.
Package hyperref Info: Bookmarks ON on input line 4434.

(C:\Users\Kiran Windows\AppData\Local\Programs\MiKTeX\tex/latex/hyperref\backre
f.sty
Package: backref 2023/04/20 v1.42 Bibliographical back referencing

(C:\Users\Kiran Windows\AppData\Local\Programs\MiKTeX\tex/latex/rerunfilecheck\
rerunfilecheck.sty
Package: rerunfilecheck 2022-07-10 v1.10 Rerun checks for auxiliary files (HO)

(C:\Users\Kiran Windows\AppData\Local\Programs\MiKTeX\tex/latex/base\atveryend-
ltx.sty
Package: atveryend-ltx 2020/08/19 v1.0a Emulation of the original atveryend pac
kage
with kernel methods
)
(C:\Users\Kiran Windows\AppData\Local\Programs\MiKTeX\tex/generic/uniquecounter
\uniquecounter.sty
Package: uniquecounter 2019/12/15 v1.4 Provide unlimited unique counter (HO)

(C:\Users\Kiran Windows\AppData\Local\Programs\MiKTeX\tex/generic/bigintcalc\bi
gintcalc.sty
Package: bigintcalc 2019/12/15 v1.5 Expandable calculations on big integers (HO
)
))
Package uniquecounter Info: New unique counter `rerunfilecheck' on input line 2
85.
))
\c@Hy@tempcnt=\count332

(C:\Users\Kiran Windows\AppData\Local\Programs\MiKTeX\tex/latex/url\url.sty
\Urlmuskip=\muskip16
Package: url 2013/09/16  ver 3.4  Verb mode for urls, etc.
)
LaTeX Info: Redefining \url on input line 4772.
\XeTeXLinkMargin=\dimen199

(C:\Users\Kiran Windows\AppData\Local\Programs\MiKTeX\tex/generic/bitset\bitset
.sty
Package: bitset 2019/12/09 v1.3 Handle bit-vector datatype (HO)
)
\Fld@menulength=\count333
\Field@Width=\dimen256
\Fld@charsize=\dimen257
Package hyperref Info: Hyper figures OFF on input line 6051.
Package hyperref Info: Link nesting OFF on input line 6056.
Package hyperref Info: Hyper index ON on input line 6059.
Package hyperref Info: backreferencing ON on input line 6064.
Package hyperref Info: Link coloring OFF on input line 6071.
Package hyperref Info: Link coloring with OCG OFF on input line 6076.
Package hyperref Info: PDF/A mode OFF on input line 6081.

(C:\Users\Kiran Windows\AppData\Local\Programs\MiKTeX\tex/latex/base\atbegshi-l
tx.sty
Package: atbegshi-ltx 2021/01/10 v1.0c Emulation of the original atbegshi
package with kernel methods
)
\Hy@abspage=\count334
\c@Item=\count335
\c@Hfootnote=\count336
)
Package hyperref Info: Driver: hpdftex.

(C:\Users\Kiran Windows\AppData\Local\Programs\MiKTeX\tex/latex/hyperref\hpdfte
x.def
File: hpdftex.def 2023-07-08 v7.01b Hyperref driver for pdfTeX
\Fld@listcount=\count337
\c@bookmark@seq@number=\count338
\Hy@SectionHShift=\skip128
)
Package hyperref Info: Option `colorlinks' set `true' on input line 161.
Package hyperref Info: Option `unicode' set `true' on input line 161.

(C:\Users\Kiran Windows\AppData\Local\Programs\MiKTeX\tex/latex/caption\caption
.sty
Package: caption 2023/07/31 v3.6n Customizing captions (AR)

(C:\Users\Kiran Windows\AppData\Local\Programs\MiKTeX\tex/latex/caption\caption
3.sty
Package: caption3 2023/07/31 v2.4d caption3 kernel (AR)
\caption@tempdima=\dimen258
\captionmargin=\dimen259
\caption@leftmargin=\dimen260
\caption@rightmargin=\dimen261
\caption@width=\dimen262
\caption@indent=\dimen263
\caption@parindent=\dimen264
\caption@hangindent=\dimen265
Package caption Info: Standard document class detected.
)
\c@caption@flags=\count339
\c@continuedfloat=\count340
Package caption Info: changepage package is loaded.
\caption@adjustwidth@hsize=\dimen266
\caption@adjustwidth@linewidth=\dimen267
Package caption Info: float package is loaded.
Package caption Info: hyperref package is loaded.
Package caption Info: longtable package is loaded.

(C:\Users\Kiran Windows\AppData\Local\Programs\MiKTeX\tex/latex/caption\ltcapti
on.sty
Package: ltcaption 2021/01/08 v1.4c longtable captions (AR)
))
(C:\Users\Kiran Windows\AppData\Local\Programs\MiKTeX\tex/latex/etoc\etoc.sty
Package: etoc 2023/07/01 v1.2b Completely customisable TOCs (JFB)
\Etoc@toctoks=\toks36
\c@etoc@tocid=\count341
\etoc@framed@titlebox=\box121
\etoc@framed@contentsbox=\box122
)
LaTeX Font Info:    Trying to load font information for T1+phv on input line 18
3.

(C:\Users\Kiran Windows\AppData\Local\Programs\MiKTeX\tex/latex/psnfss\t1phv.fd
File: t1phv.fd 2020/03/25 scalable font definitions for T1/phv.
)
LaTeX Font Info:    Font shape `T1/phv/m/n' will be
(Font)              scaled to size 8.99994pt on input line 183.

(C:\Users\Kiran Windows\AppData\Local\Programs\MiKTeX\tex/latex/l3backend\l3bac
kend-pdftex.def
File: l3backend-pdftex.def 2023-04-19 L3 backend support: PDF output (pdfTeX)
\l__color_backend_stack_int=\count342
\l__pdf_internal_box=\box123
) (refman.aux)
\openout1 = `refman.aux'.

LaTeX Font Info:    Checking defaults for OML/cmm/m/it on input line 183.
LaTeX Font Info:    ... okay on input line 183.
LaTeX Font Info:    Checking defaults for OMS/cmsy/m/n on input line 183.
LaTeX Font Info:    ... okay on input line 183.
LaTeX Font Info:    Checking defaults for OT1/cmr/m/n on input line 183.
LaTeX Font Info:    ... okay on input line 183.
LaTeX Font Info:    Checking defaults for T1/cmr/m/n on input line 183.
LaTeX Font Info:    ... okay on input line 183.
LaTeX Font Info:    Checking defaults for TS1/cmr/m/n on input line 183.
LaTeX Font Info:    ... okay on input line 183.
LaTeX Font Info:    Checking defaults for OMX/cmex/m/n on input line 183.
LaTeX Font Info:    ... okay on input line 183.
LaTeX Font Info:    Checking defaults for U/cmr/m/n on input line 183.
LaTeX Font Info:    ... okay on input line 183.
LaTeX Font Info:    Checking defaults for PD1/pdf/m/n on input line 183.
LaTeX Font Info:    ... okay on input line 183.
LaTeX Font Info:    Checking defaults for PU/pdf/m/n on input line 183.
LaTeX Font Info:    ... okay on input line 183.

(C:\Users\Kiran Windows\AppData\Local\Programs\MiKTeX\tex/context/base/mkii\sup
p-pdf.mkii
[Loading MPS to PDF converter (version 2006.09.02).]
\scratchcounter=\count343
\scratchdimen=\dimen268
\scratchbox=\box124
\nofMPsegments=\count344
\nofMParguments=\count345
\everyMPshowfont=\toks37
\MPscratchCnt=\count346
\MPscratchDim=\dimen269
\MPnumerator=\count347
\makeMPintoPDFobject=\count348
\everyMPtoPDFconversion=\toks38
)
(C:\Users\Kiran Windows\AppData\Local\Programs\MiKTeX\tex/latex/epstopdf-pkg\ep
stopdf-base.sty
Package: epstopdf-base 2020-01-24 v2.11 Base part for package epstopdf
Package epstopdf-base Info: Redefining graphics rule for `.eps' on input line 4
85.

(C:\Users\Kiran Windows\AppData\Local\Programs\MiKTeX\tex/latex/00miktex\epstop
df-sys.cfg
File: epstopdf-sys.cfg 2021/03/18 v2.0 Configuration of epstopdf for MiKTeX
))
*geometry* driver: auto-detecting
*geometry* detected driver: pdftex
*geometry* verbose mode - [ preamble ] result:
* driver: pdftex
* paper: a4paper
* layout: <same size as paper>
* layoutoffset:(h,v)=(0.0pt,0.0pt)
* modes: twoside 
* h-part:(L,W,R)=(71.13188pt, 455.24411pt, 71.13188pt)
* v-part:(T,H,B)=(71.13188pt, 702.78308pt, 71.13188pt)
* \paperwidth=597.50787pt
* \paperheight=845.04684pt
* \textwidth=455.24411pt
* \textheight=702.78308pt
* \oddsidemargin=-1.1381pt
* \evensidemargin=-1.1381pt
* \topmargin=-31.2056pt
* \headheight=12.0pt
* \headsep=18.06749pt
* \topskip=10.0pt
* \footskip=25.29494pt
* \marginparwidth=125.0pt
* \marginparsep=7.0pt
* \columnsep=10.0pt
* \skip\footins=9.0pt plus 4.0pt minus 2.0pt
* \hoffset=0.0pt
* \voffset=0.0pt
* \mag=1000
* \@twocolumnfalse
* \@twosidetrue
* \@mparswitchtrue
* \@reversemarginfalse
* (1in=72.27pt=25.4mm, 1cm=28.453pt)

Package backref Info: ** backref set up for natbib ** on input line 183.
Package hyperref Info: Link coloring ON on input line 183.
(refman.out) (refman.out)
\@outlinefile=\write5
\openout5 = `refman.out'.

Package caption Info: Begin \AtBeginDocument code.
Package caption Info: End \AtBeginDocument code.
\Etoc@tf=\read4
Package hyperref Info: Option `pageanchor' set `false' on input line 191.
Package hyperref Info: Option `bookmarksnumbered' set `true' on input line 191.

Package hyperref Info: Option `unicode' set `true' on input line 191.
LaTeX Font Info:    Font shape `T1/phv/m/n' will be
(Font)              scaled to size 12.9599pt on input line 196.
LaTeX Font Info:    Font shape `T1/phv/m/n' will be
(Font)              scaled to size 10.79993pt on input line 197.
LaTeX Font Info:    Font shape `T1/phv/m/n' will be
(Font)              scaled to size 6.29996pt on input line 197.
LaTeX Font Info:    Trying to load font information for U+msa on input line 197
.

(C:\Users\Kiran Windows\AppData\Local\Programs\MiKTeX\tex/latex/amsfonts\umsa.f
d
File: umsa.fd 2013/01/14 v3.01 AMS symbols A
)
LaTeX Font Info:    Trying to load font information for U+msb on input line 197
.

(C:\Users\Kiran Windows\AppData\Local\Programs\MiKTeX\tex/latex/amsfonts\umsb.f
d
File: umsb.fd 2013/01/14 v3.01 AMS symbols B
)
LaTeX Font Info:    Trying to load font information for U+wasy on input line 19
7.

(C:\Users\Kiran Windows\AppData\Local\Programs\MiKTeX\tex/latex/wasysym\uwasy.f
d
File: uwasy.fd 2020/01/19 v2.4 Wasy-2 symbol font definitions
) [1


{C:/Users/Kiran Windows/AppData/Local/MiKTeX/fonts/map/pdftex/pdftex.map}{C:/Us
ers/Kiran Windows/AppData/Local/Programs/MiKTeX/fonts/enc/dvips/base/8r.enc}] [
2

]
\tf@toc=\write6
\openout6 = `refman.toc'.

LaTeX Font Info:    Font shape `T1/phv/b/n' will be
(Font)              scaled to size 8.99994pt on input line 205.
LaTeX Font Info:    Font shape `T1/phv/b/n' will be
(Font)              scaled to size 6.29996pt on input line 205.
 [1] [2] [3] [4] [5] [6] [7] [8] [9] [10] [11] [12]
Package hyperref Info: Option `pageanchor' set `true' on input line 208.

Chapter 1.
LaTeX Font Info:    Font shape `T1/phv/m/n' will be
(Font)              scaled to size 18.66588pt on input line 210.
LaTeX Font Info:    Font shape `T1/phv/b/n' will be
(Font)              scaled to size 18.66588pt on input line 210.
LaTeX Font Info:    Font shape `T1/phv/b/n' will be
(Font)              scaled to size 22.39185pt on input line 210.
(topics.tex
LaTeX Font Info:    Font shape `T1/phv/b/n' will be
(Font)              scaled to size 12.9599pt on input line 1.
 [1


] [2]) [3] [4

]
Chapter 2.
(annotated.tex
Underfull \hbox (badness 10000) in paragraph at lines 6--6
 []  
 []


Underfull \hbox (badness 10000) in paragraph at lines 9--9
 []  
 []


Underfull \hbox (badness 10000) in paragraph at lines 12--12
 []  
 []


Underfull \hbox (badness 10000) in paragraph at lines 14--14
 []  
 []


Underfull \hbox (badness 10000) in paragraph at lines 18--18
 []  
 []


Underfull \hbox (badness 10000) in paragraph at lines 20--20
 []  
 []

) [5] [6

]
Chapter 3.
(files.tex
Underfull \hbox (badness 10000) in paragraph at lines 15--15
 []  
 []


Underfull \hbox (badness 10000) in paragraph at lines 22--22
 []  
 []

[7]) [8]
Chapter 4.
(group___s_t_m32_f4xx___std_periph___driver.tex
LaTeX Font Info:    Trying to load font information for TS1+phv on input line 6
.

(C:\Users\Kiran Windows\AppData\Local\Programs\MiKTeX\tex/latex/psnfss\ts1phv.f
d
File: ts1phv.fd 2020/03/25 scalable font definitions for TS1/phv.
)
LaTeX Font Info:    Font shape `TS1/phv/m/n' will be
(Font)              scaled to size 8.99994pt on input line 6.
LaTeX Font Info:    Font shape `T1/phv/m/n' will be
(Font)              scaled to size 8.09995pt on input line 7.
LaTeX Font Info:    Font shape `T1/phv/m/it' in size <9> not available
(Font)              Font shape `T1/phv/m/sl' tried instead on input line 7.
LaTeX Font Info:    Font shape `T1/phv/m/sl' will be
(Font)              scaled to size 8.09995pt on input line 7.
LaTeX Font Info:    Font shape `T1/phv/b/n' will be
(Font)              scaled to size 10.79993pt on input line 18.
 (group___a_d_c.tex
Underfull \hbox (badness 10000) in paragraph at lines 19--20

 []


Underfull \hbox (badness 10000) in paragraph at lines 22--23

 []

[9

]
LaTeX Font Info:    Font shape `T1/phv/m/it' in size <7> not available
(Font)              Font shape `T1/phv/m/sl' tried instead on input line 73.
LaTeX Font Info:    Font shape `T1/phv/m/sl' will be
(Font)              scaled to size 6.29996pt on input line 73.
 [10]
Underfull \hbox (badness 10000) in paragraph at lines 113--114

 []


Underfull \hbox (badness 10000) in paragraph at lines 116--117

 []

LaTeX Font Info:    Font shape `TS1/phv/m/it' in size <9> not available
(Font)              Font shape `TS1/phv/m/sl' tried instead on input line 143.
LaTeX Font Info:    Font shape `TS1/phv/m/sl' will be
(Font)              scaled to size 8.09995pt on input line 143.
[11]
LaTeX Font Info:    Font shape `T1/phv/m/n' will be
(Font)              scaled to size 7.19995pt on input line 160.
LaTeX Font Info:    Trying to load font information for T1+pcr on input line 16
0.

(C:\Users\Kiran Windows\AppData\Local\Programs\MiKTeX\tex/latex/psnfss\t1pcr.fd
File: t1pcr.fd 2001/06/04 font definitions for T1/pcr.
) [12]
LaTeX Font Info:    Font shape `T1/pcr/m/it' in size <8> not available
(Font)              Font shape `T1/pcr/m/sl' tried instead on input line 283.
LaTeX Font Info:    Font shape `T1/pcr/m/it' in size <7> not available
(Font)              Font shape `T1/pcr/m/sl' tried instead on input line 283.
 [13] [14] [15]
Overfull \vbox (31.55182pt too high) has occurred while \output is active []


[16] [17] [18] [19]
Underfull \hbox (badness 10000) in paragraph at lines 602--603

 []

[20] [21] [22] [23] [24]
Underfull \hbox (badness 10000) detected at line 809
[][][]
 []


Underfull \hbox (badness 10000) in paragraph at lines 812--813

 []

[25]
Underfull \hbox (badness 10000) detected at line 865
[][][]
 []


Underfull \hbox (badness 10000) in paragraph at lines 866--867

 []

[26] [27] [28]
Underfull \hbox (badness 10000) in paragraph at lines 994--995

 []

[29]
Underfull \hbox (badness 10000) detected at line 1002
[][][]
 []


Underfull \hbox (badness 10000) in paragraph at lines 1003--1004

 []

[30] [31]
Underfull \hbox (badness 10000) detected at line 1121
[][][]
 []


Underfull \hbox (badness 10000) in paragraph at lines 1122--1123

 []

[32] (group___a_d_c___private___functions.tex [33] (group___a_d_c___group1.tex
[34] [35]
Underfull \hbox (badness 10000) detected at line 140
[][][]
 []


Underfull \hbox (badness 10000) in paragraph at lines 141--142

 []

[36]
Underfull \hbox (badness 10000) detected at line 166
[][][]
 []


Underfull \hbox (badness 10000) in paragraph at lines 167--168

 []

) (group___a_d_c___group2.tex [37] [38]
Overfull \vbox (17.2418pt too high) has occurred while \output is active []


[39]) (group___a_d_c___group3.tex [40]) (group___a_d_c___group4.tex [41]
[42] [43]
Underfull \hbox (badness 10000) detected at line 199
[][][]
 []


Underfull \hbox (badness 10000) in paragraph at lines 202--203

 []

[44] [45] [46]) (group___a_d_c___group5.tex
Underfull \hbox (badness 10000) in paragraph at lines 14--15

 []


Underfull \hbox (badness 10000) in paragraph at lines 17--18

 []

[47]
Underfull \hbox (badness 10000) in paragraph at lines 81--82

 []

[48]
Underfull \hbox (badness 10000) in paragraph at lines 104--105

 []


Underfull \hbox (badness 10000) detected at line 112
[][][]
 []


Underfull \hbox (badness 10000) in paragraph at lines 113--114

 []

) (group___a_d_c___group6.tex [49] [50] [51] [52] [53] [54] [55])
(group___a_d_c___group7.tex [56] [57] [58] [59]))
(group___a_d_c___exported___constants.tex [60]
(group___a_d_c___common__mode.tex [61] [62]) (group___a_d_c___prescaler.tex
[63]) (group___a_d_c___direct__memory__access__mode__for__multi__mode.tex
Underfull \hbox (badness 10000) in paragraph at lines 26--27
\T1/pcr/m/n/8 #define ADC[]_[][]DMAAccess[]Mode[]_[]1 ((uint32[]_[]t)0x00004000
) /$\OMS/cmsy/m/n/8 ^^C$ \T1/pcr/m/n/8 DMA mode 1 enabled (2 / 3 half-words one

 []

[64]
Underfull \hbox (badness 10000) in paragraph at lines 32--33
\T1/pcr/m/n/8 #define ADC[]_[][]DMAAccess[]Mode[]_[]2 ((uint32[]_[]t)0x00008000
) /$\OMS/cmsy/m/n/8 ^^C$ \T1/pcr/m/n/8 DMA mode 2 enabled (2 / 3 half-words by
 []


Underfull \hbox (badness 10000) in paragraph at lines 38--39
\T1/pcr/m/n/8 #define ADC[]_[][]DMAAccess[]Mode[]_[]3 ((uint32[]_[]t)0x0000[]C0
00) /$\OMS/cmsy/m/n/8 ^^C$ \T1/pcr/m/n/8 DMA mode 3 enabled (2 / 3 bytes by pai
rs
 []

) (group___a_d_c__delay__between__2__sampling__phases.tex [65] [66] [67])
(group___a_d_c__resolution.tex [68])
(group___a_d_c__external__trigger__edge__for__regular__channels__conversion.tex
)
(group___a_d_c__extrenal__trigger__sources__for__regular__channels__conversion.
tex [69] [70] [71]) (group___a_d_c__data__align.tex)
(group___a_d_c__channels.tex [72] [73] [74] [75])
(group___a_d_c__sampling__times.tex [76])
(group___a_d_c__external__trigger__edge__for__injected__channels__conversion.te
x [77])
(group___a_d_c__extrenal__trigger__sources__for__injected__channels__conversion
.tex [78] [79]) (group___a_d_c__injected__channel__selection.tex [80])
(group___a_d_c__analog__watchdog__selection.tex [81])
(group___a_d_c__interrupts__definition.tex [82])
(group___a_d_c__flags__definition.tex [83]) (group___a_d_c__thresholds.tex
[84]) (group___a_d_c__injected__offset.tex)
(group___a_d_c__injected__length.tex) (group___a_d_c__injected__rank.tex
[85]) (group___a_d_c__regular__length.tex) (group___a_d_c__regular__rank.tex)
(group___a_d_c__regular__discontinuous__mode__number.tex [86])))
(group___g_p_i_o.tex
Underfull \hbox (badness 10000) in paragraph at lines 19--20

 []

[87] [88] [89] [90] [91]
Underfull \hbox (badness 10000) detected at line 306
[][][]
 []

[92] [93] [94]
Underfull \hbox (badness 10000) detected at line 377
[][][]
 []

[95] [96]
Underfull \hbox (badness 10000) detected at line 488
[][][]
 []


Underfull \hbox (badness 10000) detected at line 513
[][][]
 []

[97]
Overfull \vbox (24.04495pt too high) has occurred while \output is active []


[98] (group___g_p_i_o___private___functions.tex (group___g_p_i_o___group1.tex
[99]
Underfull \hbox (badness 10000) detected at line 40
[][][]
 []

[100]
Underfull \hbox (badness 10000) detected at line 85
[][][]
 []

[101]) (group___g_p_i_o___group2.tex [102] [103] [104]
Underfull \hbox (badness 10000) detected at line 134
[][][]
 []


Underfull \hbox (badness 10000) detected at line 159
[][][]
 []

[105] [106]) (group___g_p_i_o___group3.tex [107] [108] [109]))
(group___g_p_i_o___exported___constants.tex (group___g_p_i_o__pins__define.tex
[110] [111]) (group___g_p_i_o___pin__sources.tex [112] [113] [114])
(group___g_p_i_o___alternat__function__selection__define.tex
Underfull \hbox (badness 10000) in paragraph at lines 7--8

 []


Underfull \hbox (badness 10000) in paragraph at lines 18--19

 []


Underfull \hbox (badness 10000) in paragraph at lines 23--24

 []


Underfull \hbox (badness 10000) in paragraph at lines 30--31

 []


Underfull \hbox (badness 10000) in paragraph at lines 39--40

 []


Underfull \hbox (badness 10000) in paragraph at lines 46--47

 []

[115]
Underfull \hbox (badness 10000) in paragraph at lines 51--52

 []


Underfull \hbox (badness 10000) in paragraph at lines 54--55

 []


Underfull \hbox (badness 10000) in paragraph at lines 63--64

 []


Underfull \hbox (badness 10000) in paragraph at lines 80--81

 []


Underfull \hbox (badness 10000) in paragraph at lines 85--86

 []


Underfull \hbox (badness 10000) in paragraph at lines 88--89

 []


Underfull \hbox (badness 10000) in paragraph at lines 95--96

 []


Underfull \hbox (badness 10000) in paragraph at lines 98--99

 []

[116]
Underfull \hbox (badness 10000) in paragraph at lines 132--133

 []


Underfull \hbox (badness 10000) in paragraph at lines 143--144

 []


Underfull \hbox (badness 10000) in paragraph at lines 154--155

 []


Underfull \hbox (badness 10000) in paragraph at lines 165--166

 []


Underfull \hbox (badness 10000) in paragraph at lines 176--177

 []

[117]
Underfull \hbox (badness 10000) in paragraph at lines 211--212

 []


Underfull \hbox (badness 10000) in paragraph at lines 234--235

 []


Underfull \hbox (badness 10000) in paragraph at lines 251--252

 []


Underfull \hbox (badness 10000) in paragraph at lines 268--269

 []


Underfull \hbox (badness 10000) in paragraph at lines 281--282
\T1/pcr/m/n/8 #define GPIO[]_[][]AF[]_[][]TAMPER ((uint8[]_[]t)0x00) /$\OMS/cms
y/m/n/8 ^^C$ \T1/pcr/m/n/8 TAMPER (TAMPER[]_[]1 and TAMPER[]_[]2) Alternate Fun
ction
 []

[118]
Underfull \hbox (badness 10000) in paragraph at lines 291--292

 []


Underfull \hbox (badness 10000) in paragraph at lines 338--339

 []

[119]
Underfull \hbox (badness 10000) in paragraph at lines 361--362

 []


Underfull \hbox (badness 10000) in paragraph at lines 384--385

 []


Underfull \hbox (badness 10000) in paragraph at lines 401--402

 []

[120]) (group___g_p_i_o___legacy.tex [121]))) (group___i2_c.tex
Underfull \hbox (badness 10000) in paragraph at lines 19--20

 []

[122] [123] [124] [125]
Underfull \hbox (badness 10000) detected at line 214
[][][]
 []

[126]
Underfull \hbox (badness 10000) detected at line 245
[][][]
 []


Underfull \hbox (badness 1215) in paragraph at lines 246--247
[]\T1/phv/m/n/10 STOPF (STOP de-tec-tion) is cleared by soft-ware sequence[]: a
 read op-er-a-tion to I2[]C[]_[][]SR1 reg-is-ter
 []


Underfull \hbox (badness 2717) in paragraph at lines 252--253
[]\T1/phv/m/n/10 ADDR (Ad-dress sent) is cleared by soft-ware sequence[]: a rea
d op-er-a-tion to I2[]C[]_[][]SR1 reg-is-ter
 []

[127]
Underfull \hbox (badness 10000) detected at line 280
[][][]
 []


Underfull \hbox (badness 1215) in paragraph at lines 281--282
[]\T1/phv/m/n/10 STOPF (STOP de-tec-tion) is cleared by soft-ware sequence[]: a
 read op-er-a-tion to I2[]C[]_[][]SR1 reg-is-ter
 []


Underfull \hbox (badness 2717) in paragraph at lines 287--288
[]\T1/phv/m/n/10 ADDR (Ad-dress sent) is cleared by soft-ware sequence[]: a rea
d op-er-a-tion to I2[]C[]_[][]SR1 reg-is-ter
 []

[128]
Overfull \vbox (24.64333pt too high) has occurred while \output is active []


[129] [130] [131] [132] [133]
Underfull \hbox (badness 10000) detected at line 557
[][][]
 []


Underfull \hbox (badness 10000) detected at line 595
[][][]
 []


Underfull \hbox (badness 10000) in paragraph at lines 596--597

 []

[134]
Underfull \hbox (badness 10000) detected at line 647
[][][]
 []


Underfull \hbox (badness 10000) in paragraph at lines 648--649

 []

[135]
Underfull \hbox (badness 10000) detected at line 661
[][][]
 []


Underfull \hbox (badness 10000) detected at line 710
[][][]
 []

[136] [137] [138]
Underfull \hbox (badness 10000) detected at line 842
[][][]
 []


Underfull \hbox (badness 10000) in paragraph at lines 843--844

 []

[139] (group___i2_c___private___functions.tex [140] (group___i2_c___group1.tex
[141] [142] [143]
Overfull \vbox (17.51321pt too high) has occurred while \output is active []


[144]
Underfull \hbox (badness 10000) detected at line 264
[][][]
 []


Underfull \hbox (badness 10000) in paragraph at lines 265--266

 []

[145]
Underfull \hbox (badness 10000) detected at line 290
[][][]
 []


Underfull \hbox (badness 10000) in paragraph at lines 291--292

 []


Underfull \hbox (badness 10000) detected at line 304
[][][]
 []

[146] [147]
Underfull \hbox (badness 10000) detected at line 394
[][][]
 []


Underfull \hbox (badness 10000) in paragraph at lines 395--396

 []

[148]) (group___i2_c___group2.tex [149]) (group___i2_c___group3.tex [150]
Underfull \hbox (badness 10000) detected at line 91
[][][]
 []

[151]) (group___i2_c___group4.tex [152]) (group___i2_c___group5.tex [153]
[154] [155]
Underfull \hbox (badness 10000) detected at line 148
[][][]
 []

[156]
Underfull \hbox (badness 10000) detected at line 179
[][][]
 []


Underfull \hbox (badness 1215) in paragraph at lines 180--181
[]\T1/phv/m/n/10 STOPF (STOP de-tec-tion) is cleared by soft-ware sequence[]: a
 read op-er-a-tion to I2[]C[]_[][]SR1 reg-is-ter
 []


Underfull \hbox (badness 2717) in paragraph at lines 186--187
[]\T1/phv/m/n/10 ADDR (Ad-dress sent) is cleared by soft-ware sequence[]: a rea
d op-er-a-tion to I2[]C[]_[][]SR1 reg-is-ter
 []

[157]
Underfull \hbox (badness 10000) detected at line 214
[][][]
 []


Underfull \hbox (badness 1215) in paragraph at lines 215--216
[]\T1/phv/m/n/10 STOPF (STOP de-tec-tion) is cleared by soft-ware sequence[]: a
 read op-er-a-tion to I2[]C[]_[][]SR1 reg-is-ter
 []


Underfull \hbox (badness 2717) in paragraph at lines 221--222
[]\T1/phv/m/n/10 ADDR (Ad-dress sent) is cleared by soft-ware sequence[]: a rea
d op-er-a-tion to I2[]C[]_[][]SR1 reg-is-ter
 []

[158] [159]
Underfull \hbox (badness 10000) detected at line 293
[][][]
 []

[160] [161])) (group___i2_c___exported___constants.tex (group___i2_c__mode.tex
[162]) (group___i2_c__duty__cycle__in__fast__mode.tex)
(group___i2_c__acknowledgement.tex [163])
(group___i2_c__transfer__direction.tex [164])
(group___i2_c__acknowledged__address.tex) (group___i2_c__registers.tex [165]
[166]) (group___i2_c___n_a_c_k__position.tex [167])
(group___i2_c___s_m_bus__alert__pin__level.tex)
(group___i2_c___p_e_c__position.tex [168])
(group___i2_c__interrupts__definition.tex [169] [170])
(group___i2_c__flags__definition.tex [171]
Underfull \hbox (badness 10000) in paragraph at lines 7--8

 []


Underfull \hbox (badness 10000) in paragraph at lines 22--23

 []

[172]
Underfull \hbox (badness 10000) in paragraph at lines 110--111

 []

[173]
Underfull \hbox (badness 10000) in paragraph at lines 157--158

 []

[174]) (group___i2_c___events.tex
Underfull \hbox (badness 3199) in paragraph at lines 8--9
[]\T1/phv/m/n/10 #define [] ((uint32[]_[]t)0x00070082) /$\OMS/cmsy/m/n/10 ^^C$ 
\T1/phv/m/n/10 BUSY,
 []


Underfull \hbox (badness 1259) in paragraph at lines 20--21
[]\T1/phv/m/n/10 #define [] ((uint32[]_[]t)0x00020002) /$\OMS/cmsy/m/n/10 ^^C$ 
\T1/phv/m/n/10 BUSY and
 []


Underfull \hbox (badness 4229) in paragraph at lines 22--24
[]\T1/phv/m/n/10 #define [] ((uint32[]_[]t)0x00060082) /$\OMS/cmsy/m/n/10 ^^C$ 
\T1/phv/m/n/10 TRA,
 []

[175]
Underfull \hbox (badness 10000) detected at line 68
[][][]
 []


Underfull \hbox (badness 10000) in paragraph at lines 75--76
\T1/pcr/m/n/8 #define I2[]C[]_[][]EVENT[]_[][]MASTER[]_[][]BYTE[]_[][]TRANSMITT
ED ((uint32[]_[]t)0x00070084) /$\OMS/cmsy/m/n/8 ^^C$ \T1/pcr/m/n/8 TRA, BUSY, M
SL, TXE and
 []


Underfull \hbox (badness 10000) in paragraph at lines 81--82
\T1/pcr/m/n/8 #define I2[]C[]_[][]EVENT[]_[][]MASTER[]_[][]BYTE[]_[][]TRANSMITT
ING ((uint32[]_[]t)0x00070080) /$\OMS/cmsy/m/n/8 ^^C$ \T1/pcr/m/n/8 TRA, BUSY, 
MSL, TXE flags
 []

[176]
Underfull \hbox (badness 10000) in paragraph at lines 105--106
\T1/pcr/m/n/8 #define I2[]C[]_[][]EVENT[]_[][]MASTER[]_[][]RECEIVER[]_[][]MODE[
]_[][]SELECTED ((uint32[]_[]t)0x00030002) /$\OMS/cmsy/m/n/8 ^^C$ \T1/pcr/m/n/8 
BUSY, MSL and ADDR
 []


Underfull \hbox (badness 10000) in paragraph at lines 111--112
\T1/pcr/m/n/8 #define I2[]C[]_[][]EVENT[]_[][]MASTER[]_[][]TRANSMITTER[]_[][]MO
DE[]_[][]SELECTED ((uint32[]_[]t)0x00070082) /$\OMS/cmsy/m/n/8 ^^C$ \T1/pcr/m/n
/8 BUSY, MSL, ADDR,
 []

[177]
Underfull \hbox (badness 10000) detected at line 154
[][][]
 []


Underfull \hbox (badness 10000) in paragraph at lines 162--163
\T1/pcr/m/n/8 #define I2[]C[]_[][]EVENT[]_[][]SLAVE[]_[][]BYTE[]_[][]TRANSMITTE
D ((uint32[]_[]t)0x00060084) /$\OMS/cmsy/m/n/8 ^^C$ \T1/pcr/m/n/8 TRA, BUSY, TX
E and BTF
 []


Underfull \hbox (badness 10000) in paragraph at lines 174--175
\T1/pcr/m/n/8 #define I2[]C[]_[][]EVENT[]_[][]SLAVE[]_[][]GENERALCALLADDRESS[]_
[][]MATCHED ((uint32[]_[]t)0x00120000) /$\OMS/cmsy/m/n/8 ^^C$ \T1/pcr/m/n/8 GEN
CALL and BUSY
 []


Underfull \hbox (badness 10000) in paragraph at lines 180--181
\T1/pcr/m/n/8 #define I2[]C[]_[][]EVENT[]_[][]SLAVE[]_[][]RECEIVER[]_[][]ADDRES
S[]_[][]MATCHED ((uint32[]_[]t)0x00020002) /$\OMS/cmsy/m/n/8 ^^C$ \T1/pcr/m/n/8
 BUSY and ADDR flags
 []


Underfull \hbox (badness 10000) in paragraph at lines 199--200
\T1/pcr/m/n/8 #define I2[]C[]_[][]EVENT[]_[][]SLAVE[]_[][]RECEIVER[]_[][]SECOND
ADDRESS[]_[][]MATCHED ((uint32[]_[]t)0x00820000) /$\OMS/cmsy/m/n/8 ^^C$ \T1/pcr
/m/n/8 DUALF and
 []


Underfull \hbox (badness 10000) in paragraph at lines 211--212
\T1/pcr/m/n/8 #define I2[]C[]_[][]EVENT[]_[][]SLAVE[]_[][]TRANSMITTER[]_[][]ADD
RESS[]_[][]MATCHED ((uint32[]_[]t)0x00060082) /$\OMS/cmsy/m/n/8 ^^C$ \T1/pcr/m/
n/8 TRA, BUSY, TXE
 []

[178]
Underfull \hbox (badness 10000) in paragraph at lines 217--218
\T1/pcr/m/n/8 #define I2[]C[]_[][]EVENT[]_[][]SLAVE[]_[][]TRANSMITTER[]_[][]SEC
ONDADDRESS[]_[][]MATCHED ((uint32[]_[]t)0x00860080) /$\OMS/cmsy/m/n/8 ^^C$ \T1/
pcr/m/n/8 DUALF,
 []

) (group___i2_c__own__address1.tex) (group___i2_c__clock__speed.tex)))
(group___r_c_c.tex [179] [180]
Underfull \hbox (badness 10000) in paragraph at lines 121--122

 []

[181] [182] [183]
Underfull \hbox (badness 10000) detected at line 360
[][][]
 []

[184]
Underfull \hbox (badness 10000) detected at line 383
[][][]
 []


Underfull \hbox (badness 10000) in paragraph at lines 384--385

 []

[185]
Underfull \hbox (badness 10000) detected at line 411
[][][]
 []

[186]
Underfull \hbox (badness 10000) detected at line 466
[][][]
 []

[187]
Underfull \hbox (badness 10000) detected at line 493
[][][]
 []

[188]
Underfull \hbox (badness 10000) detected at line 549
[][][]
 []

[189]
Underfull \hbox (badness 10000) detected at line 574
[][][]
 []


Underfull \hbox (badness 10000) detected at line 625
[][][]
 []

[190] [191]
Underfull \hbox (badness 10000) detected at line 652
[][][]
 []

[192] [193]
Underfull \hbox (badness 10000) detected at line 707
[][][]
 []


Underfull \hbox (badness 10000) detected at line 734
[][][]
 []

[194] [195]
Underfull \hbox (badness 10000) detected at line 789
[][][]
 []


Underfull \hbox (badness 10000) in paragraph at lines 792--793

 []

[196]
Underfull \hbox (badness 10000) detected at line 858
[][][]
 []


Underfull \hbox (badness 10000) in paragraph at lines 859--860

 []

[197]
Underfull \hbox (badness 10000) detected at line 882
[][][]
 []


Underfull \hbox (badness 10000) in paragraph at lines 916--917

 []


Underfull \hbox (badness 10000) detected at line 919
[][][]
 []


Underfull \hbox (badness 10000) in paragraph at lines 926--927

 []

[198]
Underfull \hbox (badness 10000) detected at line 940
[][][]
 []

[199] [200]
Underfull \hbox (badness 10000) detected at line 1030
[][][]
 []


Underfull \hbox (badness 10000) detected at line 1055
[][][]
 []


Underfull \hbox (badness 10000) in paragraph at lines 1060--1061

 []


Underfull \hbox (badness 10000) in paragraph at lines 1063--1064

 []

[201]
Underfull \hbox (badness 10000) detected at line 1088
[][][]
 []


Underfull \hbox (badness 10000) in paragraph at lines 1089--1090

 []


Underfull \hbox (badness 10000) in paragraph at lines 1092--1093

 []


Underfull \hbox (badness 10000) in paragraph at lines 1095--1096

 []


Underfull \hbox (badness 10000) detected at line 1103
[][][]
 []


Underfull \hbox (badness 10000) in paragraph at lines 1104--1105

 []

[202]
Underfull \hbox (badness 10000) detected at line 1122
[][][]
 []

[203]
Underfull \hbox (badness 10000) detected at line 1172
[][][]
 []


Underfull \hbox (badness 10000) in paragraph at lines 1173--1174

 []


Underfull \hbox (badness 10000) detected at line 1200
[][][]
 []


Underfull \hbox (badness 10000) in paragraph at lines 1203--1204

 []


Underfull \hbox (badness 10000) detected at line 1211
[][][]
 []

[204]
Underfull \hbox (badness 10000) detected at line 1229
[][][]
 []


Underfull \hbox (badness 10000) detected at line 1258
[][][]
 []

[205] [206]
Underfull \hbox (badness 10000) detected at line 1331
[][][]
 []


Underfull \hbox (badness 10000) detected at line 1358
[][][]
 []

[207]
Underfull \hbox (badness 10000) detected at line 1368
[][][]
 []


Underfull \hbox (badness 10000) in paragraph at lines 1369--1370

 []


Underfull \hbox (badness 10000) detected at line 1377
[][][]
 []


Underfull \hbox (badness 10000) detected at line 1385
[][][]
 []


Underfull \hbox (badness 10000) detected at line 1393
[][][]
 []


Underfull \hbox (badness 10000) detected at line 1401
[][][]
 []

[208]
Underfull \hbox (badness 10000) detected at line 1419
[][][]
 []


Underfull \hbox (badness 10000) in paragraph at lines 1420--1421

 []


Underfull \hbox (badness 10000) detected at line 1443
[][][]
 []


Underfull \hbox (badness 10000) in paragraph at lines 1446--1447

 []


Underfull \hbox (badness 10000) detected at line 1454
[][][]
 []


Underfull \hbox (badness 10000) detected at line 1462
[][][]
 []

[209]
Underfull \hbox (badness 10000) detected at line 1480
[][][]
 []


Underfull \hbox (badness 10000) detected at line 1503
[][][]
 []


Underfull \hbox (badness 10000) in paragraph at lines 1504--1505

 []


Underfull \hbox (badness 10000) detected at line 1517
[][][]
 []


Underfull \hbox (badness 10000) in paragraph at lines 1518--1519

 []

[210]
Underfull \hbox (badness 10000) detected at line 1538
[][][]
 []


Underfull \hbox (badness 10000) detected at line 1565
[][][]
 []

[211] (group___r_c_c___private___functions.tex (group___r_c_c___group1.tex
[212]
Underfull \hbox (badness 10000) detected at line 94
[][][]
 []

[213]
Underfull \hbox (badness 10000) detected at line 117
[][][]
 []


Underfull \hbox (badness 10000) in paragraph at lines 118--119

 []


Underfull \hbox (badness 10000) detected at line 141
[][][]
 []

[214]
Underfull \hbox (badness 10000) detected at line 177
[][][]
 []


Underfull \hbox (badness 10000) in paragraph at lines 182--183

 []


Underfull \hbox (badness 10000) in paragraph at lines 185--186

 []


Underfull \hbox (badness 10000) detected at line 210
[][][]
 []


Underfull \hbox (badness 10000) in paragraph at lines 211--212

 []


Underfull \hbox (badness 10000) in paragraph at lines 214--215

 []


Underfull \hbox (badness 10000) in paragraph at lines 217--218

 []

[215]
Underfull \hbox (badness 10000) detected at line 225
[][][]
 []


Underfull \hbox (badness 10000) in paragraph at lines 226--227

 []


Underfull \hbox (badness 10000) detected at line 244
[][][]
 []


Underfull \hbox (badness 10000) in paragraph at lines 245--246

 []


Underfull \hbox (badness 10000) detected at line 272
[][][]
 []


Underfull \hbox (badness 10000) in paragraph at lines 275--276

 []

[216]
Underfull \hbox (badness 10000) detected at line 283
[][][]
 []


Underfull \hbox (badness 10000) detected at line 301
[][][]
 []


Underfull \hbox (badness 10000) detected at line 330
[][][]
 []

[217]
Underfull \hbox (badness 10000) detected at line 359
[][][]
 []

[218]
Underfull \hbox (badness 10000) detected at line 386
[][][]
 []


Underfull \hbox (badness 10000) detected at line 396
[][][]
 []


Underfull \hbox (badness 10000) in paragraph at lines 397--398

 []


Underfull \hbox (badness 10000) detected at line 405
[][][]
 []


Underfull \hbox (badness 10000) detected at line 413
[][][]
 []


Underfull \hbox (badness 10000) detected at line 421
[][][]
 []

[219]
Underfull \hbox (badness 10000) detected at line 429
[][][]
 []


Underfull \hbox (badness 10000) detected at line 447
[][][]
 []


Underfull \hbox (badness 10000) in paragraph at lines 448--449

 []


Underfull \hbox (badness 10000) detected at line 471
[][][]
 []


Underfull \hbox (badness 10000) in paragraph at lines 474--475

 []


Underfull \hbox (badness 10000) detected at line 482
[][][]
 []


Overfull \vbox (3.37512pt too high) has occurred while \output is active []


[220]
Underfull \hbox (badness 10000) detected at line 490
[][][]
 []


Underfull \hbox (badness 10000) detected at line 508
[][][]
 []

) (group___r_c_c___group2.tex
Underfull \hbox (badness 10000) in paragraph at lines 22--23

 []

[221]

! LaTeX Error: Invalid UTF-8 byte "92.

See the LaTeX manual or LaTeX Companion for explanation.
Type  H <return>  for immediate help.
 ...                                              
                                                  
l.81 ...'0, the maximum value of HCLK is 144 MHz.
                                                  
? 

Underfull \hbox (badness 10000) in paragraph at lines 94--95

 []


Underfull \hbox (badness 10000) detected at line 97
[][][]
 []

[222]
Underfull \hbox (badness 10000) in paragraph at lines 104--105

 []


Underfull \hbox (badness 10000) detected at line 118
[][][]
 []

[223]
Underfull \hbox (badness 10000) detected at line 163
[][][]
 []

[224]
Underfull \hbox (badness 10000) detected at line 232
[][][]
 []

[225]) (group___r_c_c___group3.tex [226]
Underfull \hbox (badness 10000) detected at line 88
[][][]
 []


Underfull \hbox (badness 10000) in paragraph at lines 89--90

 []

[227]
Underfull \hbox (badness 10000) detected at line 116
[][][]
 []

[228] [229]
Underfull \hbox (badness 10000) detected at line 171
[][][]
 []

[230]
Underfull \hbox (badness 10000) detected at line 198
[][][]
 []

[231]
Underfull \hbox (badness 10000) detected at line 254
[][][]
 []

[232]
Underfull \hbox (badness 10000) detected at line 279
[][][]
 []


Underfull \hbox (badness 10000) detected at line 330
[][][]
 []

[233] [234]
Underfull \hbox (badness 10000) detected at line 357
[][][]
 []

[235] [236]
Underfull \hbox (badness 10000) detected at line 412
[][][]
 []


Underfull \hbox (badness 10000) detected at line 439
[][][]
 []

[237] [238]
Underfull \hbox (badness 10000) detected at line 494
[][][]
 []


Underfull \hbox (badness 10000) in paragraph at lines 497--498

 []

[239]
Underfull \hbox (badness 10000) detected at line 520
[][][]
 []


Underfull \hbox (badness 10000) detected at line 545
[][][]
 []


Underfull \hbox (badness 10000) detected at line 568
[][][]
 []


Underfull \hbox (badness 10000) in paragraph at lines 569--570

 []

[240]
Underfull \hbox (badness 10000) detected at line 582
[][][]
 []


Underfull \hbox (badness 10000) in paragraph at lines 583--584

 []

) (group___r_c_c___group4.tex [241] [242] [243]))
(group___r_c_c___exported___constants.tex
(group___r_c_c___h_s_e__configuration.tex [244])
(group___r_c_c___p_l_l___clock___source.tex [245])
(group___r_c_c___system___clock___source.tex [246])
(group___r_c_c___a_h_b___clock___source.tex [247])
(group___r_c_c___a_p_b1___a_p_b2___clock___source.tex)
(group___r_c_c___interrupt___source.tex [248])
(group___r_c_c___l_s_e___configuration.tex [249])
(group___r_c_c___r_t_c___clock___source.tex [250] [251] [252])
(group___r_c_c___i2_s___clock___source.tex
Underfull \hbox (badness 10000) in paragraph at lines 10--11
[]\T1/phv/m/n/10 #define [](SOURCE) (((SOURCE) == []) $\OMS/cmsy/m/n/10 j$$j$
 []


Overfull \hbox (28.78395pt too wide) in paragraph at lines 22--23
|   \T1/pcr/m/sl/8 SOURCE \T1/pcr/m/n/8 ) (((SOURCE) == []) $\OMS/cmsy/m/n/8 j$
$j$ \T1/pcr/m/n/8 ((SOURCE) == [])) 
 []

) (group___r_c_c___a_h_b1___peripherals.tex [253] [254] [255])
(group___r_c_c___a_h_b2___peripherals.tex)
(group___r_c_c___a_h_b3___peripherals.tex [256])
(group___r_c_c___a_p_b1___peripherals.tex [257] [258])
(group___r_c_c___a_p_b2___peripherals.tex [259])
(group___r_c_c___m_c_o1___clock___source___prescaler.tex [260] [261])
(group___r_c_c___m_c_o2___clock___source___prescaler.tex [262])
(group___r_c_c___flag.tex [263]))) (group___u_s_a_r_t.tex [264]
Underfull \hbox (badness 10000) in paragraph at lines 19--20

 []


Underfull \hbox (badness 10000) in paragraph at lines 22--23

 []

[265]
Underfull \hbox (badness 2213) in paragraph at lines 66--67
[]\T1/phv/m/n/10 void [] (USART[]_[][]Type[]Def $\OMS/cmsy/m/n/10 ^^C$\T1/phv/m
/n/10 USARTx, uint16[]_[]t USART[]_[][]LINBreak[]
 []

[266]
Underfull \hbox (badness 10000) detected at line 163
[][][]
 []


Underfull \hbox (badness 3000) in paragraph at lines 168--169
[]\T1/phv/m/n/10 TC flag can be also cleared by soft-ware sequence[]: a read op
-er-a-tion to USART[]_[][]SR reg-is-ter
 []

[267]
Underfull \hbox (badness 10000) detected at line 196
[][][]
 []


Underfull \hbox (badness 1052) in paragraph at lines 197--198
[]\T1/phv/m/n/10 PE (Par-ity er-ror), FE (Fram-ing er-ror), NE (Noise er-ror), 
ORE (Over[]Run er-ror) and IDLE (Idle line
 []


Underfull \hbox (badness 874) in paragraph at lines 197--198
\T1/phv/m/n/10 de-tected) pend-ing bits are cleared by soft-ware sequence[]: a 
read op-er-a-tion to USART[]_[][]SR reg-is-ter
 []


Underfull \hbox (badness 10000) detected at line 227
[][][]
 []


Underfull \hbox (badness 10000) in paragraph at lines 228--229

 []

[268] [269] [270] [271] [272] [273]
Underfull \hbox (badness 10000) detected at line 568
[][][]
 []

[274] [275] [276]
Underfull \hbox (badness 10000) detected at line 729
[][][]
 []


Underfull \hbox (badness 10000) in paragraph at lines 730--731

 []

[277] (group___u_s_a_r_t___private___functions.tex
(group___u_s_a_r_t___group1.tex [278] [279]
Underfull \hbox (badness 10000) detected at line 93
[][][]
 []


Underfull \hbox (badness 10000) in paragraph at lines 94--95

 []


Overfull \vbox (4.47017pt too high) has occurred while \output is active []


[280] [281]
Underfull \hbox (badness 10000) detected at line 218
[][][]
 []


Underfull \hbox (badness 10000) detected at line 250
[][][]
 []


Underfull \hbox (badness 10000) in paragraph at lines 251--252

 []

[282]) (group___u_s_a_r_t___group2.tex [283]) (group___u_s_a_r_t___group3.tex
[284]) (group___u_s_a_r_t___group4.tex
Underfull \hbox (badness 2213) in paragraph at lines 11--12
[]\T1/phv/m/n/10 void [] (USART[]_[][]Type[]Def $\OMS/cmsy/m/n/10 ^^C$\T1/phv/m
/n/10 USARTx, uint16[]_[]t USART[]_[][]LINBreak[]
 []

[285] [286]) (group___u_s_a_r_t___group5.tex [287])
(group___u_s_a_r_t___group6.tex [288] [289]) (group___u_s_a_r_t___group7.tex
[290] [291]) (group___u_s_a_r_t___group8.tex) (group___u_s_a_r_t___group9.tex
[292] [293]
Underfull \hbox (badness 10000) detected at line 124
[][][]
 []


Underfull \hbox (badness 3000) in paragraph at lines 129--130
[]\T1/phv/m/n/10 TC flag can be also cleared by soft-ware sequence[]: a read op
-er-a-tion to USART[]_[][]SR reg-is-ter
 []

[294]
Underfull \hbox (badness 10000) detected at line 157
[][][]
 []


Underfull \hbox (badness 1052) in paragraph at lines 158--159
[]\T1/phv/m/n/10 PE (Par-ity er-ror), FE (Fram-ing er-ror), NE (Noise er-ror), 
ORE (Over[]Run er-ror) and IDLE (Idle line
 []


Underfull \hbox (badness 874) in paragraph at lines 158--159
\T1/phv/m/n/10 de-tected) pend-ing bits are cleared by soft-ware sequence[]: a 
read op-er-a-tion to USART[]_[][]SR reg-is-ter
 []

[295] [296])) (group___u_s_a_r_t___exported___constants.tex [297]
(group___u_s_a_r_t___word___length.tex) (group___u_s_a_r_t___stop___bits.tex
[298]) (group___u_s_a_r_t___parity.tex) (group___u_s_a_r_t___mode.tex [299])
(group___u_s_a_r_t___hardware___flow___control.tex)
(group___u_s_a_r_t___clock.tex [300]) (group___u_s_a_r_t___clock___polarity.tex
) (group___u_s_a_r_t___clock___phase.tex) (group___u_s_a_r_t___last___bit.tex
[301]) (group___u_s_a_r_t___interrupt__definition.tex [302]
Underfull \hbox (badness 10000) in paragraph at lines 129--130
\T1/pcr/m/n/8 #define USART[]_[][]IT[]_[][]ORE[]_[][]ER ((uint16[]_[]t)0x0360) 
/$\OMS/cmsy/m/n/8 ^^C$ \T1/pcr/m/n/8 In case interrupt is generated if the EIE 
bit is
 []


Underfull \hbox (badness 10000) in paragraph at lines 135--136
\T1/pcr/m/n/8 #define USART[]_[][]IT[]_[][]ORE[]_[][]RX ((uint16[]_[]t)0x0325) 
/$\OMS/cmsy/m/n/8 ^^C$ \T1/pcr/m/n/8 In case interrupt is generated if the RXNE
IE bit
 []

[303] (group___u_s_a_r_t___legacy.tex))
(group___u_s_a_r_t___d_m_a___requests.tex
Underfull \hbox (badness 10000) in paragraph at lines 22--23
|   \T1/pcr/m/sl/8 DMAREQ \T1/pcr/m/n/8 ) ((((DMAREQ) & (uint16[]_[]t)0x[]FF3F)
 == 0x00) && ((DMAREQ) != (uint16[]_[]
 []

) (group___u_s_a_r_t___wake_up__methods.tex [304])
(group___u_s_a_r_t___l_i_n___break___detection___length.tex)
(group___u_s_a_r_t___ir_d_a___low___power.tex [305])
(group___u_s_a_r_t___flags.tex [306])))) (group___c_m_s_i_s.tex
(group__stm32f4xx__system.tex [307]
(group___s_t_m32_f4xx___system___private___includes.tex)
(group___s_t_m32_f4xx___system___private___types_definitions.tex)
(group___s_t_m32_f4xx___system___private___defines.tex)
(group___s_t_m32_f4xx___system___private___macros.tex)
(group___s_t_m32_f4xx___system___private___variables.tex)
(group___s_t_m32_f4xx___system___private___function_prototypes.tex [308])
(group___s_t_m32_f4xx___system___private___functions.tex
Underfull \hbox (badness 10000) detected at line 26
[][][]
 []


Underfull \hbox (badness 10000) in paragraph at lines 27--28

 []


Underfull \hbox (badness 10000) in paragraph at lines 39--40

 []

[309]))) [310]
Chapter 5.
(struct___a_d_c___init_type_def.tex [311

])
(struct_a_d_c___channel_conf_type_def.tex [312])
(struct_a_d_c___common_init_type_def.tex
Underfull \hbox (badness 10000) in paragraph at lines 5--6

 []


Underfull \hbox (badness 10000) in paragraph at lines 27--28

 []


Underfull \hbox (badness 1259) in paragraph at lines 37--40
[]\T1/phv/m/n/10 Configures the Di-rect mem-ory ac-cess mode for multi ADC mode
. This pa-ram-e-ter can be a value of
 []

[313]
Underfull \hbox (badness 2351) in paragraph at lines 43--46
[]\T1/phv/m/n/10 Configures the ADC to op-er-ate in in-de-pen-dent or multi mod
e. This pa-ram-e-ter can be a value of
 []


Overfull \hbox (42.98746pt too wide) in paragraph at lines 55--56
[]\T1/phv/m/n/10 Configures the De-lay be-tween 2 sam-pling phases. This pa-ram
-e-ter can be a value of [] 
 []

) (struct_a_d_c___handle_type_def.tex [314]) (struct_a_d_c___init_type_def.tex
Underfull \hbox (badness 10000) in paragraph at lines 5--6

 []


Underfull \hbox (badness 10000) in paragraph at lines 33--34

 []

[315]) (structanalogin__s.tex) (struct_g_p_i_o___init_type_def.tex
Underfull \hbox (badness 10000) in paragraph at lines 5--6

 []


Underfull \hbox (badness 10000) in paragraph at lines 39--40

 []

[316]
Underfull \hbox (badness 2310) in paragraph at lines 73--76
[]\T1/phv/m/n/10 Specifies the op-er-at-ing Pull-up/[]Pull down for the se-lect
ed pins. This pa-ram-e-ter can be a value of
 []

[317]) (struct_i2_c___init_type_def.tex
Underfull \hbox (badness 10000) in paragraph at lines 5--6

 []


Underfull \hbox (badness 10000) in paragraph at lines 31--32

 []

) (struct_pin_map.tex [318]) (struct_r_c_c___clocks_type_def.tex [319])
(struct_u_s_a_r_t___clock_init_type_def.tex
Underfull \hbox (badness 10000) in paragraph at lines 5--6

 []


Underfull \hbox (badness 10000) in paragraph at lines 27--28

 []


Underfull \hbox (badness 1748) in paragraph at lines 43--46
[]\T1/phv/m/n/10 Specifies the clock tran-si-tion on which the bit cap-ture is 
made. This pa-ram-e-ter can be a value of
 []

) (struct_u_s_a_r_t___init_type_def.tex
Underfull \hbox (badness 10000) in paragraph at lines 5--6

 []

[320]
Underfull \hbox (badness 10000) in paragraph at lines 31--32

 []


Underfull \hbox (badness 10000) detected at line 63
[][][]
 []

) [321] [322

]
Chapter 6.
(adc_8c.tex
Underfull \hbox (badness 10000) in paragraph at lines 3--6

 []

[323]
Underfull \hbox (badness 10000) detected at line 85
[][][]
 []

[324]) (adc_8h.tex
Underfull \hbox (badness 10000) in paragraph at lines 8--9

 []

[325]
Underfull \hbox (badness 10000) in paragraph at lines 17--18

 []


Overfull \hbox (15.58134pt too wide) in paragraph at lines 72--74
[]\T1/phv/m/n/10 #define []([]_[][]NBR[]_[][]DISCONTINUOUSCONV[]_[]) ((([]_[][]
NBR[]_[][]DISCONTINUOUSCONV[]
 []

[326]
Underfull \hbox (badness 1484) in paragraph at lines 126--128
[]\T1/phv/m/n/10 #define [] ((uint32[]_[]t)(ADC[]_[][]CR1[]_[][]AWDCH[]_[]2 $\O
MS/cmsy/m/n/10 j$ \T1/phv/m/n/10 ADC[]_[][]CR1[]_[][]AWDCH[]_[]1 $\OMS/cmsy/m/n
/10 j$ \T1/phv/m/n/10 ADC[]_[][]CR1[]_[][]
 []


Overfull \hbox (25.72818pt too wide) in paragraph at lines 157--176
[] \T1/phv/m/n/10 = 0x22 , [] = 0x32 , []
 []

[327]
Underfull \hbox (badness 10000) detected at line 227
[][][]
 []

[328]
Underfull \hbox (badness 10000) in paragraph at lines 303--304
\T1/pcr/m/n/8 #define ADC[]_[][]CHANNEL[]_[]15 ((uint32[]_[]t)(ADC[]_[][]CR1[]_
[][]AWDCH[]_[]3 $\OMS/cmsy/m/n/8 j$ \T1/pcr/m/n/8 ADC[]_[][]CR1[]_[][]AWDCH[]_[
]2 $\OMS/cmsy/m/n/8 j$ \T1/pcr/m/n/8 ADC[]_[][]CR1[]_[][]AWDCH[]_[]1 $\OMS/cmsy
/m/n/8 j$ \T1/pcr/m/n/8 ADC[]_[][]
 []

[329]
Underfull \hbox (badness 10000) in paragraph at lines 393--394
|   []\T1/pcr/m/sl/8 _[][]NBR[]_[][]DISCONTINUOUSCONV[]_[] \T1/pcr/m/n/8 ) ((([
]_[][]NBR[]_[][]DISCONTINUOUSCONV[]_[]) - 1) $\OML/cmm/m/it/8 <$$<$ \T1/pcr/m/n
/8 POSITION[]_[][]VAL(ADC[]
 []


Underfull \hbox (badness 10000) in paragraph at lines 423--424
|   []\T1/pcr/m/sl/8 _[][]CHANNELNB[]_[] \T1/pcr/m/n/8 ) (([]_[][]SAMPLETIME[]_
[]) $\OML/cmm/m/it/8 <$$<$ \T1/pcr/m/n/8 (3 $\OMS/cmsy/m/n/8 ^^C$ \T1/pcr/m/n/8
 (((uint32[]_[]t)((uint16[]_[]t)([]_[][]CHANNELNB[]_[]))) -
 []

[330] [331] [332]
Underfull \hbox (badness 10000) in paragraph at lines 624--625
|   \T1/pcr/m/sl/8 INVERTED \T1/pcr/m/n/8 ) ((int)(((INVERTED & 0x01) $\OML/cmm
/m/it/8 <$$<$ \T1/pcr/m/n/8 15) $\OMS/cmsy/m/n/8 j$ \T1/pcr/m/n/8 ((CHANNEL & 0
x0F) $\OML/cmm/m/it/8 <$$<$ \T1/pcr/m/n/8 11) $\OMS/cmsy/m/n/8 j$ \T1/pcr/m/n/8
 ((AFNUM
 []

[333] [334]
Underfull \hbox (badness 10000) detected at line 810
[][][]
 []

[335]) (adc_8h_source.tex [336] [337]) (comparator_8c.tex
Underfull \hbox (badness 10000) in paragraph at lines 3--6

 []

[338]) (comparator_8h.tex
Underfull \hbox (badness 10000) in paragraph at lines 8--9

 []


Underfull \hbox (badness 10000) detected at line 34
[][][]
 []

[339]
Underfull \hbox (badness 10000) detected at line 93
[][][]
 []


Underfull \hbox (badness 10000) detected at line 111
[][][]
 []

) (comparator_8h_source.tex [340]) (gpio_8c.tex
Underfull \hbox (badness 10000) in paragraph at lines 3--5

 []

[341]
Underfull \hbox (badness 10000) detected at line 113
[][][]
 []

[342]
Underfull \hbox (badness 10000) detected at line 133
[][][]
 []


Underfull \hbox (badness 10000) detected at line 163
[][][]
 []


Underfull \hbox (badness 10000) detected at line 166
[][][]
 []

[343]) (gpio_8h.tex [344]
Underfull \hbox (badness 10000) in paragraph at lines 8--9

 []


Underfull \hbox (badness 10000) detected at line 50
[][][]
 []

[345]
Underfull \hbox (badness 10000) detected at line 122
[][][]
 []


Underfull \hbox (badness 10000) detected at line 142
[][][]
 []

[346]
Underfull \hbox (badness 10000) detected at line 172
[][][]
 []


Underfull \hbox (badness 10000) detected at line 175
[][][]
 []

[347]) (gpio_8h_source.tex
LaTeX Font Info:    Trying to load font information for TS1+pcr on input line 4
3.

(C:\Users\Kiran Windows\AppData\Local\Programs\MiKTeX\tex/latex/psnfss\ts1pcr.f
d
File: ts1pcr.fd 2001/06/04 font definitions for TS1/pcr.
)) (i2c_8c.tex
Underfull \hbox (badness 10000) in paragraph at lines 3--7

 []

[348]) (i2c_8h.tex [349]
Underfull \hbox (badness 10000) in paragraph at lines 8--9

 []


Underfull \hbox (badness 10000) detected at line 23
[][][]
 []


Overfull \vbox (0.74814pt too high) has occurred while \output is active []


[350]) (i2c_8h_source.tex) (platform_8h.tex
Underfull \hbox (badness 10000) in paragraph at lines 3--4

 []

[351] [352] [353] [354] [355]) (platform_8h_source.tex [356] [357]

! LaTeX Error: Invalid UTF-8 byte "A9.

See the LaTeX manual or LaTeX Companion for explanation.
Type  H <return>  for immediate help.
 ...                                              
                                                  
l.165 ...*********************************\ \ \ }}
                                                  
? 
) (stm32f4xx__adc_8c.tex
Underfull \hbox (badness 10000) in paragraph at lines 8--10

 []

[358]
Underfull \hbox (badness 10000) in paragraph at lines 99--100

 []


Underfull \hbox (badness 10000) in paragraph at lines 102--103

 []

[359]
Underfull \hbox (badness 10000) detected at line 139
[][][]
 []


Underfull \hbox (badness 10000) detected at line 142
[][][]
 []


Underfull \hbox (badness 10000) detected at line 145
[][][]
 []

[360]
Underfull \hbox (badness 10000) detected at line 221
[][][]
 []

LaTeX Font Info:    Font shape `TS1/phv/b/n' will be
(Font)              scaled to size 8.99994pt on input line 226.
) (stm32f4xx__adc_8h.tex
Underfull \hbox (badness 10000) in paragraph at lines 8--9

 []

[361]
Underfull \hbox (badness 10000) in paragraph at lines 13--14

 []


Underfull \hbox (badness 10000) in paragraph at lines 16--17

 []

[362] [363] [364]
Underfull \hbox (badness 10000) in paragraph at lines 385--386

 []

[365]
Underfull \hbox (badness 10000) in paragraph at lines 388--389

 []


Underfull \hbox (badness 10000) detected at line 425
[][][]
 []


Underfull \hbox (badness 10000) detected at line 428
[][][]
 []


Underfull \hbox (badness 10000) detected at line 431
[][][]
 []

[366]
Underfull \hbox (badness 10000) detected at line 434
[][][]
 []

) (stm32f4xx__adc_8h_source.tex [367] [368] [369] [370])
(stm32f4xx__gpio_8c.tex
Underfull \hbox (badness 10000) in paragraph at lines 5--6

 []


Underfull \hbox (badness 10000) in paragraph at lines 9--11

 []

[371]
Underfull \hbox (badness 10000) in paragraph at lines 45--46

 []


Underfull \hbox (badness 10000) detected at line 48
[][][]
 []


Underfull \hbox (badness 10000) detected at line 51
[][][]
 []


Underfull \hbox (badness 10000) detected at line 54
[][][]
 []

[372]
Underfull \hbox (badness 10000) detected at line 113
[][][]
 []

) (stm32f4xx__gpio_8h.tex
Underfull \hbox (badness 10000) in paragraph at lines 8--9

 []

[373]
Underfull \hbox (badness 10000) in paragraph at lines 13--14

 []


Underfull \hbox (badness 10000) in paragraph at lines 103--104

 []


Underfull \hbox (badness 10000) in paragraph at lines 114--115

 []

[374]
Underfull \hbox (badness 10000) in paragraph at lines 119--120

 []


Underfull \hbox (badness 10000) in paragraph at lines 126--127

 []


Underfull \hbox (badness 10000) in paragraph at lines 135--136

 []


Underfull \hbox (badness 10000) in paragraph at lines 142--143

 []


Underfull \hbox (badness 10000) in paragraph at lines 147--148

 []


Underfull \hbox (badness 10000) in paragraph at lines 150--151

 []


Underfull \hbox (badness 10000) in paragraph at lines 159--160

 []


Underfull \hbox (badness 10000) in paragraph at lines 176--177

 []


Underfull \hbox (badness 10000) in paragraph at lines 181--182

 []


Underfull \hbox (badness 10000) in paragraph at lines 184--185

 []

[375]
Underfull \hbox (badness 10000) in paragraph at lines 191--192

 []


Underfull \hbox (badness 10000) in paragraph at lines 194--195

 []

[376]
Underfull \hbox (badness 10000) detected at line 270
[][][]
 []


Underfull \hbox (badness 10000) detected at line 273
[][][]
 []


Underfull \hbox (badness 10000) detected at line 276
[][][]
 []


Underfull \hbox (badness 10000) detected at line 279
[][][]
 []

) (stm32f4xx__gpio_8h_source.tex [377] [378] [379]) (stm32f4xx__i2c_8c.tex
Underfull \hbox (badness 10000) in paragraph at lines 8--10

 []

[380] [381]
Underfull \hbox (badness 10000) detected at line 93
[][][]
 []


Underfull \hbox (badness 10000) detected at line 96
[][][]
 []


Underfull \hbox (badness 10000) detected at line 99
[][][]
 []

[382]
Underfull \hbox (badness 10000) detected at line 166
[][][]
 []

) (stm32f4xx__i2c_8h.tex
Underfull \hbox (badness 10000) in paragraph at lines 8--9

 []


Underfull \hbox (badness 10000) in paragraph at lines 13--14

 []

[383]
Underfull \hbox (badness 10000) in paragraph at lines 131--132

 []

[384]
Underfull \hbox (badness 10000) in paragraph at lines 146--147

 []


Underfull \hbox (badness 3199) in paragraph at lines 180--181
[]\T1/phv/m/n/10 #define [] ((uint32[]_[]t)0x00070082) /$\OMS/cmsy/m/n/10 ^^C$ 
\T1/phv/m/n/10 BUSY,
 []


Underfull \hbox (badness 1259) in paragraph at lines 192--193
[]\T1/phv/m/n/10 #define [] ((uint32[]_[]t)0x00020002) /$\OMS/cmsy/m/n/10 ^^C$ 
\T1/phv/m/n/10 BUSY and
 []


Underfull \hbox (badness 4229) in paragraph at lines 194--196
[]\T1/phv/m/n/10 #define [] ((uint32[]_[]t)0x00060082) /$\OMS/cmsy/m/n/10 ^^C$ 
\T1/phv/m/n/10 TRA,
 []

[385] [386]
Underfull \hbox (badness 10000) detected at line 292
[][][]
 []


Underfull \hbox (badness 10000) detected at line 295
[][][]
 []


Underfull \hbox (badness 10000) detected at line 298
[][][]
 []


Underfull \hbox (badness 10000) detected at line 301
[][][]
 []

) (stm32f4xx__i2c_8h_source.tex [387] [388] [389] [390] [391])
(stm32f4xx__rcc_8c.tex
Underfull \hbox (badness 10000) in paragraph at lines 8--9

 []

[392] [393]
Underfull \hbox (badness 10000) in paragraph at lines 116--117

 []

[394]
Underfull \hbox (badness 10000) detected at line 171
[][][]
 []


Underfull \hbox (badness 10000) detected at line 174
[][][]
 []


Underfull \hbox (badness 10000) detected at line 177
[][][]
 []


Underfull \hbox (badness 10000) detected at line 213
[][][]
 []

[395]) (stm32f4xx__rcc_8h.tex
Underfull \hbox (badness 10000) in paragraph at lines 8--9

 []

[396] [397]
Underfull \hbox (badness 10000) in paragraph at lines 181--183
[]\T1/phv/m/n/10 #define [](SOURCE) (((SOURCE) == []) $\OMS/cmsy/m/n/10 j$$j$
 []

[398] [399] [400]
Underfull \hbox (badness 10000) in paragraph at lines 447--448

 []

[401]
Underfull \hbox (badness 10000) detected at line 502
[][][]
 []


Underfull \hbox (badness 10000) detected at line 505
[][][]
 []


Underfull \hbox (badness 10000) detected at line 508
[][][]
 []


Underfull \hbox (badness 10000) detected at line 511
[][][]
 []

) (stm32f4xx__rcc_8h_source.tex [402] [403] [404] [405])
(stm32f4xx__usart_8c.tex
Underfull \hbox (badness 10000) in paragraph at lines 5--6

 []


Underfull \hbox (badness 10000) in paragraph at lines 9--11

 []

[406]
Underfull \hbox (badness 2213) in paragraph at lines 53--54
[]\T1/phv/m/n/10 void [] (USART[]_[][]Type[]Def $\OMS/cmsy/m/n/10 ^^C$\T1/phv/m
/n/10 USARTx, uint16[]_[]t USART[]_[][]LINBreak[]
 []

[407]
Underfull \hbox (badness 10000) in paragraph at lines 86--87

 []


Underfull \hbox (badness 10000) detected at line 89
[][][]
 []


Underfull \hbox (badness 10000) detected at line 92
[][][]
 []


Underfull \hbox (badness 10000) detected at line 95
[][][]
 []


Overfull \hbox (39.1562pt too wide) in paragraph at lines 115--115
[]\T1/pcr/m/n/8 *             RCC_APB1PeriphClockCmd(RCC_APB1Periph_USARTx, ENA
BLE) for USART2, USART3, UART4 or UART5.[] 
 []

[408]
Overfull \hbox (19.95619pt too wide) in paragraph at lines 153--153
[]\T1/pcr/m/n/8 *          This function should be called after enabling the US
ART clock (RCC_APBxPeriphClockCmd())[] 
 []


Underfull \hbox (badness 10000) detected at line 159
[][][]
 []

) (stm32f4xx__usart_8h.tex
Underfull \hbox (badness 10000) in paragraph at lines 8--9

 []


Underfull \hbox (badness 10000) in paragraph at lines 13--14

 []


Underfull \hbox (badness 10000) in paragraph at lines 16--17

 []

[409] [410] [411]
Underfull \hbox (badness 2213) in paragraph at lines 206--207
[]\T1/phv/m/n/10 void [] (USART[]_[][]Type[]Def $\OMS/cmsy/m/n/10 ^^C$\T1/phv/m
/n/10 USARTx, uint16[]_[]t USART[]_[][]LINBreak[]
 []


Underfull \hbox (badness 10000) detected at line 241
[][][]
 []


Underfull \hbox (badness 10000) detected at line 244
[][][]
 []


Underfull \hbox (badness 10000) detected at line 247
[][][]
 []


Underfull \hbox (badness 10000) detected at line 250
[][][]
 []

[412]) (stm32f4xx__usart_8h_source.tex [413] [414]) (timer_8c.tex
Underfull \hbox (badness 10000) in paragraph at lines 3--5

 []

[415]) (timer_8h.tex [416]
Underfull \hbox (badness 10000) in paragraph at lines 8--9

 []


Underfull \hbox (badness 10000) detected at line 27
[][][]
 []

[417]) (timer_8h_source.tex

! LaTeX Error: Invalid UTF-8 byte "A9.

See the LaTeX manual or LaTeX Companion for explanation.
Type  H <return>  for immediate help.
 ...                                              
                                                  
l.21 ...**********************************\ \ \ }}
                                                  
? 
) (uart_8c.tex
Underfull \hbox (badness 10000) in paragraph at lines 3--8

 []

[418]
Underfull \hbox (badness 10000) detected at line 78
[][][]
 []


Underfull \hbox (badness 10000) detected at line 81
[][][]
 []

) (uart_8h.tex [419]
Underfull \hbox (badness 10000) in paragraph at lines 8--9

 []


Underfull \hbox (badness 10000) detected at line 29
[][][]
 []

[420]
Underfull \hbox (badness 10000) detected at line 85
[][][]
 []


Underfull \hbox (badness 10000) detected at line 88
[][][]
 []

) (uart_8h_source.tex) (adc_8d.tex) (comparator_8d.tex) (gpio_8d.tex)
(i2c_8d.tex) (main_8d.tex) (startup__stm32f401xe_8d.tex) (stm32f4xx__adc_8d.tex
) (stm32f4xx__gpio_8d.tex) (stm32f4xx__i2c_8d.tex) (stm32f4xx__rcc_8d.tex)
(stm32f4xx__usart_8d.tex) (system__stm32f4xx_8d.tex) (timer_8d.tex)
(uart_8d.tex) (_r_t_e___components_8h.tex [421])
(_r_t_e___components_8h_source.tex [422]) (system__stm32f4xx_8c.tex
Underfull \hbox (badness 10000) in paragraph at lines 8--9

 []


Underfull \hbox (badness 10000) detected at line 37
[][][]
 []


Underfull \hbox (badness 10000) detected at line 47
[][][]
 []

) (main_8c.tex [423]
Underfull \hbox (badness 10000) in paragraph at lines 8--10

 []


Underfull \hbox (badness 10000) detected at line 24
[][][]
 []


Underfull \hbox (badness 10000) detected at line 27
[][][]
 []


Underfull \hbox (badness 10000) detected at line 50
[][][]
 []

[424] [425]
Underfull \hbox (badness 10000) detected at line 68
[][][]
 []


Underfull \hbox (badness 10000) detected at line 86
[][][]
 []

) [426] (refman.ind
LaTeX Font Info:    Font shape `T1/phv/m/n' will be
(Font)              scaled to size 22.39185pt on input line 1.

Underfull \hbox (badness 10000) in paragraph at lines 71--73
[]| \T1/phv/m/n/10 ADC_GetSoftwareStartInjectedConvCmdStatus,
 []

[427



] [428]
Underfull \hbox (badness 10000) in paragraph at lines 243--245
[]| \T1/phv/m/n/10 ADC_AnalogWatchdog_SingleRegOrInjecEnable,
 []

[429] [430]
Underfull \hbox (badness 10000) in paragraph at lines 479--481
[]\T1/phv/m/n/10 ADC_Direct_memory_access_mode_for_multi_mode,
 []


Overfull \hbox (31.90227pt too wide) in paragraph at lines 531--533
[]\T1/phv/m/n/10 ADC_external_trigger_edge_for_injected_channels_conversion,
 []


Underfull \hbox (badness 10000) in paragraph at lines 536--538
[]| \T1/phv/m/n/10 ADC_ExternalTrigInjecConvEdge_RisingFalling,
 []


Overfull \hbox (28.89632pt too wide) in paragraph at lines 539--541
[]\T1/phv/m/n/10 ADC_external_trigger_edge_for_regular_channels_conversion,
 []


Overfull \hbox (60.16426pt too wide) in paragraph at lines 549--551
[]| \T1/phv/m/n/10 ADC_extrenal_trigger_sources_for_regular_channels_conversion
,
 []


Overfull \hbox (60.16426pt too wide) in paragraph at lines 552--554
[]| \T1/phv/m/n/10 ADC_extrenal_trigger_sources_for_regular_channels_conversion
,
 []


Overfull \hbox (60.16426pt too wide) in paragraph at lines 555--557
[]| \T1/phv/m/n/10 ADC_extrenal_trigger_sources_for_regular_channels_conversion
,
 []


Overfull \hbox (60.16426pt too wide) in paragraph at lines 558--560
[]| \T1/phv/m/n/10 ADC_extrenal_trigger_sources_for_regular_channels_conversion
,
 []


Overfull \hbox (60.16426pt too wide) in paragraph at lines 561--563
[]| \T1/phv/m/n/10 ADC_extrenal_trigger_sources_for_regular_channels_conversion
,
 []


Overfull \hbox (60.16426pt too wide) in paragraph at lines 564--566
[]| \T1/phv/m/n/10 ADC_extrenal_trigger_sources_for_regular_channels_conversion
,
 []


Overfull \hbox (60.16426pt too wide) in paragraph at lines 567--569
[]| \T1/phv/m/n/10 ADC_extrenal_trigger_sources_for_regular_channels_conversion
,
 []


Overfull \hbox (60.16426pt too wide) in paragraph at lines 570--572
[]| \T1/phv/m/n/10 ADC_extrenal_trigger_sources_for_regular_channels_conversion
,
 []


Overfull \hbox (60.16426pt too wide) in paragraph at lines 573--575
[]| \T1/phv/m/n/10 ADC_extrenal_trigger_sources_for_regular_channels_conversion
,
 []


Overfull \hbox (60.16426pt too wide) in paragraph at lines 576--578
[]| \T1/phv/m/n/10 ADC_extrenal_trigger_sources_for_regular_channels_conversion
,
 []

[431]
Overfull \hbox (60.16426pt too wide) in paragraph at lines 579--581
[]| \T1/phv/m/n/10 ADC_extrenal_trigger_sources_for_regular_channels_conversion
,
 []


Overfull \hbox (60.16426pt too wide) in paragraph at lines 582--584
[]| \T1/phv/m/n/10 ADC_extrenal_trigger_sources_for_regular_channels_conversion
,
 []


Overfull \hbox (60.16426pt too wide) in paragraph at lines 585--587
[]| \T1/phv/m/n/10 ADC_extrenal_trigger_sources_for_regular_channels_conversion
,
 []


Overfull \hbox (60.16426pt too wide) in paragraph at lines 588--590
[]| \T1/phv/m/n/10 ADC_extrenal_trigger_sources_for_regular_channels_conversion
,
 []


Overfull \hbox (60.16426pt too wide) in paragraph at lines 591--593
[]| \T1/phv/m/n/10 ADC_extrenal_trigger_sources_for_regular_channels_conversion
,
 []


Overfull \hbox (60.16426pt too wide) in paragraph at lines 594--596
[]| \T1/phv/m/n/10 ADC_extrenal_trigger_sources_for_regular_channels_conversion
,
 []


Overfull \hbox (48.89632pt too wide) in paragraph at lines 599--601
[]| \T1/phv/m/n/10 ADC_external_trigger_edge_for_regular_channels_conversion,
 []


Overfull \hbox (48.89632pt too wide) in paragraph at lines 602--604
[]| \T1/phv/m/n/10 ADC_external_trigger_edge_for_regular_channels_conversion,
 []


Overfull \hbox (48.89632pt too wide) in paragraph at lines 605--607
[]| \T1/phv/m/n/10 ADC_external_trigger_edge_for_regular_channels_conversion,
 []


Overfull \hbox (48.89632pt too wide) in paragraph at lines 608--610
[]| \T1/phv/m/n/10 ADC_external_trigger_edge_for_regular_channels_conversion,
 []


Overfull \hbox (63.17021pt too wide) in paragraph at lines 611--613
[]| \T1/phv/m/n/10 ADC_extrenal_trigger_sources_for_injected_channels_conversio
n,
 []


Overfull \hbox (63.17021pt too wide) in paragraph at lines 614--616
[]| \T1/phv/m/n/10 ADC_extrenal_trigger_sources_for_injected_channels_conversio
n,
 []


Overfull \hbox (63.17021pt too wide) in paragraph at lines 617--619
[]| \T1/phv/m/n/10 ADC_extrenal_trigger_sources_for_injected_channels_conversio
n,
 []


Overfull \hbox (63.17021pt too wide) in paragraph at lines 620--622
[]| \T1/phv/m/n/10 ADC_extrenal_trigger_sources_for_injected_channels_conversio
n,
 []


Overfull \hbox (63.17021pt too wide) in paragraph at lines 623--625
[]| \T1/phv/m/n/10 ADC_extrenal_trigger_sources_for_injected_channels_conversio
n,
 []


Overfull \hbox (63.17021pt too wide) in paragraph at lines 626--628
[]| \T1/phv/m/n/10 ADC_extrenal_trigger_sources_for_injected_channels_conversio
n,
 []


Overfull \hbox (63.17021pt too wide) in paragraph at lines 629--631
[]| \T1/phv/m/n/10 ADC_extrenal_trigger_sources_for_injected_channels_conversio
n,
 []


Overfull \hbox (63.17021pt too wide) in paragraph at lines 632--634
[]| \T1/phv/m/n/10 ADC_extrenal_trigger_sources_for_injected_channels_conversio
n,
 []


Overfull \hbox (63.17021pt too wide) in paragraph at lines 635--637
[]| \T1/phv/m/n/10 ADC_extrenal_trigger_sources_for_injected_channels_conversio
n,
 []


Overfull \hbox (63.17021pt too wide) in paragraph at lines 638--640
[]| \T1/phv/m/n/10 ADC_extrenal_trigger_sources_for_injected_channels_conversio
n,
 []


Overfull \hbox (63.17021pt too wide) in paragraph at lines 641--643
[]| \T1/phv/m/n/10 ADC_extrenal_trigger_sources_for_injected_channels_conversio
n,
 []


Overfull \hbox (63.17021pt too wide) in paragraph at lines 644--646
[]| \T1/phv/m/n/10 ADC_extrenal_trigger_sources_for_injected_channels_conversio
n,
 []


Overfull \hbox (63.17021pt too wide) in paragraph at lines 647--649
[]| \T1/phv/m/n/10 ADC_extrenal_trigger_sources_for_injected_channels_conversio
n,
 []


Overfull \hbox (63.17021pt too wide) in paragraph at lines 650--652
[]| \T1/phv/m/n/10 ADC_extrenal_trigger_sources_for_injected_channels_conversio
n,
 []


Overfull \hbox (63.17021pt too wide) in paragraph at lines 653--655
[]| \T1/phv/m/n/10 ADC_extrenal_trigger_sources_for_injected_channels_conversio
n,
 []


Overfull \hbox (63.17021pt too wide) in paragraph at lines 656--658
[]| \T1/phv/m/n/10 ADC_extrenal_trigger_sources_for_injected_channels_conversio
n,
 []


Overfull \hbox (51.90227pt too wide) in paragraph at lines 659--661
[]| \T1/phv/m/n/10 ADC_external_trigger_edge_for_injected_channels_conversion,
 []


Overfull \hbox (51.90227pt too wide) in paragraph at lines 662--664
[]| \T1/phv/m/n/10 ADC_external_trigger_edge_for_injected_channels_conversion,
 []


Overfull \hbox (51.90227pt too wide) in paragraph at lines 665--667
[]| \T1/phv/m/n/10 ADC_external_trigger_edge_for_injected_channels_conversion,
 []


Overfull \hbox (51.90227pt too wide) in paragraph at lines 668--670
[]| \T1/phv/m/n/10 ADC_external_trigger_edge_for_injected_channels_conversion,
 []


Overfull \hbox (43.17021pt too wide) in paragraph at lines 678--680
[]\T1/phv/m/n/10 ADC_extrenal_trigger_sources_for_injected_channels_conversion,

 []

[432]
Overfull \hbox (40.16426pt too wide) in paragraph at lines 697--699
[]\T1/phv/m/n/10 ADC_extrenal_trigger_sources_for_regular_channels_conversion,
 []

[433] [434] [435] [436] [437] [438] [439]
Underfull \hbox (badness 892) in paragraph at lines 1612--1614
[]| \T1/phv/m/n/10 GPIO Al-ter-nate func-tions con-fig-u-ra-tion func-tion,
 []

[440] [441] [442]
Overfull \hbox (22.41702pt too wide) in paragraph at lines 1948--1949
[]\T1/phv/m/n/10 I2C_EVENT_MASTER_TRANSMITTER_MODE_SELECTED 
 []


Overfull \hbox (22.22794pt too wide) in paragraph at lines 1958--1959
[]\T1/phv/m/n/10 I2C_EVENT_SLAVE_GENERALCALLADDRESS_MATCHED 
 []


Overfull \hbox (45.86163pt too wide) in paragraph at lines 1962--1963
[]\T1/phv/m/n/10 I2C_EVENT_SLAVE_RECEIVER_SECONDADDRESS_MATCHED 
 []


Overfull \hbox (25.71101pt too wide) in paragraph at lines 1966--1967
[]\T1/phv/m/n/10 I2C_EVENT_SLAVE_TRANSMITTER_ADDRESS_MATCHED 
 []


Overfull \hbox (63.8525pt too wide) in paragraph at lines 1968--1969
[]\T1/phv/m/n/10 I2C_EVENT_SLAVE_TRANSMITTER_SECONDADDRESS_MATCHED 
 []


Underfull \hbox (badness 10000) in paragraph at lines 1972--1973
[]| \T1/phv/m/n/10 I2C_EVENT_MASTER_BYTE_TRANSMITTED,
 []


Underfull \hbox (badness 10000) in paragraph at lines 1973--1974
[]| \T1/phv/m/n/10 I2C_EVENT_MASTER_BYTE_TRANSMITTING,
 []


Overfull \hbox (26.92805pt too wide) in paragraph at lines 1976--1978
[]| \T1/phv/m/n/10 I2C_EVENT_MASTER_RECEIVER_MODE_SELECTED,
 []


Overfull \hbox (44.91891pt too wide) in paragraph at lines 1978--1980
[]| \T1/phv/m/n/10 I2C_EVENT_MASTER_TRANSMITTER_MODE_SELECTED,
 []


Underfull \hbox (badness 10000) in paragraph at lines 1983--1984
[]| \T1/phv/m/n/10 I2C_EVENT_SLAVE_BYTE_TRANSMITTING,
 []


Overfull \hbox (44.72983pt too wide) in paragraph at lines 1984--1986
[]| \T1/phv/m/n/10 I2C_EVENT_SLAVE_GENERALCALLADDRESS_MATCHED,
 []


Overfull \hbox (30.22205pt too wide) in paragraph at lines 1986--1988
[]| \T1/phv/m/n/10 I2C_EVENT_SLAVE_RECEIVER_ADDRESS_MATCHED,
 []


Overfull \hbox (68.36353pt too wide) in paragraph at lines 1988--1990
[]| \T1/phv/m/n/10 I2C_EVENT_SLAVE_RECEIVER_SECONDADDRESS_MATCHED,
 []


Overfull \hbox (48.2129pt too wide) in paragraph at lines 1991--1993
[]| \T1/phv/m/n/10 I2C_EVENT_SLAVE_TRANSMITTER_ADDRESS_MATCHED,
 []


Overfull \hbox (86.35439pt too wide) in paragraph at lines 1993--1995
[]| \T1/phv/m/n/10 I2C_EVENT_SLAVE_TRANSMITTER_SECONDADDRESS_MATCHED,
 []

[443] [444] [445]
Underfull \hbox (badness 10000) in paragraph at lines 2341--2343
[]| \T1/phv/m/n/10 ADC_GetSoftwareStartInjectedConvCmdStatus,
 []

[446]
Overfull \hbox (63.17021pt too wide) in paragraph at lines 2418--2420
[]| \T1/phv/m/n/10 ADC_extrenal_trigger_sources_for_injected_channels_conversio
n,
 []


Overfull \hbox (51.90227pt too wide) in paragraph at lines 2421--2423
[]| \T1/phv/m/n/10 ADC_external_trigger_edge_for_injected_channels_conversion,
 []


Overfull \hbox (60.16426pt too wide) in paragraph at lines 2424--2426
[]| \T1/phv/m/n/10 ADC_extrenal_trigger_sources_for_regular_channels_conversion
,
 []


Overfull \hbox (48.89632pt too wide) in paragraph at lines 2427--2429
[]| \T1/phv/m/n/10 ADC_external_trigger_edge_for_regular_channels_conversion,
 []

[447] [448] [449] [450] [451] [452] [453] [454] [455] [456] [457] [458]
Underfull \hbox (badness 10000) in paragraph at lines 3883--3884
[]\T1/phv/m/n/10 RTE/Device/STM32F401RETx/system_stm32f4xx.c,
 []

[459] [460] [461] [462] [463]) (refman.aux)
 ***********
LaTeX2e <2023-06-01> patch level 1
L3 programming layer <2023-08-29>
 ***********
Package rerunfilecheck Info: File `refman.out' has not changed.
(rerunfilecheck)             Checksum: D883EA10490DAD05E5D030AA1BEE5981;93491.
 ) 
Here is how much of TeX's memory you used:
 26759 strings out of 475247
 612643 string characters out of 5753980
 1989801 words of memory out of 5000000
 42790 multiletter control sequences out of 15000+600000
 613369 words of font info for 106 fonts, out of 8000000 for 9000
 1141 hyphenation exceptions out of 8191
 101i,16n,117p,3083b,750s stack positions out of 10000i,1000n,20000p,200000b,200000s
<C:/Users/Kiran Windows/AppData/Local/Programs/MiKTeX/fonts/type1/public/amsf
onts/cm/cmmi10.pfb><C:/Users/Kiran Windows/AppData/Local/Programs/MiKTeX/fonts/
type1/public/amsfonts/cm/cmmi7.pfb><C:/Users/Kiran Windows/AppData/Local/Progra
ms/MiKTeX/fonts/type1/public/amsfonts/cm/cmmi8.pfb><C:/Users/Kiran Windows/AppD
ata/Local/Programs/MiKTeX/fonts/type1/public/amsfonts/cm/cmsy10.pfb><C:/Users/K
iran Windows/AppData/Local/Programs/MiKTeX/fonts/type1/public/amsfonts/cm/cmsy7
.pfb><C:/Users/Kiran Windows/AppData/Local/Programs/MiKTeX/fonts/type1/public/a
msfonts/cm/cmsy8.pfb><C:/Users/Kiran Windows/AppData/Local/Programs/MiKTeX/font
s/type1/urw/courier/ucrr8a.pfb><C:/Users/Kiran Windows/AppData/Local/Programs/M
iKTeX/fonts/type1/urw/courier/ucrro8a.pfb><C:/Users/Kiran Windows/AppData/Local
/Programs/MiKTeX/fonts/type1/urw/helvetic/uhvb8a.pfb><C:/Users/Kiran Windows/Ap
pData/Local/Programs/MiKTeX/fonts/type1/urw/helvetic/uhvb8ac.pfb><C:/Users/Kira
n Windows/AppData/Local/Programs/MiKTeX/fonts/type1/urw/helvetic/uhvr8a.pfb><C:
/Users/Kiran Windows/AppData/Local/Programs/MiKTeX/fonts/type1/urw/helvetic/uhv
ro8a.pfb>
Output written on refman.pdf (477 pages, 3496546 bytes).
PDF statistics:
 16520 PDF objects out of 18468 (max. 8388607)
 4741 named destinations out of 5155 (max. 500000)
 3697 words of extra memory for PDF output out of 10000 (max. 10000000)

