\BOOKMARK [0][-]{chapter.1}{\376\377\0001\000\040\000T\000o\000p\000i\000c\000\040\000I\000n\000d\000e\000x}{}% 1
\BOOKMARK [1][-]{section.1.1}{\376\377\0001\000.\0001\000\040\000T\000o\000p\000i\000c\000s}{chapter.1}% 2
\BOOKMARK [0][-]{chapter.2}{\376\377\0002\000\040\000D\000a\000t\000a\000\040\000S\000t\000r\000u\000c\000t\000u\000r\000e\000\040\000I\000n\000d\000e\000x}{}% 3
\BOOKMARK [1][-]{section.2.1}{\376\377\0002\000.\0001\000\040\000D\000a\000t\000a\000\040\000S\000t\000r\000u\000c\000t\000u\000r\000e\000s}{chapter.2}% 4
\BOOKMARK [0][-]{chapter.3}{\376\377\0003\000\040\000F\000i\000l\000e\000\040\000I\000n\000d\000e\000x}{}% 5
\BOOKMARK [1][-]{section.3.1}{\376\377\0003\000.\0001\000\040\000F\000i\000l\000e\000\040\000L\000i\000s\000t}{chapter.3}% 6
\BOOKMARK [0][-]{chapter.4}{\376\377\0004\000\040\000T\000o\000p\000i\000c\000\040\000D\000o\000c\000u\000m\000e\000n\000t\000a\000t\000i\000o\000n}{}% 7
\BOOKMARK [1][-]{section.4.1}{\376\377\0004\000.\0001\000\040\000S\000T\000M\0003\0002\000F\0004\000x\000x\000\137\000S\000t\000d\000P\000e\000r\000i\000p\000h\000\137\000D\000r\000i\000v\000e\000r}{chapter.4}% 8
\BOOKMARK [2][-]{subsection.4.1.1}{\376\377\0004\000.\0001\000.\0001\000\040\000D\000e\000t\000a\000i\000l\000e\000d\000\040\000D\000e\000s\000c\000r\000i\000p\000t\000i\000o\000n}{section.4.1}% 9
\BOOKMARK [2][-]{subsection.4.1.2}{\376\377\0004\000.\0001\000.\0002\000\040\000A\000D\000C}{section.4.1}% 10
\BOOKMARK [3][-]{subsubsection.4.1.2.1}{\376\377\0004\000.\0001\000.\0002\000.\0001\000\040\000D\000e\000t\000a\000i\000l\000e\000d\000\040\000D\000e\000s\000c\000r\000i\000p\000t\000i\000o\000n}{subsection.4.1.2}% 11
\BOOKMARK [3][-]{subsubsection.4.1.2.2}{\376\377\0004\000.\0001\000.\0002\000.\0002\000\040\000M\000a\000c\000r\000o\000\040\000D\000e\000f\000i\000n\000i\000t\000i\000o\000n\000\040\000D\000o\000c\000u\000m\000e\000n\000t\000a\000t\000i\000o\000n}{subsection.4.1.2}% 12
\BOOKMARK [3][-]{subsubsection.4.1.2.3}{\376\377\0004\000.\0001\000.\0002\000.\0003\000\040\000F\000u\000n\000c\000t\000i\000o\000n\000\040\000D\000o\000c\000u\000m\000e\000n\000t\000a\000t\000i\000o\000n}{subsection.4.1.2}% 13
\BOOKMARK [3][-]{subsubsection.4.1.2.4}{\376\377\0004\000.\0001\000.\0002\000.\0004\000\040\000A\000D\000C\000\137\000P\000r\000i\000v\000a\000t\000e\000\137\000F\000u\000n\000c\000t\000i\000o\000n\000s}{subsection.4.1.2}% 14
\BOOKMARK [3][-]{subsubsection.4.1.2.5}{\376\377\0004\000.\0001\000.\0002\000.\0005\000\040\000A\000D\000C\000\137\000E\000x\000p\000o\000r\000t\000e\000d\000\137\000C\000o\000n\000s\000t\000a\000n\000t\000s}{subsection.4.1.2}% 15
\BOOKMARK [2][-]{subsection.4.1.3}{\376\377\0004\000.\0001\000.\0003\000\040\000G\000P\000I\000O}{section.4.1}% 16
\BOOKMARK [3][-]{subsubsection.4.1.3.1}{\376\377\0004\000.\0001\000.\0003\000.\0001\000\040\000D\000e\000t\000a\000i\000l\000e\000d\000\040\000D\000e\000s\000c\000r\000i\000p\000t\000i\000o\000n}{subsection.4.1.3}% 17
\BOOKMARK [3][-]{subsubsection.4.1.3.2}{\376\377\0004\000.\0001\000.\0003\000.\0002\000\040\000M\000a\000c\000r\000o\000\040\000D\000e\000f\000i\000n\000i\000t\000i\000o\000n\000\040\000D\000o\000c\000u\000m\000e\000n\000t\000a\000t\000i\000o\000n}{subsection.4.1.3}% 18
\BOOKMARK [3][-]{subsubsection.4.1.3.3}{\376\377\0004\000.\0001\000.\0003\000.\0003\000\040\000E\000n\000u\000m\000e\000r\000a\000t\000i\000o\000n\000\040\000T\000y\000p\000e\000\040\000D\000o\000c\000u\000m\000e\000n\000t\000a\000t\000i\000o\000n}{subsection.4.1.3}% 19
\BOOKMARK [3][-]{subsubsection.4.1.3.4}{\376\377\0004\000.\0001\000.\0003\000.\0004\000\040\000F\000u\000n\000c\000t\000i\000o\000n\000\040\000D\000o\000c\000u\000m\000e\000n\000t\000a\000t\000i\000o\000n}{subsection.4.1.3}% 20
\BOOKMARK [3][-]{subsubsection.4.1.3.5}{\376\377\0004\000.\0001\000.\0003\000.\0005\000\040\000G\000P\000I\000O\000\137\000P\000r\000i\000v\000a\000t\000e\000\137\000F\000u\000n\000c\000t\000i\000o\000n\000s}{subsection.4.1.3}% 21
\BOOKMARK [3][-]{subsubsection.4.1.3.6}{\376\377\0004\000.\0001\000.\0003\000.\0006\000\040\000G\000P\000I\000O\000\137\000E\000x\000p\000o\000r\000t\000e\000d\000\137\000C\000o\000n\000s\000t\000a\000n\000t\000s}{subsection.4.1.3}% 22
\BOOKMARK [2][-]{subsection.4.1.4}{\376\377\0004\000.\0001\000.\0004\000\040\000I\0002\000C}{section.4.1}% 23
\BOOKMARK [3][-]{subsubsection.4.1.4.1}{\376\377\0004\000.\0001\000.\0004\000.\0001\000\040\000D\000e\000t\000a\000i\000l\000e\000d\000\040\000D\000e\000s\000c\000r\000i\000p\000t\000i\000o\000n}{subsection.4.1.4}% 24
\BOOKMARK [3][-]{subsubsection.4.1.4.2}{\376\377\0004\000.\0001\000.\0004\000.\0002\000\040\000M\000a\000c\000r\000o\000\040\000D\000e\000f\000i\000n\000i\000t\000i\000o\000n\000\040\000D\000o\000c\000u\000m\000e\000n\000t\000a\000t\000i\000o\000n}{subsection.4.1.4}% 25
\BOOKMARK [3][-]{subsubsection.4.1.4.3}{\376\377\0004\000.\0001\000.\0004\000.\0003\000\040\000F\000u\000n\000c\000t\000i\000o\000n\000\040\000D\000o\000c\000u\000m\000e\000n\000t\000a\000t\000i\000o\000n}{subsection.4.1.4}% 26
\BOOKMARK [3][-]{subsubsection.4.1.4.4}{\376\377\0004\000.\0001\000.\0004\000.\0004\000\040\000I\0002\000C\000\137\000P\000r\000i\000v\000a\000t\000e\000\137\000F\000u\000n\000c\000t\000i\000o\000n\000s}{subsection.4.1.4}% 27
\BOOKMARK [3][-]{subsubsection.4.1.4.5}{\376\377\0004\000.\0001\000.\0004\000.\0005\000\040\000I\0002\000C\000\137\000E\000x\000p\000o\000r\000t\000e\000d\000\137\000C\000o\000n\000s\000t\000a\000n\000t\000s}{subsection.4.1.4}% 28
\BOOKMARK [2][-]{subsection.4.1.5}{\376\377\0004\000.\0001\000.\0005\000\040\000R\000C\000C}{section.4.1}% 29
\BOOKMARK [3][-]{subsubsection.4.1.5.1}{\376\377\0004\000.\0001\000.\0005\000.\0001\000\040\000D\000e\000t\000a\000i\000l\000e\000d\000\040\000D\000e\000s\000c\000r\000i\000p\000t\000i\000o\000n}{subsection.4.1.5}% 30
\BOOKMARK [3][-]{subsubsection.4.1.5.2}{\376\377\0004\000.\0001\000.\0005\000.\0002\000\040\000M\000a\000c\000r\000o\000\040\000D\000e\000f\000i\000n\000i\000t\000i\000o\000n\000\040\000D\000o\000c\000u\000m\000e\000n\000t\000a\000t\000i\000o\000n}{subsection.4.1.5}% 31
\BOOKMARK [3][-]{subsubsection.4.1.5.3}{\376\377\0004\000.\0001\000.\0005\000.\0003\000\040\000F\000u\000n\000c\000t\000i\000o\000n\000\040\000D\000o\000c\000u\000m\000e\000n\000t\000a\000t\000i\000o\000n}{subsection.4.1.5}% 32
\BOOKMARK [3][-]{subsubsection.4.1.5.4}{\376\377\0004\000.\0001\000.\0005\000.\0004\000\040\000R\000C\000C\000\137\000P\000r\000i\000v\000a\000t\000e\000\137\000F\000u\000n\000c\000t\000i\000o\000n\000s}{subsection.4.1.5}% 33
\BOOKMARK [3][-]{subsubsection.4.1.5.5}{\376\377\0004\000.\0001\000.\0005\000.\0005\000\040\000R\000C\000C\000\137\000E\000x\000p\000o\000r\000t\000e\000d\000\137\000C\000o\000n\000s\000t\000a\000n\000t\000s}{subsection.4.1.5}% 34
\BOOKMARK [2][-]{subsection.4.1.6}{\376\377\0004\000.\0001\000.\0006\000\040\000U\000S\000A\000R\000T}{section.4.1}% 35
\BOOKMARK [3][-]{subsubsection.4.1.6.1}{\376\377\0004\000.\0001\000.\0006\000.\0001\000\040\000D\000e\000t\000a\000i\000l\000e\000d\000\040\000D\000e\000s\000c\000r\000i\000p\000t\000i\000o\000n}{subsection.4.1.6}% 36
\BOOKMARK [3][-]{subsubsection.4.1.6.2}{\376\377\0004\000.\0001\000.\0006\000.\0002\000\040\000M\000a\000c\000r\000o\000\040\000D\000e\000f\000i\000n\000i\000t\000i\000o\000n\000\040\000D\000o\000c\000u\000m\000e\000n\000t\000a\000t\000i\000o\000n}{subsection.4.1.6}% 37
\BOOKMARK [3][-]{subsubsection.4.1.6.3}{\376\377\0004\000.\0001\000.\0006\000.\0003\000\040\000F\000u\000n\000c\000t\000i\000o\000n\000\040\000D\000o\000c\000u\000m\000e\000n\000t\000a\000t\000i\000o\000n}{subsection.4.1.6}% 38
\BOOKMARK [3][-]{subsubsection.4.1.6.4}{\376\377\0004\000.\0001\000.\0006\000.\0004\000\040\000U\000S\000A\000R\000T\000\137\000P\000r\000i\000v\000a\000t\000e\000\137\000F\000u\000n\000c\000t\000i\000o\000n\000s}{subsection.4.1.6}% 39
\BOOKMARK [3][-]{subsubsection.4.1.6.5}{\376\377\0004\000.\0001\000.\0006\000.\0005\000\040\000U\000S\000A\000R\000T\000\137\000E\000x\000p\000o\000r\000t\000e\000d\000\137\000C\000o\000n\000s\000t\000a\000n\000t\000s}{subsection.4.1.6}% 40
\BOOKMARK [1][-]{section.4.2}{\376\377\0004\000.\0002\000\040\000C\000M\000S\000I\000S}{chapter.4}% 41
\BOOKMARK [2][-]{subsection.4.2.1}{\376\377\0004\000.\0002\000.\0001\000\040\000D\000e\000t\000a\000i\000l\000e\000d\000\040\000D\000e\000s\000c\000r\000i\000p\000t\000i\000o\000n}{section.4.2}% 42
\BOOKMARK [2][-]{subsection.4.2.2}{\376\377\0004\000.\0002\000.\0002\000\040\000S\000t\000m\0003\0002\000f\0004\000x\000x\000\137\000s\000y\000s\000t\000e\000m}{section.4.2}% 43
\BOOKMARK [3][-]{subsubsection.4.2.2.1}{\376\377\0004\000.\0002\000.\0002\000.\0001\000\040\000D\000e\000t\000a\000i\000l\000e\000d\000\040\000D\000e\000s\000c\000r\000i\000p\000t\000i\000o\000n}{subsection.4.2.2}% 44
\BOOKMARK [3][-]{subsubsection.4.2.2.2}{\376\377\0004\000.\0002\000.\0002\000.\0002\000\040\000S\000T\000M\0003\0002\000F\0004\000x\000x\000\137\000S\000y\000s\000t\000e\000m\000\137\000P\000r\000i\000v\000a\000t\000e\000\137\000I\000n\000c\000l\000u\000d\000e\000s}{subsection.4.2.2}% 45
\BOOKMARK [3][-]{subsubsection.4.2.2.3}{\376\377\0004\000.\0002\000.\0002\000.\0003\000\040\000S\000T\000M\0003\0002\000F\0004\000x\000x\000\137\000S\000y\000s\000t\000e\000m\000\137\000P\000r\000i\000v\000a\000t\000e\000\137\000T\000y\000p\000e\000s\000D\000e\000f\000i\000n\000i\000t\000i\000o\000n\000s}{subsection.4.2.2}% 46
\BOOKMARK [3][-]{subsubsection.4.2.2.4}{\376\377\0004\000.\0002\000.\0002\000.\0004\000\040\000S\000T\000M\0003\0002\000F\0004\000x\000x\000\137\000S\000y\000s\000t\000e\000m\000\137\000P\000r\000i\000v\000a\000t\000e\000\137\000D\000e\000f\000i\000n\000e\000s}{subsection.4.2.2}% 47
\BOOKMARK [3][-]{subsubsection.4.2.2.5}{\376\377\0004\000.\0002\000.\0002\000.\0005\000\040\000S\000T\000M\0003\0002\000F\0004\000x\000x\000\137\000S\000y\000s\000t\000e\000m\000\137\000P\000r\000i\000v\000a\000t\000e\000\137\000M\000a\000c\000r\000o\000s}{subsection.4.2.2}% 48
\BOOKMARK [3][-]{subsubsection.4.2.2.6}{\376\377\0004\000.\0002\000.\0002\000.\0006\000\040\000S\000T\000M\0003\0002\000F\0004\000x\000x\000\137\000S\000y\000s\000t\000e\000m\000\137\000P\000r\000i\000v\000a\000t\000e\000\137\000V\000a\000r\000i\000a\000b\000l\000e\000s}{subsection.4.2.2}% 49
\BOOKMARK [3][-]{subsubsection.4.2.2.7}{\376\377\0004\000.\0002\000.\0002\000.\0007\000\040\000S\000T\000M\0003\0002\000F\0004\000x\000x\000\137\000S\000y\000s\000t\000e\000m\000\137\000P\000r\000i\000v\000a\000t\000e\000\137\000F\000u\000n\000c\000t\000i\000o\000n\000P\000r\000o\000t\000o\000t\000y\000p\000e\000s}{subsection.4.2.2}% 50
\BOOKMARK [3][-]{subsubsection.4.2.2.8}{\376\377\0004\000.\0002\000.\0002\000.\0008\000\040\000S\000T\000M\0003\0002\000F\0004\000x\000x\000\137\000S\000y\000s\000t\000e\000m\000\137\000P\000r\000i\000v\000a\000t\000e\000\137\000F\000u\000n\000c\000t\000i\000o\000n\000s}{subsection.4.2.2}% 51
\BOOKMARK [0][-]{chapter.5}{\376\377\0005\000\040\000D\000a\000t\000a\000\040\000S\000t\000r\000u\000c\000t\000u\000r\000e\000\040\000D\000o\000c\000u\000m\000e\000n\000t\000a\000t\000i\000o\000n}{}% 52
\BOOKMARK [1][-]{section.5.1}{\376\377\0005\000.\0001\000\040\000\137\000A\000D\000C\000\137\000I\000n\000i\000t\000T\000y\000p\000e\000D\000e\000f\000\040\000S\000t\000r\000u\000c\000t\000\040\000R\000e\000f\000e\000r\000e\000n\000c\000e}{chapter.5}% 53
\BOOKMARK [2][-]{subsection.5.1.1}{\376\377\0005\000.\0001\000.\0001\000\040\000F\000i\000e\000l\000d\000\040\000D\000o\000c\000u\000m\000e\000n\000t\000a\000t\000i\000o\000n}{section.5.1}% 54
\BOOKMARK [3][-]{subsubsection.5.1.1.1}{\376\377\0005\000.\0001\000.\0001\000.\0001\000\040\000C\000l\000o\000c\000k\000P\000r\000e\000s\000c\000a\000l\000e\000r}{subsection.5.1.1}% 55
\BOOKMARK [3][-]{subsubsection.5.1.1.2}{\376\377\0005\000.\0001\000.\0001\000.\0002\000\040\000C\000o\000n\000t\000i\000n\000u\000o\000u\000s\000C\000o\000n\000v\000M\000o\000d\000e}{subsection.5.1.1}% 56
\BOOKMARK [3][-]{subsubsection.5.1.1.3}{\376\377\0005\000.\0001\000.\0001\000.\0003\000\040\000D\000a\000t\000a\000A\000l\000i\000g\000n}{subsection.5.1.1}% 57
\BOOKMARK [3][-]{subsubsection.5.1.1.4}{\376\377\0005\000.\0001\000.\0001\000.\0004\000\040\000D\000i\000s\000c\000o\000n\000t\000i\000n\000u\000o\000u\000s\000C\000o\000n\000v\000M\000o\000d\000e}{subsection.5.1.1}% 58
\BOOKMARK [3][-]{subsubsection.5.1.1.5}{\376\377\0005\000.\0001\000.\0001\000.\0005\000\040\000D\000M\000A\000C\000o\000n\000t\000i\000n\000u\000o\000u\000s\000R\000e\000q\000u\000e\000s\000t\000s}{subsection.5.1.1}% 59
\BOOKMARK [3][-]{subsubsection.5.1.1.6}{\376\377\0005\000.\0001\000.\0001\000.\0006\000\040\000E\000O\000C\000S\000e\000l\000e\000c\000t\000i\000o\000n}{subsection.5.1.1}% 60
\BOOKMARK [3][-]{subsubsection.5.1.1.7}{\376\377\0005\000.\0001\000.\0001\000.\0007\000\040\000E\000x\000t\000e\000r\000n\000a\000l\000T\000r\000i\000g\000C\000o\000n\000v}{subsection.5.1.1}% 61
\BOOKMARK [3][-]{subsubsection.5.1.1.8}{\376\377\0005\000.\0001\000.\0001\000.\0008\000\040\000E\000x\000t\000e\000r\000n\000a\000l\000T\000r\000i\000g\000C\000o\000n\000v\000E\000d\000g\000e}{subsection.5.1.1}% 62
\BOOKMARK [3][-]{subsubsection.5.1.1.9}{\376\377\0005\000.\0001\000.\0001\000.\0009\000\040\000N\000b\000r\000O\000f\000C\000o\000n\000v\000e\000r\000s\000i\000o\000n}{subsection.5.1.1}% 63
\BOOKMARK [3][-]{subsubsection.5.1.1.10}{\376\377\0005\000.\0001\000.\0001\000.\0001\0000\000\040\000N\000b\000r\000O\000f\000D\000i\000s\000c\000C\000o\000n\000v\000e\000r\000s\000i\000o\000n}{subsection.5.1.1}% 64
\BOOKMARK [3][-]{subsubsection.5.1.1.11}{\376\377\0005\000.\0001\000.\0001\000.\0001\0001\000\040\000R\000e\000s\000o\000l\000u\000t\000i\000o\000n}{subsection.5.1.1}% 65
\BOOKMARK [3][-]{subsubsection.5.1.1.12}{\376\377\0005\000.\0001\000.\0001\000.\0001\0002\000\040\000S\000c\000a\000n\000C\000o\000n\000v\000M\000o\000d\000e}{subsection.5.1.1}% 66
\BOOKMARK [1][-]{section.5.2}{\376\377\0005\000.\0002\000\040\000A\000D\000C\000\137\000C\000h\000a\000n\000n\000e\000l\000C\000o\000n\000f\000T\000y\000p\000e\000D\000e\000f\000\040\000S\000t\000r\000u\000c\000t\000\040\000R\000e\000f\000e\000r\000e\000n\000c\000e}{chapter.5}% 67
\BOOKMARK [2][-]{subsection.5.2.1}{\376\377\0005\000.\0002\000.\0001\000\040\000F\000i\000e\000l\000d\000\040\000D\000o\000c\000u\000m\000e\000n\000t\000a\000t\000i\000o\000n}{section.5.2}% 68
\BOOKMARK [3][-]{subsubsection.5.2.1.1}{\376\377\0005\000.\0002\000.\0001\000.\0001\000\040\000C\000h\000a\000n\000n\000e\000l}{subsection.5.2.1}% 69
\BOOKMARK [3][-]{subsubsection.5.2.1.2}{\376\377\0005\000.\0002\000.\0001\000.\0002\000\040\000O\000f\000f\000s\000e\000t}{subsection.5.2.1}% 70
\BOOKMARK [3][-]{subsubsection.5.2.1.3}{\376\377\0005\000.\0002\000.\0001\000.\0003\000\040\000R\000a\000n\000k}{subsection.5.2.1}% 71
\BOOKMARK [3][-]{subsubsection.5.2.1.4}{\376\377\0005\000.\0002\000.\0001\000.\0004\000\040\000S\000a\000m\000p\000l\000i\000n\000g\000T\000i\000m\000e}{subsection.5.2.1}% 72
\BOOKMARK [1][-]{section.5.3}{\376\377\0005\000.\0003\000\040\000A\000D\000C\000\137\000C\000o\000m\000m\000o\000n\000I\000n\000i\000t\000T\000y\000p\000e\000D\000e\000f\000\040\000S\000t\000r\000u\000c\000t\000\040\000R\000e\000f\000e\000r\000e\000n\000c\000e}{chapter.5}% 73
\BOOKMARK [2][-]{subsection.5.3.1}{\376\377\0005\000.\0003\000.\0001\000\040\000D\000e\000t\000a\000i\000l\000e\000d\000\040\000D\000e\000s\000c\000r\000i\000p\000t\000i\000o\000n}{section.5.3}% 74
\BOOKMARK [2][-]{subsection.5.3.2}{\376\377\0005\000.\0003\000.\0002\000\040\000F\000i\000e\000l\000d\000\040\000D\000o\000c\000u\000m\000e\000n\000t\000a\000t\000i\000o\000n}{section.5.3}% 75
\BOOKMARK [3][-]{subsubsection.5.3.2.1}{\376\377\0005\000.\0003\000.\0002\000.\0001\000\040\000A\000D\000C\000\137\000D\000M\000A\000A\000c\000c\000e\000s\000s\000M\000o\000d\000e}{subsection.5.3.2}% 76
\BOOKMARK [3][-]{subsubsection.5.3.2.2}{\376\377\0005\000.\0003\000.\0002\000.\0002\000\040\000A\000D\000C\000\137\000M\000o\000d\000e}{subsection.5.3.2}% 77
\BOOKMARK [3][-]{subsubsection.5.3.2.3}{\376\377\0005\000.\0003\000.\0002\000.\0003\000\040\000A\000D\000C\000\137\000P\000r\000e\000s\000c\000a\000l\000e\000r}{subsection.5.3.2}% 78
\BOOKMARK [3][-]{subsubsection.5.3.2.4}{\376\377\0005\000.\0003\000.\0002\000.\0004\000\040\000A\000D\000C\000\137\000T\000w\000o\000S\000a\000m\000p\000l\000i\000n\000g\000D\000e\000l\000a\000y}{subsection.5.3.2}% 79
\BOOKMARK [1][-]{section.5.4}{\376\377\0005\000.\0004\000\040\000A\000D\000C\000\137\000H\000a\000n\000d\000l\000e\000T\000y\000p\000e\000D\000e\000f\000\040\000S\000t\000r\000u\000c\000t\000\040\000R\000e\000f\000e\000r\000e\000n\000c\000e}{chapter.5}% 80
\BOOKMARK [2][-]{subsection.5.4.1}{\376\377\0005\000.\0004\000.\0001\000\040\000F\000i\000e\000l\000d\000\040\000D\000o\000c\000u\000m\000e\000n\000t\000a\000t\000i\000o\000n}{section.5.4}% 81
\BOOKMARK [3][-]{subsubsection.5.4.1.1}{\376\377\0005\000.\0004\000.\0001\000.\0001\000\040\000E\000r\000r\000o\000r\000C\000o\000d\000e}{subsection.5.4.1}% 82
\BOOKMARK [3][-]{subsubsection.5.4.1.2}{\376\377\0005\000.\0004\000.\0001\000.\0002\000\040\000I\000n\000i\000t}{subsection.5.4.1}% 83
\BOOKMARK [3][-]{subsubsection.5.4.1.3}{\376\377\0005\000.\0004\000.\0001\000.\0003\000\040\000I\000n\000s\000t\000a\000n\000c\000e}{subsection.5.4.1}% 84
\BOOKMARK [3][-]{subsubsection.5.4.1.4}{\376\377\0005\000.\0004\000.\0001\000.\0004\000\040\000L\000o\000c\000k}{subsection.5.4.1}% 85
\BOOKMARK [3][-]{subsubsection.5.4.1.5}{\376\377\0005\000.\0004\000.\0001\000.\0005\000\040\000N\000b\000r\000O\000f\000C\000u\000r\000r\000e\000n\000t\000C\000o\000n\000v\000e\000r\000s\000i\000o\000n\000R\000a\000n\000k}{subsection.5.4.1}% 86
\BOOKMARK [3][-]{subsubsection.5.4.1.6}{\376\377\0005\000.\0004\000.\0001\000.\0006\000\040\000S\000t\000a\000t\000e}{subsection.5.4.1}% 87
\BOOKMARK [1][-]{section.5.5}{\376\377\0005\000.\0005\000\040\000A\000D\000C\000\137\000I\000n\000i\000t\000T\000y\000p\000e\000D\000e\000f\000\040\000S\000t\000r\000u\000c\000t\000\040\000R\000e\000f\000e\000r\000e\000n\000c\000e}{chapter.5}% 88
\BOOKMARK [2][-]{subsection.5.5.1}{\376\377\0005\000.\0005\000.\0001\000\040\000D\000e\000t\000a\000i\000l\000e\000d\000\040\000D\000e\000s\000c\000r\000i\000p\000t\000i\000o\000n}{section.5.5}% 89
\BOOKMARK [2][-]{subsection.5.5.2}{\376\377\0005\000.\0005\000.\0002\000\040\000F\000i\000e\000l\000d\000\040\000D\000o\000c\000u\000m\000e\000n\000t\000a\000t\000i\000o\000n}{section.5.5}% 90
\BOOKMARK [3][-]{subsubsection.5.5.2.1}{\376\377\0005\000.\0005\000.\0002\000.\0001\000\040\000A\000D\000C\000\137\000C\000o\000n\000t\000i\000n\000u\000o\000u\000s\000C\000o\000n\000v\000M\000o\000d\000e}{subsection.5.5.2}% 91
\BOOKMARK [3][-]{subsubsection.5.5.2.2}{\376\377\0005\000.\0005\000.\0002\000.\0002\000\040\000A\000D\000C\000\137\000D\000a\000t\000a\000A\000l\000i\000g\000n}{subsection.5.5.2}% 92
\BOOKMARK [3][-]{subsubsection.5.5.2.3}{\376\377\0005\000.\0005\000.\0002\000.\0003\000\040\000A\000D\000C\000\137\000E\000x\000t\000e\000r\000n\000a\000l\000T\000r\000i\000g\000C\000o\000n\000v}{subsection.5.5.2}% 93
\BOOKMARK [3][-]{subsubsection.5.5.2.4}{\376\377\0005\000.\0005\000.\0002\000.\0004\000\040\000A\000D\000C\000\137\000E\000x\000t\000e\000r\000n\000a\000l\000T\000r\000i\000g\000C\000o\000n\000v\000E\000d\000g\000e}{subsection.5.5.2}% 94
\BOOKMARK [3][-]{subsubsection.5.5.2.5}{\376\377\0005\000.\0005\000.\0002\000.\0005\000\040\000A\000D\000C\000\137\000N\000b\000r\000O\000f\000C\000o\000n\000v\000e\000r\000s\000i\000o\000n}{subsection.5.5.2}% 95
\BOOKMARK [3][-]{subsubsection.5.5.2.6}{\376\377\0005\000.\0005\000.\0002\000.\0006\000\040\000A\000D\000C\000\137\000R\000e\000s\000o\000l\000u\000t\000i\000o\000n}{subsection.5.5.2}% 96
\BOOKMARK [3][-]{subsubsection.5.5.2.7}{\376\377\0005\000.\0005\000.\0002\000.\0007\000\040\000A\000D\000C\000\137\000S\000c\000a\000n\000C\000o\000n\000v\000M\000o\000d\000e}{subsection.5.5.2}% 97
\BOOKMARK [1][-]{section.5.6}{\376\377\0005\000.\0006\000\040\000a\000n\000a\000l\000o\000g\000i\000n\000\137\000s\000\040\000S\000t\000r\000u\000c\000t\000\040\000R\000e\000f\000e\000r\000e\000n\000c\000e}{chapter.5}% 98
\BOOKMARK [2][-]{subsection.5.6.1}{\376\377\0005\000.\0006\000.\0001\000\040\000F\000i\000e\000l\000d\000\040\000D\000o\000c\000u\000m\000e\000n\000t\000a\000t\000i\000o\000n}{section.5.6}% 99
\BOOKMARK [3][-]{subsubsection.5.6.1.1}{\376\377\0005\000.\0006\000.\0001\000.\0001\000\040\000a\000d\000c}{subsection.5.6.1}% 100
\BOOKMARK [3][-]{subsubsection.5.6.1.2}{\376\377\0005\000.\0006\000.\0001\000.\0002\000\040\000c\000h\000a\000n\000n\000e\000l}{subsection.5.6.1}% 101
\BOOKMARK [3][-]{subsubsection.5.6.1.3}{\376\377\0005\000.\0006\000.\0001\000.\0003\000\040\000p\000i\000n}{subsection.5.6.1}% 102
\BOOKMARK [1][-]{section.5.7}{\376\377\0005\000.\0007\000\040\000G\000P\000I\000O\000\137\000I\000n\000i\000t\000T\000y\000p\000e\000D\000e\000f\000\040\000S\000t\000r\000u\000c\000t\000\040\000R\000e\000f\000e\000r\000e\000n\000c\000e}{chapter.5}% 103
\BOOKMARK [2][-]{subsection.5.7.1}{\376\377\0005\000.\0007\000.\0001\000\040\000D\000e\000t\000a\000i\000l\000e\000d\000\040\000D\000e\000s\000c\000r\000i\000p\000t\000i\000o\000n}{section.5.7}% 104
\BOOKMARK [2][-]{subsection.5.7.2}{\376\377\0005\000.\0007\000.\0002\000\040\000F\000i\000e\000l\000d\000\040\000D\000o\000c\000u\000m\000e\000n\000t\000a\000t\000i\000o\000n}{section.5.7}% 105
\BOOKMARK [3][-]{subsubsection.5.7.2.1}{\376\377\0005\000.\0007\000.\0002\000.\0001\000\040\000A\000l\000t\000e\000r\000n\000a\000t\000e}{subsection.5.7.2}% 106
\BOOKMARK [3][-]{subsubsection.5.7.2.2}{\376\377\0005\000.\0007\000.\0002\000.\0002\000\040\000G\000P\000I\000O\000\137\000M\000o\000d\000e}{subsection.5.7.2}% 107
\BOOKMARK [3][-]{subsubsection.5.7.2.3}{\376\377\0005\000.\0007\000.\0002\000.\0003\000\040\000G\000P\000I\000O\000\137\000O\000T\000y\000p\000e}{subsection.5.7.2}% 108
\BOOKMARK [3][-]{subsubsection.5.7.2.4}{\376\377\0005\000.\0007\000.\0002\000.\0004\000\040\000G\000P\000I\000O\000\137\000P\000i\000n}{subsection.5.7.2}% 109
\BOOKMARK [3][-]{subsubsection.5.7.2.5}{\376\377\0005\000.\0007\000.\0002\000.\0005\000\040\000G\000P\000I\000O\000\137\000P\000u\000P\000d}{subsection.5.7.2}% 110
\BOOKMARK [3][-]{subsubsection.5.7.2.6}{\376\377\0005\000.\0007\000.\0002\000.\0006\000\040\000G\000P\000I\000O\000\137\000S\000p\000e\000e\000d}{subsection.5.7.2}% 111
\BOOKMARK [3][-]{subsubsection.5.7.2.7}{\376\377\0005\000.\0007\000.\0002\000.\0007\000\040\000M\000o\000d\000e}{subsection.5.7.2}% 112
\BOOKMARK [3][-]{subsubsection.5.7.2.8}{\376\377\0005\000.\0007\000.\0002\000.\0008\000\040\000P\000i\000n}{subsection.5.7.2}% 113
\BOOKMARK [3][-]{subsubsection.5.7.2.9}{\376\377\0005\000.\0007\000.\0002\000.\0009\000\040\000P\000u\000l\000l}{subsection.5.7.2}% 114
\BOOKMARK [3][-]{subsubsection.5.7.2.10}{\376\377\0005\000.\0007\000.\0002\000.\0001\0000\000\040\000S\000p\000e\000e\000d}{subsection.5.7.2}% 115
\BOOKMARK [1][-]{section.5.8}{\376\377\0005\000.\0008\000\040\000I\0002\000C\000\137\000I\000n\000i\000t\000T\000y\000p\000e\000D\000e\000f\000\040\000S\000t\000r\000u\000c\000t\000\040\000R\000e\000f\000e\000r\000e\000n\000c\000e}{chapter.5}% 116
\BOOKMARK [2][-]{subsection.5.8.1}{\376\377\0005\000.\0008\000.\0001\000\040\000D\000e\000t\000a\000i\000l\000e\000d\000\040\000D\000e\000s\000c\000r\000i\000p\000t\000i\000o\000n}{section.5.8}% 117
\BOOKMARK [2][-]{subsection.5.8.2}{\376\377\0005\000.\0008\000.\0002\000\040\000F\000i\000e\000l\000d\000\040\000D\000o\000c\000u\000m\000e\000n\000t\000a\000t\000i\000o\000n}{section.5.8}% 118
\BOOKMARK [3][-]{subsubsection.5.8.2.1}{\376\377\0005\000.\0008\000.\0002\000.\0001\000\040\000I\0002\000C\000\137\000A\000c\000k}{subsection.5.8.2}% 119
\BOOKMARK [3][-]{subsubsection.5.8.2.2}{\376\377\0005\000.\0008\000.\0002\000.\0002\000\040\000I\0002\000C\000\137\000A\000c\000k\000n\000o\000w\000l\000e\000d\000g\000e\000d\000A\000d\000d\000r\000e\000s\000s}{subsection.5.8.2}% 120
\BOOKMARK [3][-]{subsubsection.5.8.2.3}{\376\377\0005\000.\0008\000.\0002\000.\0003\000\040\000I\0002\000C\000\137\000C\000l\000o\000c\000k\000S\000p\000e\000e\000d}{subsection.5.8.2}% 121
\BOOKMARK [3][-]{subsubsection.5.8.2.4}{\376\377\0005\000.\0008\000.\0002\000.\0004\000\040\000I\0002\000C\000\137\000D\000u\000t\000y\000C\000y\000c\000l\000e}{subsection.5.8.2}% 122
\BOOKMARK [3][-]{subsubsection.5.8.2.5}{\376\377\0005\000.\0008\000.\0002\000.\0005\000\040\000I\0002\000C\000\137\000M\000o\000d\000e}{subsection.5.8.2}% 123
\BOOKMARK [3][-]{subsubsection.5.8.2.6}{\376\377\0005\000.\0008\000.\0002\000.\0006\000\040\000I\0002\000C\000\137\000O\000w\000n\000A\000d\000d\000r\000e\000s\000s\0001}{subsection.5.8.2}% 124
\BOOKMARK [1][-]{section.5.9}{\376\377\0005\000.\0009\000\040\000P\000i\000n\000M\000a\000p\000\040\000S\000t\000r\000u\000c\000t\000\040\000R\000e\000f\000e\000r\000e\000n\000c\000e}{chapter.5}% 125
\BOOKMARK [2][-]{subsection.5.9.1}{\376\377\0005\000.\0009\000.\0001\000\040\000F\000i\000e\000l\000d\000\040\000D\000o\000c\000u\000m\000e\000n\000t\000a\000t\000i\000o\000n}{section.5.9}% 126
\BOOKMARK [3][-]{subsubsection.5.9.1.1}{\376\377\0005\000.\0009\000.\0001\000.\0001\000\040\000f\000u\000n\000c\000t\000i\000o\000n}{subsection.5.9.1}% 127
\BOOKMARK [3][-]{subsubsection.5.9.1.2}{\376\377\0005\000.\0009\000.\0001\000.\0002\000\040\000p\000e\000r\000i\000p\000h\000e\000r\000a\000l}{subsection.5.9.1}% 128
\BOOKMARK [3][-]{subsubsection.5.9.1.3}{\376\377\0005\000.\0009\000.\0001\000.\0003\000\040\000p\000i\000n}{subsection.5.9.1}% 129
\BOOKMARK [1][-]{section.5.10}{\376\377\0005\000.\0001\0000\000\040\000R\000C\000C\000\137\000C\000l\000o\000c\000k\000s\000T\000y\000p\000e\000D\000e\000f\000\040\000S\000t\000r\000u\000c\000t\000\040\000R\000e\000f\000e\000r\000e\000n\000c\000e}{chapter.5}% 130
\BOOKMARK [2][-]{subsection.5.10.1}{\376\377\0005\000.\0001\0000\000.\0001\000\040\000F\000i\000e\000l\000d\000\040\000D\000o\000c\000u\000m\000e\000n\000t\000a\000t\000i\000o\000n}{section.5.10}% 131
\BOOKMARK [3][-]{subsubsection.5.10.1.1}{\376\377\0005\000.\0001\0000\000.\0001\000.\0001\000\040\000H\000C\000L\000K\000\137\000F\000r\000e\000q\000u\000e\000n\000c\000y}{subsection.5.10.1}% 132
\BOOKMARK [3][-]{subsubsection.5.10.1.2}{\376\377\0005\000.\0001\0000\000.\0001\000.\0002\000\040\000P\000C\000L\000K\0001\000\137\000F\000r\000e\000q\000u\000e\000n\000c\000y}{subsection.5.10.1}% 133
\BOOKMARK [3][-]{subsubsection.5.10.1.3}{\376\377\0005\000.\0001\0000\000.\0001\000.\0003\000\040\000P\000C\000L\000K\0002\000\137\000F\000r\000e\000q\000u\000e\000n\000c\000y}{subsection.5.10.1}% 134
\BOOKMARK [3][-]{subsubsection.5.10.1.4}{\376\377\0005\000.\0001\0000\000.\0001\000.\0004\000\040\000S\000Y\000S\000C\000L\000K\000\137\000F\000r\000e\000q\000u\000e\000n\000c\000y}{subsection.5.10.1}% 135
\BOOKMARK [1][-]{section.5.11}{\376\377\0005\000.\0001\0001\000\040\000U\000S\000A\000R\000T\000\137\000C\000l\000o\000c\000k\000I\000n\000i\000t\000T\000y\000p\000e\000D\000e\000f\000\040\000S\000t\000r\000u\000c\000t\000\040\000R\000e\000f\000e\000r\000e\000n\000c\000e}{chapter.5}% 136
\BOOKMARK [2][-]{subsection.5.11.1}{\376\377\0005\000.\0001\0001\000.\0001\000\040\000D\000e\000t\000a\000i\000l\000e\000d\000\040\000D\000e\000s\000c\000r\000i\000p\000t\000i\000o\000n}{section.5.11}% 137
\BOOKMARK [2][-]{subsection.5.11.2}{\376\377\0005\000.\0001\0001\000.\0002\000\040\000F\000i\000e\000l\000d\000\040\000D\000o\000c\000u\000m\000e\000n\000t\000a\000t\000i\000o\000n}{section.5.11}% 138
\BOOKMARK [3][-]{subsubsection.5.11.2.1}{\376\377\0005\000.\0001\0001\000.\0002\000.\0001\000\040\000U\000S\000A\000R\000T\000\137\000C\000l\000o\000c\000k}{subsection.5.11.2}% 139
\BOOKMARK [3][-]{subsubsection.5.11.2.2}{\376\377\0005\000.\0001\0001\000.\0002\000.\0002\000\040\000U\000S\000A\000R\000T\000\137\000C\000P\000H\000A}{subsection.5.11.2}% 140
\BOOKMARK [3][-]{subsubsection.5.11.2.3}{\376\377\0005\000.\0001\0001\000.\0002\000.\0003\000\040\000U\000S\000A\000R\000T\000\137\000C\000P\000O\000L}{subsection.5.11.2}% 141
\BOOKMARK [3][-]{subsubsection.5.11.2.4}{\376\377\0005\000.\0001\0001\000.\0002\000.\0004\000\040\000U\000S\000A\000R\000T\000\137\000L\000a\000s\000t\000B\000i\000t}{subsection.5.11.2}% 142
\BOOKMARK [1][-]{section.5.12}{\376\377\0005\000.\0001\0002\000\040\000U\000S\000A\000R\000T\000\137\000I\000n\000i\000t\000T\000y\000p\000e\000D\000e\000f\000\040\000S\000t\000r\000u\000c\000t\000\040\000R\000e\000f\000e\000r\000e\000n\000c\000e}{chapter.5}% 143
\BOOKMARK [2][-]{subsection.5.12.1}{\376\377\0005\000.\0001\0002\000.\0001\000\040\000D\000e\000t\000a\000i\000l\000e\000d\000\040\000D\000e\000s\000c\000r\000i\000p\000t\000i\000o\000n}{section.5.12}% 144
\BOOKMARK [2][-]{subsection.5.12.2}{\376\377\0005\000.\0001\0002\000.\0002\000\040\000F\000i\000e\000l\000d\000\040\000D\000o\000c\000u\000m\000e\000n\000t\000a\000t\000i\000o\000n}{section.5.12}% 145
\BOOKMARK [3][-]{subsubsection.5.12.2.1}{\376\377\0005\000.\0001\0002\000.\0002\000.\0001\000\040\000U\000S\000A\000R\000T\000\137\000B\000a\000u\000d\000R\000a\000t\000e}{subsection.5.12.2}% 146
\BOOKMARK [3][-]{subsubsection.5.12.2.2}{\376\377\0005\000.\0001\0002\000.\0002\000.\0002\000\040\000U\000S\000A\000R\000T\000\137\000H\000a\000r\000d\000w\000a\000r\000e\000F\000l\000o\000w\000C\000o\000n\000t\000r\000o\000l}{subsection.5.12.2}% 147
\BOOKMARK [3][-]{subsubsection.5.12.2.3}{\376\377\0005\000.\0001\0002\000.\0002\000.\0003\000\040\000U\000S\000A\000R\000T\000\137\000M\000o\000d\000e}{subsection.5.12.2}% 148
\BOOKMARK [3][-]{subsubsection.5.12.2.4}{\376\377\0005\000.\0001\0002\000.\0002\000.\0004\000\040\000U\000S\000A\000R\000T\000\137\000P\000a\000r\000i\000t\000y}{subsection.5.12.2}% 149
\BOOKMARK [3][-]{subsubsection.5.12.2.5}{\376\377\0005\000.\0001\0002\000.\0002\000.\0005\000\040\000U\000S\000A\000R\000T\000\137\000S\000t\000o\000p\000B\000i\000t\000s}{subsection.5.12.2}% 150
\BOOKMARK [3][-]{subsubsection.5.12.2.6}{\376\377\0005\000.\0001\0002\000.\0002\000.\0006\000\040\000U\000S\000A\000R\000T\000\137\000W\000o\000r\000d\000L\000e\000n\000g\000t\000h}{subsection.5.12.2}% 151
\BOOKMARK [0][-]{chapter.6}{\376\377\0006\000\040\000F\000i\000l\000e\000\040\000D\000o\000c\000u\000m\000e\000n\000t\000a\000t\000i\000o\000n}{}% 152
\BOOKMARK [1][-]{section.6.1}{\376\377\0006\000.\0001\000\040\000d\000r\000i\000v\000e\000r\000s\000/\000a\000d\000c\000.\000c\000\040\000F\000i\000l\000e\000\040\000R\000e\000f\000e\000r\000e\000n\000c\000e}{chapter.6}% 153
\BOOKMARK [2][-]{subsection.6.1.1}{\376\377\0006\000.\0001\000.\0001\000\040\000F\000u\000n\000c\000t\000i\000o\000n\000\040\000D\000o\000c\000u\000m\000e\000n\000t\000a\000t\000i\000o\000n}{section.6.1}% 154
\BOOKMARK [3][-]{subsubsection.6.1.1.1}{\376\377\0006\000.\0001\000.\0001\000.\0001\000\040\000\137\000A\000D\000C\000\137\000C\000o\000n\000f\000i\000g\000C\000h\000a\000n\000n\000e\000l\000\050\000\051}{subsection.6.1.1}% 155
\BOOKMARK [3][-]{subsubsection.6.1.1.2}{\376\377\0006\000.\0001\000.\0001\000.\0002\000\040\000\137\000A\000D\000C\000\137\000G\000e\000t\000V\000a\000l\000u\000e\000\050\000\051}{subsection.6.1.1}% 156
\BOOKMARK [3][-]{subsubsection.6.1.1.3}{\376\377\0006\000.\0001\000.\0001\000.\0003\000\040\000\137\000A\000D\000C\000\137\000I\000n\000i\000t\000\050\000\051}{subsection.6.1.1}% 157
\BOOKMARK [3][-]{subsubsection.6.1.1.4}{\376\377\0006\000.\0001\000.\0001\000.\0004\000\040\000\137\000A\000D\000C\000\137\000P\000o\000l\000l\000F\000o\000r\000C\000o\000n\000v\000e\000r\000s\000i\000o\000n\000\050\000\051}{subsection.6.1.1}% 158
\BOOKMARK [3][-]{subsubsection.6.1.1.5}{\376\377\0006\000.\0001\000.\0001\000.\0005\000\040\000\137\000a\000d\000c\000\137\000r\000e\000a\000d\000\050\000\051}{subsection.6.1.1}% 159
\BOOKMARK [3][-]{subsubsection.6.1.1.6}{\376\377\0006\000.\0001\000.\0001\000.\0006\000\040\000\137\000A\000D\000C\000\137\000S\000t\000a\000r\000t\000\050\000\051}{subsection.6.1.1}% 160
\BOOKMARK [3][-]{subsubsection.6.1.1.7}{\376\377\0006\000.\0001\000.\0001\000.\0007\000\040\000\137\000G\000P\000I\000O\000\137\000I\000n\000i\000t\000\050\000\051}{subsection.6.1.1}% 161
\BOOKMARK [3][-]{subsubsection.6.1.1.8}{\376\377\0006\000.\0001\000.\0001\000.\0008\000\040\000a\000d\000c\000\137\000i\000n\000i\000t\000\050\000\051}{subsection.6.1.1}% 162
\BOOKMARK [3][-]{subsubsection.6.1.1.9}{\376\377\0006\000.\0001\000.\0001\000.\0009\000\040\000a\000d\000c\000\137\000r\000e\000a\000d\000\050\000\051}{subsection.6.1.1}% 163
\BOOKMARK [3][-]{subsubsection.6.1.1.10}{\376\377\0006\000.\0001\000.\0001\000.\0001\0000\000\040\000a\000n\000a\000l\000o\000g\000i\000n\000\137\000i\000n\000i\000t\000\050\000\051}{subsection.6.1.1}% 164
\BOOKMARK [3][-]{subsubsection.6.1.1.11}{\376\377\0006\000.\0001\000.\0001\000.\0001\0001\000\040\000p\000i\000n\000\137\000f\000u\000n\000c\000t\000i\000o\000n\000\050\000\051}{subsection.6.1.1}% 165
\BOOKMARK [3][-]{subsubsection.6.1.1.12}{\376\377\0006\000.\0001\000.\0001\000.\0001\0002\000\040\000p\000i\000n\000m\000a\000p\000\137\000f\000i\000n\000d\000\137\000f\000u\000n\000c\000t\000i\000o\000n\000\050\000\051}{subsection.6.1.1}% 166
\BOOKMARK [3][-]{subsubsection.6.1.1.13}{\376\377\0006\000.\0001\000.\0001\000.\0001\0003\000\040\000p\000i\000n\000m\000a\000p\000\137\000f\000i\000n\000d\000\137\000p\000e\000r\000i\000p\000h\000e\000r\000a\000l\000\050\000\051}{subsection.6.1.1}% 167
\BOOKMARK [3][-]{subsubsection.6.1.1.14}{\376\377\0006\000.\0001\000.\0001\000.\0001\0004\000\040\000p\000i\000n\000m\000a\000p\000\137\000f\000u\000n\000c\000t\000i\000o\000n\000\050\000\051}{subsection.6.1.1}% 168
\BOOKMARK [3][-]{subsubsection.6.1.1.15}{\376\377\0006\000.\0001\000.\0001\000.\0001\0005\000\040\000p\000i\000n\000m\000a\000p\000\137\000p\000e\000r\000i\000p\000h\000e\000r\000a\000l\000\050\000\051}{subsection.6.1.1}% 169
\BOOKMARK [3][-]{subsubsection.6.1.1.16}{\376\377\0006\000.\0001\000.\0001\000.\0001\0006\000\040\000p\000i\000n\000m\000a\000p\000\137\000p\000i\000n\000o\000u\000t\000\050\000\051}{subsection.6.1.1}% 170
\BOOKMARK [2][-]{subsection.6.1.2}{\376\377\0006\000.\0001\000.\0002\000\040\000V\000a\000r\000i\000a\000b\000l\000e\000\040\000D\000o\000c\000u\000m\000e\000n\000t\000a\000t\000i\000o\000n}{section.6.1}% 171
\BOOKMARK [3][-]{subsubsection.6.1.2.1}{\376\377\0006\000.\0001\000.\0002\000.\0001\000\040\000A\000d\000c\000H\000a\000n\000d\000l\000e}{subsection.6.1.2}% 172
\BOOKMARK [3][-]{subsubsection.6.1.2.2}{\376\377\0006\000.\0001\000.\0002\000.\0002\000\040\000P\000i\000n\000M\000a\000p\000\137\000A\000D\000C}{subsection.6.1.2}% 173
\BOOKMARK [1][-]{section.6.2}{\376\377\0006\000.\0002\000\040\000d\000r\000i\000v\000e\000r\000s\000/\000a\000d\000c\000.\000h\000\040\000F\000i\000l\000e\000\040\000R\000e\000f\000e\000r\000e\000n\000c\000e}{chapter.6}% 174
\BOOKMARK [2][-]{subsection.6.2.1}{\376\377\0006\000.\0002\000.\0001\000\040\000D\000e\000t\000a\000i\000l\000e\000d\000\040\000D\000e\000s\000c\000r\000i\000p\000t\000i\000o\000n}{section.6.2}% 175
\BOOKMARK [2][-]{subsection.6.2.2}{\376\377\0006\000.\0002\000.\0002\000\040\000M\000a\000c\000r\000o\000\040\000D\000e\000f\000i\000n\000i\000t\000i\000o\000n\000\040\000D\000o\000c\000u\000m\000e\000n\000t\000a\000t\000i\000o\000n}{section.6.2}% 176
\BOOKMARK [3][-]{subsubsection.6.2.2.1}{\376\377\0006\000.\0002\000.\0002\000.\0001\000\040\000\137\000A\000D\000C\000\137\000G\000E\000T\000\137\000F\000L\000A\000G}{subsection.6.2.2}% 177
\BOOKMARK [3][-]{subsubsection.6.2.2.2}{\376\377\0006\000.\0002\000.\0002\000.\0002\000\040\000\137\000I\000S\000\137\000B\000I\000T\000\137\000C\000L\000R}{subsection.6.2.2}% 178
\BOOKMARK [3][-]{subsubsection.6.2.2.3}{\376\377\0006\000.\0002\000.\0002\000.\0003\000\040\000\137\000I\000S\000\137\000B\000I\000T\000\137\000S\000E\000T}{subsection.6.2.2}% 179
\BOOKMARK [3][-]{subsubsection.6.2.2.4}{\376\377\0006\000.\0002\000.\0002\000.\0004\000\040\000A\000D\000C\0001\000\137\000B\000A\000S\000E}{subsection.6.2.2}% 180
\BOOKMARK [3][-]{subsubsection.6.2.2.5}{\376\377\0006\000.\0002\000.\0002\000.\0005\000\040\000A\000D\000C\000\137\000C\000H\000A\000N\000N\000E\000L\000\137\0000}{subsection.6.2.2}% 181
\BOOKMARK [3][-]{subsubsection.6.2.2.6}{\376\377\0006\000.\0002\000.\0002\000.\0006\000\040\000A\000D\000C\000\137\000C\000H\000A\000N\000N\000E\000L\000\137\0001}{subsection.6.2.2}% 182
\BOOKMARK [3][-]{subsubsection.6.2.2.7}{\376\377\0006\000.\0002\000.\0002\000.\0007\000\040\000A\000D\000C\000\137\000C\000H\000A\000N\000N\000E\000L\000\137\0001\0000}{subsection.6.2.2}% 183
\BOOKMARK [3][-]{subsubsection.6.2.2.8}{\376\377\0006\000.\0002\000.\0002\000.\0008\000\040\000A\000D\000C\000\137\000C\000H\000A\000N\000N\000E\000L\000\137\0001\0001}{subsection.6.2.2}% 184
\BOOKMARK [3][-]{subsubsection.6.2.2.9}{\376\377\0006\000.\0002\000.\0002\000.\0009\000\040\000A\000D\000C\000\137\000C\000H\000A\000N\000N\000E\000L\000\137\0001\0002}{subsection.6.2.2}% 185
\BOOKMARK [3][-]{subsubsection.6.2.2.10}{\376\377\0006\000.\0002\000.\0002\000.\0001\0000\000\040\000A\000D\000C\000\137\000C\000H\000A\000N\000N\000E\000L\000\137\0001\0003}{subsection.6.2.2}% 186
\BOOKMARK [3][-]{subsubsection.6.2.2.11}{\376\377\0006\000.\0002\000.\0002\000.\0001\0001\000\040\000A\000D\000C\000\137\000C\000H\000A\000N\000N\000E\000L\000\137\0001\0004}{subsection.6.2.2}% 187
\BOOKMARK [3][-]{subsubsection.6.2.2.12}{\376\377\0006\000.\0002\000.\0002\000.\0001\0002\000\040\000A\000D\000C\000\137\000C\000H\000A\000N\000N\000E\000L\000\137\0001\0005}{subsection.6.2.2}% 188
\BOOKMARK [3][-]{subsubsection.6.2.2.13}{\376\377\0006\000.\0002\000.\0002\000.\0001\0003\000\040\000A\000D\000C\000\137\000C\000H\000A\000N\000N\000E\000L\000\137\0001\0006}{subsection.6.2.2}% 189
\BOOKMARK [3][-]{subsubsection.6.2.2.14}{\376\377\0006\000.\0002\000.\0002\000.\0001\0004\000\040\000A\000D\000C\000\137\000C\000H\000A\000N\000N\000E\000L\000\137\0001\0007}{subsection.6.2.2}% 190
\BOOKMARK [3][-]{subsubsection.6.2.2.15}{\376\377\0006\000.\0002\000.\0002\000.\0001\0005\000\040\000A\000D\000C\000\137\000C\000H\000A\000N\000N\000E\000L\000\137\0001\0008}{subsection.6.2.2}% 191
\BOOKMARK [3][-]{subsubsection.6.2.2.16}{\376\377\0006\000.\0002\000.\0002\000.\0001\0006\000\040\000A\000D\000C\000\137\000C\000H\000A\000N\000N\000E\000L\000\137\0002}{subsection.6.2.2}% 192
\BOOKMARK [3][-]{subsubsection.6.2.2.17}{\376\377\0006\000.\0002\000.\0002\000.\0001\0007\000\040\000A\000D\000C\000\137\000C\000H\000A\000N\000N\000E\000L\000\137\0003}{subsection.6.2.2}% 193
\BOOKMARK [3][-]{subsubsection.6.2.2.18}{\376\377\0006\000.\0002\000.\0002\000.\0001\0008\000\040\000A\000D\000C\000\137\000C\000H\000A\000N\000N\000E\000L\000\137\0004}{subsection.6.2.2}% 194
\BOOKMARK [3][-]{subsubsection.6.2.2.19}{\376\377\0006\000.\0002\000.\0002\000.\0001\0009\000\040\000A\000D\000C\000\137\000C\000H\000A\000N\000N\000E\000L\000\137\0005}{subsection.6.2.2}% 195
\BOOKMARK [3][-]{subsubsection.6.2.2.20}{\376\377\0006\000.\0002\000.\0002\000.\0002\0000\000\040\000A\000D\000C\000\137\000C\000H\000A\000N\000N\000E\000L\000\137\0006}{subsection.6.2.2}% 196
\BOOKMARK [3][-]{subsubsection.6.2.2.21}{\376\377\0006\000.\0002\000.\0002\000.\0002\0001\000\040\000A\000D\000C\000\137\000C\000H\000A\000N\000N\000E\000L\000\137\0007}{subsection.6.2.2}% 197
\BOOKMARK [3][-]{subsubsection.6.2.2.22}{\376\377\0006\000.\0002\000.\0002\000.\0002\0002\000\040\000A\000D\000C\000\137\000C\000H\000A\000N\000N\000E\000L\000\137\0008}{subsection.6.2.2}% 198
\BOOKMARK [3][-]{subsubsection.6.2.2.23}{\376\377\0006\000.\0002\000.\0002\000.\0002\0003\000\040\000A\000D\000C\000\137\000C\000H\000A\000N\000N\000E\000L\000\137\0009}{subsection.6.2.2}% 199
\BOOKMARK [3][-]{subsubsection.6.2.2.24}{\376\377\0006\000.\0002\000.\0002\000.\0002\0004\000\040\000A\000D\000C\000\137\000C\000H\000A\000N\000N\000E\000L\000\137\000T\000E\000M\000P\000S\000E\000N\000S\000O\000R}{subsection.6.2.2}% 200
\BOOKMARK [3][-]{subsubsection.6.2.2.25}{\376\377\0006\000.\0002\000.\0002\000.\0002\0005\000\040\000A\000D\000C\000\137\000C\000H\000A\000N\000N\000E\000L\000\137\000V\000B\000A\000T}{subsection.6.2.2}% 201
\BOOKMARK [3][-]{subsubsection.6.2.2.26}{\376\377\0006\000.\0002\000.\0002\000.\0002\0006\000\040\000A\000D\000C\000\137\000C\000H\000A\000N\000N\000E\000L\000\137\000V\000R\000E\000F\000I\000N\000T}{subsection.6.2.2}% 202
\BOOKMARK [3][-]{subsubsection.6.2.2.27}{\376\377\0006\000.\0002\000.\0002\000.\0002\0007\000\040\000A\000D\000C\000\137\000C\000R\0001\000\137\000D\000I\000S\000C\000O\000N\000T\000I\000N\000U\000O\000U\000S}{subsection.6.2.2}% 203
\BOOKMARK [3][-]{subsubsection.6.2.2.28}{\376\377\0006\000.\0002\000.\0002\000.\0002\0008\000\040\000A\000D\000C\000\137\000C\000R\0001\000\137\000S\000C\000A\000N\000C\000O\000N\000V}{subsection.6.2.2}% 204
\BOOKMARK [3][-]{subsubsection.6.2.2.29}{\376\377\0006\000.\0002\000.\0002\000.\0002\0009\000\040\000A\000D\000C\000\137\000C\000R\0002\000\137\000C\000O\000N\000T\000I\000N\000U\000O\000U\000S}{subsection.6.2.2}% 205
\BOOKMARK [3][-]{subsubsection.6.2.2.30}{\376\377\0006\000.\0002\000.\0002\000.\0003\0000\000\040\000A\000D\000C\000\137\000C\000R\0002\000\137\000D\000M\000A\000C\000o\000n\000t\000R\000e\000q}{subsection.6.2.2}% 206
\BOOKMARK [3][-]{subsubsection.6.2.2.31}{\376\377\0006\000.\0002\000.\0002\000.\0003\0001\000\040\000A\000D\000C\000\137\000C\000R\0002\000\137\000E\000O\000C\000S\000e\000l\000e\000c\000t\000i\000o\000n}{subsection.6.2.2}% 207
\BOOKMARK [3][-]{subsubsection.6.2.2.32}{\376\377\0006\000.\0002\000.\0002\000.\0003\0002\000\040\000A\000D\000C\000\137\000S\000M\000P\000R\0001}{subsection.6.2.2}% 208
\BOOKMARK [3][-]{subsubsection.6.2.2.33}{\376\377\0006\000.\0002\000.\0002\000.\0003\0003\000\040\000A\000D\000C\000\137\000S\000M\000P\000R\0002}{subsection.6.2.2}% 209
\BOOKMARK [3][-]{subsubsection.6.2.2.34}{\376\377\0006\000.\0002\000.\0002\000.\0003\0004\000\040\000A\000D\000C\000\137\000S\000O\000F\000T\000W\000A\000R\000E\000\137\000S\000T\000A\000R\000T}{subsection.6.2.2}% 210
\BOOKMARK [3][-]{subsubsection.6.2.2.35}{\376\377\0006\000.\0002\000.\0002\000.\0003\0005\000\040\000A\000D\000C\000\137\000S\000Q\000R\0001}{subsection.6.2.2}% 211
\BOOKMARK [3][-]{subsubsection.6.2.2.36}{\376\377\0006\000.\0002\000.\0002\000.\0003\0006\000\040\000A\000D\000C\000\137\000S\000Q\000R\0001\000\137\000R\000K}{subsection.6.2.2}% 212
\BOOKMARK [3][-]{subsubsection.6.2.2.37}{\376\377\0006\000.\0002\000.\0002\000.\0003\0007\000\040\000A\000D\000C\000\137\000S\000Q\000R\0002\000\137\000R\000K}{subsection.6.2.2}% 213
\BOOKMARK [3][-]{subsubsection.6.2.2.38}{\376\377\0006\000.\0002\000.\0002\000.\0003\0008\000\040\000A\000D\000C\000\137\000S\000Q\000R\0003\000\137\000R\000K}{subsection.6.2.2}% 214
\BOOKMARK [3][-]{subsubsection.6.2.2.39}{\376\377\0006\000.\0002\000.\0002\000.\0003\0009\000\040\000A\000D\000C\000\137\000S\000T\000A\000B\000\137\000D\000E\000L\000A\000Y\000\137\000U\000S}{subsection.6.2.2}% 215
\BOOKMARK [3][-]{subsubsection.6.2.2.40}{\376\377\0006\000.\0002\000.\0002\000.\0004\0000\000\040\000G\000P\000I\000O\000\137\000M\000O\000D\000E}{subsection.6.2.2}% 216
\BOOKMARK [3][-]{subsubsection.6.2.2.41}{\376\377\0006\000.\0002\000.\0002\000.\0004\0001\000\040\000G\000P\000I\000O\000\137\000N\000O\000P\000U\000L\000L}{subsection.6.2.2}% 217
\BOOKMARK [3][-]{subsubsection.6.2.2.42}{\376\377\0006\000.\0002\000.\0002\000.\0004\0002\000\040\000G\000P\000I\000O\000\137\000P\000U\000L\000L\000D\000O\000W\000N}{subsection.6.2.2}% 218
\BOOKMARK [3][-]{subsubsection.6.2.2.43}{\376\377\0006\000.\0002\000.\0002\000.\0004\0003\000\040\000G\000P\000I\000O\000\137\000P\000U\000L\000L\000U\000P}{subsection.6.2.2}% 219
\BOOKMARK [3][-]{subsubsection.6.2.2.44}{\376\377\0006\000.\0002\000.\0002\000.\0004\0004\000\040\000G\000P\000I\000O\000\137\000S\000P\000E\000E\000D\000\137\000F\000A\000S\000T}{subsection.6.2.2}% 220
\BOOKMARK [3][-]{subsubsection.6.2.2.45}{\376\377\0006\000.\0002\000.\0002\000.\0004\0005\000\040\000G\000P\000I\000O\000\137\000S\000P\000E\000E\000D\000\137\000H\000I\000G\000H}{subsection.6.2.2}% 221
\BOOKMARK [3][-]{subsubsection.6.2.2.46}{\376\377\0006\000.\0002\000.\0002\000.\0004\0006\000\040\000G\000P\000I\000O\000\137\000S\000P\000E\000E\000D\000\137\000L\000O\000W}{subsection.6.2.2}% 222
\BOOKMARK [3][-]{subsubsection.6.2.2.47}{\376\377\0006\000.\0002\000.\0002\000.\0004\0007\000\040\000G\000P\000I\000O\000\137\000S\000P\000E\000E\000D\000\137\000M\000E\000D\000I\000U\000M}{subsection.6.2.2}% 223
\BOOKMARK [3][-]{subsubsection.6.2.2.48}{\376\377\0006\000.\0002\000.\0002\000.\0004\0008\000\040\000G\000P\000I\000O\000A\000\137\000B\000A\000S\000E}{subsection.6.2.2}% 224
\BOOKMARK [3][-]{subsubsection.6.2.2.49}{\376\377\0006\000.\0002\000.\0002\000.\0004\0009\000\040\000R\000C\000C\000\137\000A\000D\000C\0001\000\137\000C\000L\000K\000\137\000E\000N\000A\000B\000L\000E}{subsection.6.2.2}% 225
\BOOKMARK [3][-]{subsubsection.6.2.2.50}{\376\377\0006\000.\0002\000.\0002\000.\0005\0000\000\040\000R\000C\000C\000\137\000G\000P\000I\000O\000A\000\137\000C\000L\000K\000\137\000E\000N\000A\000B\000L\000E}{subsection.6.2.2}% 226
\BOOKMARK [3][-]{subsubsection.6.2.2.51}{\376\377\0006\000.\0002\000.\0002\000.\0005\0001\000\040\000R\000C\000C\000\137\000G\000P\000I\000O\000B\000\137\000C\000L\000K\000\137\000E\000N\000A\000B\000L\000E}{subsection.6.2.2}% 227
\BOOKMARK [3][-]{subsubsection.6.2.2.52}{\376\377\0006\000.\0002\000.\0002\000.\0005\0002\000\040\000R\000C\000C\000\137\000G\000P\000I\000O\000C\000\137\000C\000L\000K\000\137\000E\000N\000A\000B\000L\000E}{subsection.6.2.2}% 228
\BOOKMARK [3][-]{subsubsection.6.2.2.53}{\376\377\0006\000.\0002\000.\0002\000.\0005\0003\000\040\000S\000T\000M\000\137\000M\000O\000D\000E\000\137\000A\000N\000A\000L\000O\000G}{subsection.6.2.2}% 229
\BOOKMARK [3][-]{subsubsection.6.2.2.54}{\376\377\0006\000.\0002\000.\0002\000.\0005\0004\000\040\000S\000T\000M\000\137\000P\000I\000N}{subsection.6.2.2}% 230
\BOOKMARK [3][-]{subsubsection.6.2.2.55}{\376\377\0006\000.\0002\000.\0002\000.\0005\0005\000\040\000S\000T\000M\000\137\000P\000I\000N\000\137\000A\000F\000N\000U\000M}{subsection.6.2.2}% 231
\BOOKMARK [3][-]{subsubsection.6.2.2.56}{\376\377\0006\000.\0002\000.\0002\000.\0005\0006\000\040\000S\000T\000M\000\137\000P\000I\000N\000\137\000C\000H\000A\000N\000N\000E\000L}{subsection.6.2.2}% 232
\BOOKMARK [3][-]{subsubsection.6.2.2.57}{\376\377\0006\000.\0002\000.\0002\000.\0005\0007\000\040\000S\000T\000M\000\137\000P\000I\000N\000\137\000D\000A\000T\000A\000\137\000E\000X\000T}{subsection.6.2.2}% 233
\BOOKMARK [3][-]{subsubsection.6.2.2.58}{\376\377\0006\000.\0002\000.\0002\000.\0005\0008\000\040\000S\000T\000M\000\137\000P\000I\000N\000\137\000M\000O\000D\000E}{subsection.6.2.2}% 234
\BOOKMARK [3][-]{subsubsection.6.2.2.59}{\376\377\0006\000.\0002\000.\0002\000.\0005\0009\000\040\000S\000T\000M\000\137\000P\000I\000N\000\137\000P\000U\000P\000D}{subsection.6.2.2}% 235
\BOOKMARK [3][-]{subsubsection.6.2.2.60}{\376\377\0006\000.\0002\000.\0002\000.\0006\0000\000\040\000S\000T\000M\000\137\000P\000O\000R\000T}{subsection.6.2.2}% 236
\BOOKMARK [3][-]{subsubsection.6.2.2.61}{\376\377\0006\000.\0002\000.\0002\000.\0006\0001\000\040\000U\000N\000U\000S\000E\000D}{subsection.6.2.2}% 237
\BOOKMARK [2][-]{subsection.6.2.3}{\376\377\0006\000.\0002\000.\0003\000\040\000E\000n\000u\000m\000e\000r\000a\000t\000i\000o\000n\000\040\000T\000y\000p\000e\000\040\000D\000o\000c\000u\000m\000e\000n\000t\000a\000t\000i\000o\000n}{section.6.2}% 238
\BOOKMARK [3][-]{subsubsection.6.2.3.1}{\376\377\0006\000.\0002\000.\0003\000.\0001\000\040\000A\000D\000C\000N\000a\000m\000e}{subsection.6.2.3}% 239
\BOOKMARK [3][-]{subsubsection.6.2.3.2}{\376\377\0006\000.\0002\000.\0003\000.\0002\000\040\000H\000A\000L\000\137\000A\000D\000C\000\137\000S\000t\000a\000t\000e\000T\000y\000p\000e\000D\000e\000f}{subsection.6.2.3}% 240
\BOOKMARK [3][-]{subsubsection.6.2.3.3}{\376\377\0006\000.\0002\000.\0003\000.\0003\000\040\000H\000A\000L\000\137\000L\000o\000c\000k\000T\000y\000p\000e\000D\000e\000f}{subsection.6.2.3}% 241
\BOOKMARK [3][-]{subsubsection.6.2.3.4}{\376\377\0006\000.\0002\000.\0003\000.\0004\000\040\000P\000o\000r\000t\000N\000a\000m\000e}{subsection.6.2.3}% 242
\BOOKMARK [2][-]{subsection.6.2.4}{\376\377\0006\000.\0002\000.\0004\000\040\000F\000u\000n\000c\000t\000i\000o\000n\000\040\000D\000o\000c\000u\000m\000e\000n\000t\000a\000t\000i\000o\000n}{section.6.2}% 243
\BOOKMARK [3][-]{subsubsection.6.2.4.1}{\376\377\0006\000.\0002\000.\0004\000.\0001\000\040\000\137\000A\000D\000C\000\137\000C\000o\000n\000f\000i\000g\000C\000h\000a\000n\000n\000e\000l\000\050\000\051}{subsection.6.2.4}% 244
\BOOKMARK [3][-]{subsubsection.6.2.4.2}{\376\377\0006\000.\0002\000.\0004\000.\0002\000\040\000\137\000A\000D\000C\000\137\000G\000e\000t\000V\000a\000l\000u\000e\000\050\000\051}{subsection.6.2.4}% 245
\BOOKMARK [3][-]{subsubsection.6.2.4.3}{\376\377\0006\000.\0002\000.\0004\000.\0003\000\040\000\137\000A\000D\000C\000\137\000I\000n\000i\000t\000\050\000\051}{subsection.6.2.4}% 246
\BOOKMARK [3][-]{subsubsection.6.2.4.4}{\376\377\0006\000.\0002\000.\0004\000.\0004\000\040\000\137\000A\000D\000C\000\137\000P\000o\000l\000l\000F\000o\000r\000C\000o\000n\000v\000e\000r\000s\000i\000o\000n\000\050\000\051}{subsection.6.2.4}% 247
\BOOKMARK [3][-]{subsubsection.6.2.4.5}{\376\377\0006\000.\0002\000.\0004\000.\0005\000\040\000\137\000a\000d\000c\000\137\000r\000e\000a\000d\000\050\000\051}{subsection.6.2.4}% 248
\BOOKMARK [3][-]{subsubsection.6.2.4.6}{\376\377\0006\000.\0002\000.\0004\000.\0006\000\040\000\137\000A\000D\000C\000\137\000S\000t\000a\000r\000t\000\050\000\051}{subsection.6.2.4}% 249
\BOOKMARK [3][-]{subsubsection.6.2.4.7}{\376\377\0006\000.\0002\000.\0004\000.\0007\000\040\000\137\000G\000P\000I\000O\000\137\000I\000n\000i\000t\000\050\000\051}{subsection.6.2.4}% 250
\BOOKMARK [3][-]{subsubsection.6.2.4.8}{\376\377\0006\000.\0002\000.\0004\000.\0008\000\040\000a\000d\000c\000\137\000i\000n\000i\000t\000\050\000\051}{subsection.6.2.4}% 251
\BOOKMARK [3][-]{subsubsection.6.2.4.9}{\376\377\0006\000.\0002\000.\0004\000.\0009\000\040\000a\000d\000c\000\137\000r\000e\000a\000d\000\050\000\051}{subsection.6.2.4}% 252
\BOOKMARK [3][-]{subsubsection.6.2.4.10}{\376\377\0006\000.\0002\000.\0004\000.\0001\0000\000\040\000a\000n\000a\000l\000o\000g\000i\000n\000\137\000i\000n\000i\000t\000\050\000\051}{subsection.6.2.4}% 253
\BOOKMARK [3][-]{subsubsection.6.2.4.11}{\376\377\0006\000.\0002\000.\0004\000.\0001\0001\000\040\000p\000i\000n\000\137\000f\000u\000n\000c\000t\000i\000o\000n\000\050\000\051}{subsection.6.2.4}% 254
\BOOKMARK [3][-]{subsubsection.6.2.4.12}{\376\377\0006\000.\0002\000.\0004\000.\0001\0002\000\040\000p\000i\000n\000m\000a\000p\000\137\000f\000i\000n\000d\000\137\000p\000e\000r\000i\000p\000h\000e\000r\000a\000l\000\050\000\051}{subsection.6.2.4}% 255
\BOOKMARK [3][-]{subsubsection.6.2.4.13}{\376\377\0006\000.\0002\000.\0004\000.\0001\0003\000\040\000p\000i\000n\000m\000a\000p\000\137\000f\000u\000n\000c\000t\000i\000o\000n\000\050\000\051}{subsection.6.2.4}% 256
\BOOKMARK [3][-]{subsubsection.6.2.4.14}{\376\377\0006\000.\0002\000.\0004\000.\0001\0004\000\040\000p\000i\000n\000m\000a\000p\000\137\000p\000e\000r\000i\000p\000h\000e\000r\000a\000l\000\050\000\051}{subsection.6.2.4}% 257
\BOOKMARK [3][-]{subsubsection.6.2.4.15}{\376\377\0006\000.\0002\000.\0004\000.\0001\0005\000\040\000p\000i\000n\000m\000a\000p\000\137\000p\000i\000n\000o\000u\000t\000\050\000\051}{subsection.6.2.4}% 258
\BOOKMARK [1][-]{section.6.3}{\376\377\0006\000.\0003\000\040\000a\000d\000c\000.\000h}{chapter.6}% 259
\BOOKMARK [1][-]{section.6.4}{\376\377\0006\000.\0004\000\040\000d\000r\000i\000v\000e\000r\000s\000/\000c\000o\000m\000p\000a\000r\000a\000t\000o\000r\000.\000c\000\040\000F\000i\000l\000e\000\040\000R\000e\000f\000e\000r\000e\000n\000c\000e}{chapter.6}% 260
\BOOKMARK [2][-]{subsection.6.4.1}{\376\377\0006\000.\0004\000.\0001\000\040\000F\000u\000n\000c\000t\000i\000o\000n\000\040\000D\000o\000c\000u\000m\000e\000n\000t\000a\000t\000i\000o\000n}{section.6.4}% 261
\BOOKMARK [3][-]{subsubsection.6.4.1.1}{\376\377\0006\000.\0004\000.\0001\000.\0001\000\040\000c\000o\000m\000p\000a\000r\000a\000t\000o\000r\000\137\000i\000n\000i\000t\000\050\000\051}{subsection.6.4.1}% 262
\BOOKMARK [3][-]{subsubsection.6.4.1.2}{\376\377\0006\000.\0004\000.\0001\000.\0002\000\040\000c\000o\000m\000p\000a\000r\000a\000t\000o\000r\000\137\000r\000e\000a\000d\000\050\000\051}{subsection.6.4.1}% 263
\BOOKMARK [1][-]{section.6.5}{\376\377\0006\000.\0005\000\040\000d\000r\000i\000v\000e\000r\000s\000/\000c\000o\000m\000p\000a\000r\000a\000t\000o\000r\000.\000h\000\040\000F\000i\000l\000e\000\040\000R\000e\000f\000e\000r\000e\000n\000c\000e}{chapter.6}% 264
\BOOKMARK [2][-]{subsection.6.5.1}{\376\377\0006\000.\0005\000.\0001\000\040\000D\000e\000t\000a\000i\000l\000e\000d\000\040\000D\000e\000s\000c\000r\000i\000p\000t\000i\000o\000n}{section.6.5}% 265
\BOOKMARK [2][-]{subsection.6.5.2}{\376\377\0006\000.\0005\000.\0002\000\040\000E\000n\000u\000m\000e\000r\000a\000t\000i\000o\000n\000\040\000T\000y\000p\000e\000\040\000D\000o\000c\000u\000m\000e\000n\000t\000a\000t\000i\000o\000n}{section.6.5}% 266
\BOOKMARK [3][-]{subsubsection.6.5.2.1}{\376\377\0006\000.\0005\000.\0002\000.\0001\000\040\000C\000o\000m\000p\000a\000r\000a\000t\000o\000r\000T\000r\000i\000g\000g\000e\000r\000M\000o\000d\000e}{subsection.6.5.2}% 267
\BOOKMARK [2][-]{subsection.6.5.3}{\376\377\0006\000.\0005\000.\0003\000\040\000F\000u\000n\000c\000t\000i\000o\000n\000\040\000D\000o\000c\000u\000m\000e\000n\000t\000a\000t\000i\000o\000n}{section.6.5}% 268
\BOOKMARK [3][-]{subsubsection.6.5.3.1}{\376\377\0006\000.\0005\000.\0003\000.\0001\000\040\000c\000o\000m\000p\000a\000r\000a\000t\000o\000r\000\137\000i\000n\000i\000t\000\050\000\051}{subsection.6.5.3}% 269
\BOOKMARK [3][-]{subsubsection.6.5.3.2}{\376\377\0006\000.\0005\000.\0003\000.\0002\000\040\000c\000o\000m\000p\000a\000r\000a\000t\000o\000r\000\137\000r\000e\000a\000d\000\050\000\051}{subsection.6.5.3}% 270
\BOOKMARK [3][-]{subsubsection.6.5.3.3}{\376\377\0006\000.\0005\000.\0003\000.\0003\000\040\000c\000o\000m\000p\000a\000r\000a\000t\000o\000r\000\137\000s\000e\000t\000\137\000c\000a\000l\000l\000b\000a\000c\000k\000\050\000\051}{subsection.6.5.3}% 271
\BOOKMARK [3][-]{subsubsection.6.5.3.4}{\376\377\0006\000.\0005\000.\0003\000.\0004\000\040\000c\000o\000m\000p\000a\000r\000a\000t\000o\000r\000\137\000s\000e\000t\000\137\000t\000r\000i\000g\000g\000e\000r\000\050\000\051}{subsection.6.5.3}% 272
\BOOKMARK [1][-]{section.6.6}{\376\377\0006\000.\0006\000\040\000c\000o\000m\000p\000a\000r\000a\000t\000o\000r\000.\000h}{chapter.6}% 273
\BOOKMARK [1][-]{section.6.7}{\376\377\0006\000.\0007\000\040\000d\000r\000i\000v\000e\000r\000s\000/\000g\000p\000i\000o\000.\000c\000\040\000F\000i\000l\000e\000\040\000R\000e\000f\000e\000r\000e\000n\000c\000e}{chapter.6}% 274
\BOOKMARK [2][-]{subsection.6.7.1}{\376\377\0006\000.\0007\000.\0001\000\040\000F\000u\000n\000c\000t\000i\000o\000n\000\040\000D\000o\000c\000u\000m\000e\000n\000t\000a\000t\000i\000o\000n}{section.6.7}% 275
\BOOKMARK [3][-]{subsubsection.6.7.1.1}{\376\377\0006\000.\0007\000.\0001\000.\0001\000\040\000E\000X\000T\000I\0000\000\137\000I\000R\000Q\000H\000a\000n\000d\000l\000e\000r\000\050\000\051}{subsection.6.7.1}% 276
\BOOKMARK [3][-]{subsubsection.6.7.1.2}{\376\377\0006\000.\0007\000.\0001\000.\0002\000\040\000E\000X\000T\000I\0001\0005\000\137\0001\0000\000\137\000I\000R\000Q\000H\000a\000n\000d\000l\000e\000r\000\050\000\051}{subsection.6.7.1}% 277
\BOOKMARK [3][-]{subsubsection.6.7.1.3}{\376\377\0006\000.\0007\000.\0001\000.\0003\000\040\000E\000X\000T\000I\0001\000\137\000I\000R\000Q\000H\000a\000n\000d\000l\000e\000r\000\050\000\051}{subsection.6.7.1}% 278
\BOOKMARK [3][-]{subsubsection.6.7.1.4}{\376\377\0006\000.\0007\000.\0001\000.\0004\000\040\000E\000X\000T\000I\0002\000\137\000I\000R\000Q\000H\000a\000n\000d\000l\000e\000r\000\050\000\051}{subsection.6.7.1}% 279
\BOOKMARK [3][-]{subsubsection.6.7.1.5}{\376\377\0006\000.\0007\000.\0001\000.\0005\000\040\000E\000X\000T\000I\0003\000\137\000I\000R\000Q\000H\000a\000n\000d\000l\000e\000r\000\050\000\051}{subsection.6.7.1}% 280
\BOOKMARK [3][-]{subsubsection.6.7.1.6}{\376\377\0006\000.\0007\000.\0001\000.\0006\000\040\000E\000X\000T\000I\0004\000\137\000I\000R\000Q\000H\000a\000n\000d\000l\000e\000r\000\050\000\051}{subsection.6.7.1}% 281
\BOOKMARK [3][-]{subsubsection.6.7.1.7}{\376\377\0006\000.\0007\000.\0001\000.\0007\000\040\000E\000X\000T\000I\0009\000\137\0005\000\137\000I\000R\000Q\000H\000a\000n\000d\000l\000e\000r\000\050\000\051}{subsection.6.7.1}% 282
\BOOKMARK [3][-]{subsubsection.6.7.1.8}{\376\377\0006\000.\0007\000.\0001\000.\0008\000\040\000g\000p\000i\000o\000\137\000g\000e\000t\000\050\000\051}{subsection.6.7.1}% 283
\BOOKMARK [3][-]{subsubsection.6.7.1.9}{\376\377\0006\000.\0007\000.\0001\000.\0009\000\040\000g\000p\000i\000o\000\137\000g\000e\000t\000\137\000r\000a\000n\000g\000e\000\050\000\051}{subsection.6.7.1}% 284
\BOOKMARK [3][-]{subsubsection.6.7.1.10}{\376\377\0006\000.\0007\000.\0001\000.\0001\0000\000\040\000g\000p\000i\000o\000\137\000s\000e\000t\000\050\000\051}{subsection.6.7.1}% 285
\BOOKMARK [3][-]{subsubsection.6.7.1.11}{\376\377\0006\000.\0007\000.\0001\000.\0001\0001\000\040\000g\000p\000i\000o\000\137\000s\000e\000t\000\137\000c\000a\000l\000l\000b\000a\000c\000k\000\050\000\051}{subsection.6.7.1}% 286
\BOOKMARK [3][-]{subsubsection.6.7.1.12}{\376\377\0006\000.\0007\000.\0001\000.\0001\0002\000\040\000g\000p\000i\000o\000\137\000s\000e\000t\000\137\000m\000o\000d\000e\000\050\000\051}{subsection.6.7.1}% 287
\BOOKMARK [3][-]{subsubsection.6.7.1.13}{\376\377\0006\000.\0007\000.\0001\000.\0001\0003\000\040\000g\000p\000i\000o\000\137\000s\000e\000t\000\137\000r\000a\000n\000g\000e\000\050\000\051}{subsection.6.7.1}% 288
\BOOKMARK [3][-]{subsubsection.6.7.1.14}{\376\377\0006\000.\0007\000.\0001\000.\0001\0004\000\040\000g\000p\000i\000o\000\137\000s\000e\000t\000\137\000t\000r\000i\000g\000g\000e\000r\000\050\000\051}{subsection.6.7.1}% 289
\BOOKMARK [3][-]{subsubsection.6.7.1.15}{\376\377\0006\000.\0007\000.\0001\000.\0001\0005\000\040\000g\000p\000i\000o\000\137\000t\000o\000g\000g\000l\000e\000\050\000\051}{subsection.6.7.1}% 290
\BOOKMARK [2][-]{subsection.6.7.2}{\376\377\0006\000.\0007\000.\0002\000\040\000V\000a\000r\000i\000a\000b\000l\000e\000\040\000D\000o\000c\000u\000m\000e\000n\000t\000a\000t\000i\000o\000n}{section.6.7}% 291
\BOOKMARK [3][-]{subsubsection.6.7.2.1}{\376\377\0006\000.\0007\000.\0002\000.\0001\000\040\000E\000X\000T\000I\000\137\000p\000o\000r\000t\000\137\000s\000e\000t}{subsection.6.7.2}% 292
\BOOKMARK [3][-]{subsubsection.6.7.2.2}{\376\377\0006\000.\0007\000.\0002\000.\0002\000\040\000I\000R\000Q\000\137\000p\000i\000n\000\137\000i\000n\000d\000e\000x}{subsection.6.7.2}% 293
\BOOKMARK [3][-]{subsubsection.6.7.2.3}{\376\377\0006\000.\0007\000.\0002\000.\0003\000\040\000I\000R\000Q\000\137\000p\000o\000r\000t\000\137\000n\000u\000m}{subsection.6.7.2}% 294
\BOOKMARK [3][-]{subsubsection.6.7.2.4}{\376\377\0006\000.\0007\000.\0002\000.\0004\000\040\000I\000R\000Q\000\137\000s\000t\000a\000t\000u\000s}{subsection.6.7.2}% 295
\BOOKMARK [3][-]{subsubsection.6.7.2.5}{\376\377\0006\000.\0007\000.\0002\000.\0005\000\040\000p\000r\000i\000o\000r\000i\000t\000y}{subsection.6.7.2}% 296
\BOOKMARK [3][-]{subsubsection.6.7.2.6}{\376\377\0006\000.\0007\000.\0002\000.\0006\000\040\000p\000r\000i\000o\000r\000i\000t\000y\000g\000r\000o\000u\000p}{subsection.6.7.2}% 297
\BOOKMARK [1][-]{section.6.8}{\376\377\0006\000.\0008\000\040\000d\000r\000i\000v\000e\000r\000s\000/\000g\000p\000i\000o\000.\000h\000\040\000F\000i\000l\000e\000\040\000R\000e\000f\000e\000r\000e\000n\000c\000e}{chapter.6}% 298
\BOOKMARK [2][-]{subsection.6.8.1}{\376\377\0006\000.\0008\000.\0001\000\040\000D\000e\000t\000a\000i\000l\000e\000d\000\040\000D\000e\000s\000c\000r\000i\000p\000t\000i\000o\000n}{section.6.8}% 299
\BOOKMARK [2][-]{subsection.6.8.2}{\376\377\0006\000.\0008\000.\0002\000\040\000E\000n\000u\000m\000e\000r\000a\000t\000i\000o\000n\000\040\000T\000y\000p\000e\000\040\000D\000o\000c\000u\000m\000e\000n\000t\000a\000t\000i\000o\000n}{section.6.8}% 300
\BOOKMARK [3][-]{subsubsection.6.8.2.1}{\376\377\0006\000.\0008\000.\0002\000.\0001\000\040\000P\000i\000n\000M\000o\000d\000e}{subsection.6.8.2}% 301
\BOOKMARK [3][-]{subsubsection.6.8.2.2}{\376\377\0006\000.\0008\000.\0002\000.\0002\000\040\000T\000r\000i\000g\000g\000e\000r\000M\000o\000d\000e}{subsection.6.8.2}% 302
\BOOKMARK [2][-]{subsection.6.8.3}{\376\377\0006\000.\0008\000.\0003\000\040\000F\000u\000n\000c\000t\000i\000o\000n\000\040\000D\000o\000c\000u\000m\000e\000n\000t\000a\000t\000i\000o\000n}{section.6.8}% 303
\BOOKMARK [3][-]{subsubsection.6.8.3.1}{\376\377\0006\000.\0008\000.\0003\000.\0001\000\040\000g\000p\000i\000o\000\137\000g\000e\000t\000\050\000\051}{subsection.6.8.3}% 304
\BOOKMARK [3][-]{subsubsection.6.8.3.2}{\376\377\0006\000.\0008\000.\0003\000.\0002\000\040\000g\000p\000i\000o\000\137\000g\000e\000t\000\137\000r\000a\000n\000g\000e\000\050\000\051}{subsection.6.8.3}% 305
\BOOKMARK [3][-]{subsubsection.6.8.3.3}{\376\377\0006\000.\0008\000.\0003\000.\0003\000\040\000g\000p\000i\000o\000\137\000s\000e\000t\000\050\000\051}{subsection.6.8.3}% 306
\BOOKMARK [3][-]{subsubsection.6.8.3.4}{\376\377\0006\000.\0008\000.\0003\000.\0004\000\040\000g\000p\000i\000o\000\137\000s\000e\000t\000\137\000c\000a\000l\000l\000b\000a\000c\000k\000\050\000\051}{subsection.6.8.3}% 307
\BOOKMARK [3][-]{subsubsection.6.8.3.5}{\376\377\0006\000.\0008\000.\0003\000.\0005\000\040\000g\000p\000i\000o\000\137\000s\000e\000t\000\137\000m\000o\000d\000e\000\050\000\051}{subsection.6.8.3}% 308
\BOOKMARK [3][-]{subsubsection.6.8.3.6}{\376\377\0006\000.\0008\000.\0003\000.\0006\000\040\000g\000p\000i\000o\000\137\000s\000e\000t\000\137\000r\000a\000n\000g\000e\000\050\000\051}{subsection.6.8.3}% 309
\BOOKMARK [3][-]{subsubsection.6.8.3.7}{\376\377\0006\000.\0008\000.\0003\000.\0007\000\040\000g\000p\000i\000o\000\137\000s\000e\000t\000\137\000t\000r\000i\000g\000g\000e\000r\000\050\000\051}{subsection.6.8.3}% 310
\BOOKMARK [3][-]{subsubsection.6.8.3.8}{\376\377\0006\000.\0008\000.\0003\000.\0008\000\040\000g\000p\000i\000o\000\137\000t\000o\000g\000g\000l\000e\000\050\000\051}{subsection.6.8.3}% 311
\BOOKMARK [1][-]{section.6.9}{\376\377\0006\000.\0009\000\040\000g\000p\000i\000o\000.\000h}{chapter.6}% 312
\BOOKMARK [1][-]{section.6.10}{\376\377\0006\000.\0001\0000\000\040\000d\000r\000i\000v\000e\000r\000s\000/\000i\0002\000c\000.\000c\000\040\000F\000i\000l\000e\000\040\000R\000e\000f\000e\000r\000e\000n\000c\000e}{chapter.6}% 313
\BOOKMARK [2][-]{subsection.6.10.1}{\376\377\0006\000.\0001\0000\000.\0001\000\040\000F\000u\000n\000c\000t\000i\000o\000n\000\040\000D\000o\000c\000u\000m\000e\000n\000t\000a\000t\000i\000o\000n}{section.6.10}% 314
\BOOKMARK [3][-]{subsubsection.6.10.1.1}{\376\377\0006\000.\0001\0000\000.\0001\000.\0001\000\040\000i\0002\000c\000\137\000i\000n\000i\000t\000\050\000\051}{subsection.6.10.1}% 315
\BOOKMARK [3][-]{subsubsection.6.10.1.2}{\376\377\0006\000.\0001\0000\000.\0001\000.\0002\000\040\000i\0002\000c\000\137\000r\000e\000a\000d\000\050\000\051}{subsection.6.10.1}% 316
\BOOKMARK [3][-]{subsubsection.6.10.1.3}{\376\377\0006\000.\0001\0000\000.\0001\000.\0003\000\040\000i\0002\000c\000\137\000w\000r\000i\000t\000e\000\050\000\051}{subsection.6.10.1}% 317
\BOOKMARK [1][-]{section.6.11}{\376\377\0006\000.\0001\0001\000\040\000d\000r\000i\000v\000e\000r\000s\000/\000i\0002\000c\000.\000h\000\040\000F\000i\000l\000e\000\040\000R\000e\000f\000e\000r\000e\000n\000c\000e}{chapter.6}% 318
\BOOKMARK [2][-]{subsection.6.11.1}{\376\377\0006\000.\0001\0001\000.\0001\000\040\000D\000e\000t\000a\000i\000l\000e\000d\000\040\000D\000e\000s\000c\000r\000i\000p\000t\000i\000o\000n}{section.6.11}% 319
\BOOKMARK [2][-]{subsection.6.11.2}{\376\377\0006\000.\0001\0001\000.\0002\000\040\000F\000u\000n\000c\000t\000i\000o\000n\000\040\000D\000o\000c\000u\000m\000e\000n\000t\000a\000t\000i\000o\000n}{section.6.11}% 320
\BOOKMARK [3][-]{subsubsection.6.11.2.1}{\376\377\0006\000.\0001\0001\000.\0002\000.\0001\000\040\000i\0002\000c\000\137\000i\000n\000i\000t\000\050\000\051}{subsection.6.11.2}% 321
\BOOKMARK [3][-]{subsubsection.6.11.2.2}{\376\377\0006\000.\0001\0001\000.\0002\000.\0002\000\040\000i\0002\000c\000\137\000r\000e\000a\000d\000\050\000\051}{subsection.6.11.2}% 322
\BOOKMARK [3][-]{subsubsection.6.11.2.3}{\376\377\0006\000.\0001\0001\000.\0002\000.\0003\000\040\000i\0002\000c\000\137\000w\000r\000i\000t\000e\000\050\000\051}{subsection.6.11.2}% 323
\BOOKMARK [1][-]{section.6.12}{\376\377\0006\000.\0001\0002\000\040\000i\0002\000c\000.\000h}{chapter.6}% 324
\BOOKMARK [1][-]{section.6.13}{\376\377\0006\000.\0001\0003\000\040\000d\000r\000i\000v\000e\000r\000s\000/\000p\000l\000a\000t\000f\000o\000r\000m\000.\000h\000\040\000F\000i\000l\000e\000\040\000R\000e\000f\000e\000r\000e\000n\000c\000e}{chapter.6}% 325
\BOOKMARK [2][-]{subsection.6.13.1}{\376\377\0006\000.\0001\0003\000.\0001\000\040\000M\000a\000c\000r\000o\000\040\000D\000e\000f\000i\000n\000i\000t\000i\000o\000n\000\040\000D\000o\000c\000u\000m\000e\000n\000t\000a\000t\000i\000o\000n}{section.6.13}% 326
\BOOKMARK [3][-]{subsubsection.6.13.1.1}{\376\377\0006\000.\0001\0003\000.\0001\000.\0001\000\040\000A\000D\000C\000\137\000B\000I\000T\000S}{subsection.6.13.1}% 327
\BOOKMARK [3][-]{subsubsection.6.13.1.2}{\376\377\0006\000.\0001\0003\000.\0001\000.\0002\000\040\000A\000D\000C\000\137\000M\000A\000S\000K}{subsection.6.13.1}% 328
\BOOKMARK [3][-]{subsubsection.6.13.1.3}{\376\377\0006\000.\0001\0003\000.\0001\000.\0003\000\040\000C\000L\000K\000\137\000F\000R\000E\000Q}{subsection.6.13.1}% 329
\BOOKMARK [3][-]{subsubsection.6.13.1.4}{\376\377\0006\000.\0001\0003\000.\0001\000.\0004\000\040\000D\000A\000C\000\137\000B\000I\000T\000S}{subsection.6.13.1}% 330
\BOOKMARK [3][-]{subsubsection.6.13.1.5}{\376\377\0006\000.\0001\0003\000.\0001\000.\0005\000\040\000D\000A\000C\000\137\000M\000A\000S\000K}{subsection.6.13.1}% 331
\BOOKMARK [3][-]{subsubsection.6.13.1.6}{\376\377\0006\000.\0001\0003\000.\0001\000.\0006\000\040\000G\000E\000T\000\137\000P\000I\000N\000\137\000I\000N\000D\000E\000X}{subsection.6.13.1}% 332
\BOOKMARK [3][-]{subsubsection.6.13.1.7}{\376\377\0006\000.\0001\0003\000.\0001\000.\0007\000\040\000G\000E\000T\000\137\000P\000O\000R\000T}{subsection.6.13.1}% 333
\BOOKMARK [3][-]{subsubsection.6.13.1.8}{\376\377\0006\000.\0001\0003\000.\0001\000.\0008\000\040\000G\000E\000T\000\137\000P\000O\000R\000T\000\137\000I\000N\000D\000E\000X}{subsection.6.13.1}% 334
\BOOKMARK [3][-]{subsubsection.6.13.1.9}{\376\377\0006\000.\0001\0003\000.\0001\000.\0009\000\040\000L\000E\000D\000\137\000O\000F\000F}{subsection.6.13.1}% 335
\BOOKMARK [3][-]{subsubsection.6.13.1.10}{\376\377\0006\000.\0001\0003\000.\0001\000.\0001\0000\000\040\000L\000E\000D\000\137\000O\000N}{subsection.6.13.1}% 336
\BOOKMARK [3][-]{subsubsection.6.13.1.11}{\376\377\0006\000.\0001\0003\000.\0001\000.\0001\0001\000\040\000P\000\137\000A\000D\000C}{subsection.6.13.1}% 337
\BOOKMARK [3][-]{subsubsection.6.13.1.12}{\376\377\0006\000.\0001\0003\000.\0001\000.\0001\0002\000\040\000P\000\137\000C\000M\000P\000\137\000N\000E\000G}{subsection.6.13.1}% 338
\BOOKMARK [3][-]{subsubsection.6.13.1.13}{\376\377\0006\000.\0001\0003\000.\0001\000.\0001\0003\000\040\000P\000\137\000C\000M\000P\000\137\000P\000L\000U\000S}{subsection.6.13.1}% 339
\BOOKMARK [3][-]{subsubsection.6.13.1.14}{\376\377\0006\000.\0001\0003\000.\0001\000.\0001\0004\000\040\000P\000\137\000D\000B\000G\000\137\000I\000S\000R}{subsection.6.13.1}% 340
\BOOKMARK [3][-]{subsubsection.6.13.1.15}{\376\377\0006\000.\0001\0003\000.\0001\000.\0001\0005\000\040\000P\000\137\000D\000B\000G\000\137\000M\000A\000I\000N}{subsection.6.13.1}% 341
\BOOKMARK [3][-]{subsubsection.6.13.1.16}{\376\377\0006\000.\0001\0003\000.\0001\000.\0001\0006\000\040\000P\000\137\000I\000R}{subsection.6.13.1}% 342
\BOOKMARK [3][-]{subsubsection.6.13.1.17}{\376\377\0006\000.\0001\0003\000.\0001\000.\0001\0007\000\040\000P\000\137\000L\000C\000D\000\137\000D\000A\000T\000A\0004}{subsection.6.13.1}% 343
\BOOKMARK [3][-]{subsubsection.6.13.1.18}{\376\377\0006\000.\0001\0003\000.\0001\000.\0001\0008\000\040\000P\000\137\000L\000C\000D\000\137\000D\000A\000T\000A\0005}{subsection.6.13.1}% 344
\BOOKMARK [3][-]{subsubsection.6.13.1.19}{\376\377\0006\000.\0001\0003\000.\0001\000.\0001\0009\000\040\000P\000\137\000L\000C\000D\000\137\000D\000A\000T\000A\0006}{subsection.6.13.1}% 345
\BOOKMARK [3][-]{subsubsection.6.13.1.20}{\376\377\0006\000.\0001\0003\000.\0001\000.\0002\0000\000\040\000P\000\137\000L\000C\000D\000\137\000D\000A\000T\000A\0007}{subsection.6.13.1}% 346
\BOOKMARK [3][-]{subsubsection.6.13.1.21}{\376\377\0006\000.\0001\0003\000.\0001\000.\0002\0001\000\040\000P\000\137\000L\000C\000D\000\137\000E}{subsection.6.13.1}% 347
\BOOKMARK [3][-]{subsubsection.6.13.1.22}{\376\377\0006\000.\0001\0003\000.\0001\000.\0002\0002\000\040\000P\000\137\000L\000C\000D\000\137\000R\000S}{subsection.6.13.1}% 348
\BOOKMARK [3][-]{subsubsection.6.13.1.23}{\376\377\0006\000.\0001\0003\000.\0001\000.\0002\0003\000\040\000P\000\137\000L\000C\000D\000\137\000R\000W}{subsection.6.13.1}% 349
\BOOKMARK [3][-]{subsubsection.6.13.1.24}{\376\377\0006\000.\0001\0003\000.\0001\000.\0002\0004\000\040\000P\000\137\000L\000E\000D\000\137\000B}{subsection.6.13.1}% 350
\BOOKMARK [3][-]{subsubsection.6.13.1.25}{\376\377\0006\000.\0001\0003\000.\0001\000.\0002\0005\000\040\000P\000\137\000L\000E\000D\000\137\000G}{subsection.6.13.1}% 351
\BOOKMARK [3][-]{subsubsection.6.13.1.26}{\376\377\0006\000.\0001\0003\000.\0001\000.\0002\0006\000\040\000P\000\137\000L\000E\000D\000\137\000R}{subsection.6.13.1}% 352
\BOOKMARK [3][-]{subsubsection.6.13.1.27}{\376\377\0006\000.\0001\0003\000.\0001\000.\0002\0007\000\040\000P\000\137\000P\000E\000R\000I\000O\000D}{subsection.6.13.1}% 353
\BOOKMARK [3][-]{subsubsection.6.13.1.28}{\376\377\0006\000.\0001\0003\000.\0001\000.\0002\0008\000\040\000P\000\137\000R\000X}{subsection.6.13.1}% 354
\BOOKMARK [3][-]{subsubsection.6.13.1.29}{\376\377\0006\000.\0001\0003\000.\0001\000.\0002\0009\000\040\000P\000\137\000S\000A\000M\000P\000L\000E}{subsection.6.13.1}% 355
\BOOKMARK [3][-]{subsubsection.6.13.1.30}{\376\377\0006\000.\0001\0003\000.\0001\000.\0003\0000\000\040\000P\000\137\000S\000C\000L}{subsection.6.13.1}% 356
\BOOKMARK [3][-]{subsubsection.6.13.1.31}{\376\377\0006\000.\0001\0003\000.\0001\000.\0003\0001\000\040\000P\000\137\000S\000D\000A}{subsection.6.13.1}% 357
\BOOKMARK [3][-]{subsubsection.6.13.1.32}{\376\377\0006\000.\0001\0003\000.\0001\000.\0003\0002\000\040\000P\000\137\000S\000P\000E\000A\000K\000E\000R}{subsection.6.13.1}% 358
\BOOKMARK [3][-]{subsubsection.6.13.1.33}{\376\377\0006\000.\0001\0003\000.\0001\000.\0003\0003\000\040\000P\000\137\000S\000W}{subsection.6.13.1}% 359
\BOOKMARK [3][-]{subsubsection.6.13.1.34}{\376\377\0006\000.\0001\0003\000.\0001\000.\0003\0004\000\040\000P\000\137\000S\000W\000\137\000C\000R}{subsection.6.13.1}% 360
\BOOKMARK [3][-]{subsubsection.6.13.1.35}{\376\377\0006\000.\0001\0003\000.\0001\000.\0003\0005\000\040\000P\000\137\000S\000W\000\137\000D\000N}{subsection.6.13.1}% 361
\BOOKMARK [3][-]{subsubsection.6.13.1.36}{\376\377\0006\000.\0001\0003\000.\0001\000.\0003\0006\000\040\000P\000\137\000S\000W\000\137\000L\000T}{subsection.6.13.1}% 362
\BOOKMARK [3][-]{subsubsection.6.13.1.37}{\376\377\0006\000.\0001\0003\000.\0001\000.\0003\0007\000\040\000P\000\137\000S\000W\000\137\000R\000T}{subsection.6.13.1}% 363
\BOOKMARK [3][-]{subsubsection.6.13.1.38}{\376\377\0006\000.\0001\0003\000.\0001\000.\0003\0008\000\040\000P\000\137\000S\000W\000\137\000U\000P}{subsection.6.13.1}% 364
\BOOKMARK [3][-]{subsubsection.6.13.1.39}{\376\377\0006\000.\0001\0003\000.\0001\000.\0003\0009\000\040\000P\000\137\000T\000X}{subsection.6.13.1}% 365
\BOOKMARK [2][-]{subsection.6.13.2}{\376\377\0006\000.\0001\0003\000.\0002\000\040\000E\000n\000u\000m\000e\000r\000a\000t\000i\000o\000n\000\040\000T\000y\000p\000e\000\040\000D\000o\000c\000u\000m\000e\000n\000t\000a\000t\000i\000o\000n}{section.6.13}% 366
\BOOKMARK [3][-]{subsubsection.6.13.2.1}{\376\377\0006\000.\0001\0003\000.\0002\000.\0001\000\040\000P\000i\000n}{subsection.6.13.2}% 367
\BOOKMARK [1][-]{section.6.14}{\376\377\0006\000.\0001\0004\000\040\000p\000l\000a\000t\000f\000o\000r\000m\000.\000h}{chapter.6}% 368
\BOOKMARK [1][-]{section.6.15}{\376\377\0006\000.\0001\0005\000\040\000d\000r\000i\000v\000e\000r\000s\000/\000s\000t\000m\0003\0002\000f\0004\000x\000x\000\137\000a\000d\000c\000.\000c\000\040\000F\000i\000l\000e\000\040\000R\000e\000f\000e\000r\000e\000n\000c\000e}{chapter.6}% 369
\BOOKMARK [2][-]{subsection.6.15.1}{\376\377\0006\000.\0001\0005\000.\0001\000\040\000D\000e\000t\000a\000i\000l\000e\000d\000\040\000D\000e\000s\000c\000r\000i\000p\000t\000i\000o\000n}{section.6.15}% 370
\BOOKMARK [1][-]{section.6.16}{\376\377\0006\000.\0001\0006\000\040\000d\000r\000i\000v\000e\000r\000s\000/\000s\000t\000m\0003\0002\000f\0004\000x\000x\000\137\000a\000d\000c\000.\000h\000\040\000F\000i\000l\000e\000\040\000R\000e\000f\000e\000r\000e\000n\000c\000e}{chapter.6}% 371
\BOOKMARK [2][-]{subsection.6.16.1}{\376\377\0006\000.\0001\0006\000.\0001\000\040\000D\000e\000t\000a\000i\000l\000e\000d\000\040\000D\000e\000s\000c\000r\000i\000p\000t\000i\000o\000n}{section.6.16}% 372
\BOOKMARK [1][-]{section.6.17}{\376\377\0006\000.\0001\0007\000\040\000s\000t\000m\0003\0002\000f\0004\000x\000x\000\137\000a\000d\000c\000.\000h}{chapter.6}% 373
\BOOKMARK [1][-]{section.6.18}{\376\377\0006\000.\0001\0008\000\040\000d\000r\000i\000v\000e\000r\000s\000/\000s\000t\000m\0003\0002\000f\0004\000x\000x\000\137\000g\000p\000i\000o\000.\000c\000\040\000F\000i\000l\000e\000\040\000R\000e\000f\000e\000r\000e\000n\000c\000e}{chapter.6}% 374
\BOOKMARK [2][-]{subsection.6.18.1}{\376\377\0006\000.\0001\0008\000.\0001\000\040\000D\000e\000t\000a\000i\000l\000e\000d\000\040\000D\000e\000s\000c\000r\000i\000p\000t\000i\000o\000n}{section.6.18}% 375
\BOOKMARK [1][-]{section.6.19}{\376\377\0006\000.\0001\0009\000\040\000d\000r\000i\000v\000e\000r\000s\000/\000s\000t\000m\0003\0002\000f\0004\000x\000x\000\137\000g\000p\000i\000o\000.\000h\000\040\000F\000i\000l\000e\000\040\000R\000e\000f\000e\000r\000e\000n\000c\000e}{chapter.6}% 376
\BOOKMARK [2][-]{subsection.6.19.1}{\376\377\0006\000.\0001\0009\000.\0001\000\040\000D\000e\000t\000a\000i\000l\000e\000d\000\040\000D\000e\000s\000c\000r\000i\000p\000t\000i\000o\000n}{section.6.19}% 377
\BOOKMARK [1][-]{section.6.20}{\376\377\0006\000.\0002\0000\000\040\000s\000t\000m\0003\0002\000f\0004\000x\000x\000\137\000g\000p\000i\000o\000.\000h}{chapter.6}% 378
\BOOKMARK [1][-]{section.6.21}{\376\377\0006\000.\0002\0001\000\040\000d\000r\000i\000v\000e\000r\000s\000/\000s\000t\000m\0003\0002\000f\0004\000x\000x\000\137\000i\0002\000c\000.\000c\000\040\000F\000i\000l\000e\000\040\000R\000e\000f\000e\000r\000e\000n\000c\000e}{chapter.6}% 379
\BOOKMARK [2][-]{subsection.6.21.1}{\376\377\0006\000.\0002\0001\000.\0001\000\040\000D\000e\000t\000a\000i\000l\000e\000d\000\040\000D\000e\000s\000c\000r\000i\000p\000t\000i\000o\000n}{section.6.21}% 380
\BOOKMARK [1][-]{section.6.22}{\376\377\0006\000.\0002\0002\000\040\000d\000r\000i\000v\000e\000r\000s\000/\000s\000t\000m\0003\0002\000f\0004\000x\000x\000\137\000i\0002\000c\000.\000h\000\040\000F\000i\000l\000e\000\040\000R\000e\000f\000e\000r\000e\000n\000c\000e}{chapter.6}% 381
\BOOKMARK [2][-]{subsection.6.22.1}{\376\377\0006\000.\0002\0002\000.\0001\000\040\000D\000e\000t\000a\000i\000l\000e\000d\000\040\000D\000e\000s\000c\000r\000i\000p\000t\000i\000o\000n}{section.6.22}% 382
\BOOKMARK [1][-]{section.6.23}{\376\377\0006\000.\0002\0003\000\040\000s\000t\000m\0003\0002\000f\0004\000x\000x\000\137\000i\0002\000c\000.\000h}{chapter.6}% 383
\BOOKMARK [1][-]{section.6.24}{\376\377\0006\000.\0002\0004\000\040\000d\000r\000i\000v\000e\000r\000s\000/\000s\000t\000m\0003\0002\000f\0004\000x\000x\000\137\000r\000c\000c\000.\000c\000\040\000F\000i\000l\000e\000\040\000R\000e\000f\000e\000r\000e\000n\000c\000e}{chapter.6}% 384
\BOOKMARK [2][-]{subsection.6.24.1}{\376\377\0006\000.\0002\0004\000.\0001\000\040\000D\000e\000t\000a\000i\000l\000e\000d\000\040\000D\000e\000s\000c\000r\000i\000p\000t\000i\000o\000n}{section.6.24}% 385
\BOOKMARK [2][-]{subsection.6.24.2}{\376\377\0006\000.\0002\0004\000.\0002\000\040\000M\000a\000c\000r\000o\000\040\000D\000e\000f\000i\000n\000i\000t\000i\000o\000n\000\040\000D\000o\000c\000u\000m\000e\000n\000t\000a\000t\000i\000o\000n}{section.6.24}% 386
\BOOKMARK [3][-]{subsubsection.6.24.2.1}{\376\377\0006\000.\0002\0004\000.\0002\000.\0001\000\040\000H\000S\000E\000\137\000S\000T\000A\000R\000T\000U\000P\000\137\000T\000I\000M\000E\000O\000U\000T}{subsection.6.24.2}% 387
\BOOKMARK [3][-]{subsubsection.6.24.2.2}{\376\377\0006\000.\0002\0004\000.\0002\000.\0002\000\040\000H\000S\000E\000\137\000V\000A\000L\000U\000E}{subsection.6.24.2}% 388
\BOOKMARK [3][-]{subsubsection.6.24.2.3}{\376\377\0006\000.\0002\0004\000.\0002\000.\0003\000\040\000H\000S\000I\000\137\000V\000A\000L\000U\000E}{subsection.6.24.2}% 389
\BOOKMARK [1][-]{section.6.25}{\376\377\0006\000.\0002\0005\000\040\000d\000r\000i\000v\000e\000r\000s\000/\000s\000t\000m\0003\0002\000f\0004\000x\000x\000\137\000r\000c\000c\000.\000h\000\040\000F\000i\000l\000e\000\040\000R\000e\000f\000e\000r\000e\000n\000c\000e}{chapter.6}% 390
\BOOKMARK [2][-]{subsection.6.25.1}{\376\377\0006\000.\0002\0005\000.\0001\000\040\000D\000e\000t\000a\000i\000l\000e\000d\000\040\000D\000e\000s\000c\000r\000i\000p\000t\000i\000o\000n}{section.6.25}% 391
\BOOKMARK [1][-]{section.6.26}{\376\377\0006\000.\0002\0006\000\040\000s\000t\000m\0003\0002\000f\0004\000x\000x\000\137\000r\000c\000c\000.\000h}{chapter.6}% 392
\BOOKMARK [1][-]{section.6.27}{\376\377\0006\000.\0002\0007\000\040\000d\000r\000i\000v\000e\000r\000s\000/\000s\000t\000m\0003\0002\000f\0004\000x\000x\000\137\000u\000s\000a\000r\000t\000.\000c\000\040\000F\000i\000l\000e\000\040\000R\000e\000f\000e\000r\000e\000n\000c\000e}{chapter.6}% 393
\BOOKMARK [2][-]{subsection.6.27.1}{\376\377\0006\000.\0002\0007\000.\0001\000\040\000D\000e\000t\000a\000i\000l\000e\000d\000\040\000D\000e\000s\000c\000r\000i\000p\000t\000i\000o\000n}{section.6.27}% 394
\BOOKMARK [1][-]{section.6.28}{\376\377\0006\000.\0002\0008\000\040\000d\000r\000i\000v\000e\000r\000s\000/\000s\000t\000m\0003\0002\000f\0004\000x\000x\000\137\000u\000s\000a\000r\000t\000.\000h\000\040\000F\000i\000l\000e\000\040\000R\000e\000f\000e\000r\000e\000n\000c\000e}{chapter.6}% 395
\BOOKMARK [2][-]{subsection.6.28.1}{\376\377\0006\000.\0002\0008\000.\0001\000\040\000D\000e\000t\000a\000i\000l\000e\000d\000\040\000D\000e\000s\000c\000r\000i\000p\000t\000i\000o\000n}{section.6.28}% 396
\BOOKMARK [1][-]{section.6.29}{\376\377\0006\000.\0002\0009\000\040\000s\000t\000m\0003\0002\000f\0004\000x\000x\000\137\000u\000s\000a\000r\000t\000.\000h}{chapter.6}% 397
\BOOKMARK [1][-]{section.6.30}{\376\377\0006\000.\0003\0000\000\040\000d\000r\000i\000v\000e\000r\000s\000/\000t\000i\000m\000e\000r\000.\000c\000\040\000F\000i\000l\000e\000\040\000R\000e\000f\000e\000r\000e\000n\000c\000e}{chapter.6}% 398
\BOOKMARK [2][-]{subsection.6.30.1}{\376\377\0006\000.\0003\0000\000.\0001\000\040\000F\000u\000n\000c\000t\000i\000o\000n\000\040\000D\000o\000c\000u\000m\000e\000n\000t\000a\000t\000i\000o\000n}{section.6.30}% 399
\BOOKMARK [3][-]{subsubsection.6.30.1.1}{\376\377\0006\000.\0003\0000\000.\0001\000.\0001\000\040\000S\000y\000s\000T\000i\000c\000k\000\137\000H\000a\000n\000d\000l\000e\000r\000\050\000\051}{subsection.6.30.1}% 400
\BOOKMARK [3][-]{subsubsection.6.30.1.2}{\376\377\0006\000.\0003\0000\000.\0001\000.\0002\000\040\000t\000i\000m\000e\000r\000\137\000d\000i\000s\000a\000b\000l\000e\000\050\000\051}{subsection.6.30.1}% 401
\BOOKMARK [3][-]{subsubsection.6.30.1.3}{\376\377\0006\000.\0003\0000\000.\0001\000.\0003\000\040\000t\000i\000m\000e\000r\000\137\000e\000n\000a\000b\000l\000e\000\050\000\051}{subsection.6.30.1}% 402
\BOOKMARK [3][-]{subsubsection.6.30.1.4}{\376\377\0006\000.\0003\0000\000.\0001\000.\0004\000\040\000t\000i\000m\000e\000r\000\137\000i\000n\000i\000t\000\050\000\051}{subsection.6.30.1}% 403
\BOOKMARK [3][-]{subsubsection.6.30.1.5}{\376\377\0006\000.\0003\0000\000.\0001\000.\0005\000\040\000t\000i\000m\000e\000r\000\137\000s\000e\000t\000\137\000c\000a\000l\000l\000b\000a\000c\000k\000\050\000\051}{subsection.6.30.1}% 404
\BOOKMARK [2][-]{subsection.6.30.2}{\376\377\0006\000.\0003\0000\000.\0002\000\040\000V\000a\000r\000i\000a\000b\000l\000e\000\040\000D\000o\000c\000u\000m\000e\000n\000t\000a\000t\000i\000o\000n}{section.6.30}% 405
\BOOKMARK [3][-]{subsubsection.6.30.2.1}{\376\377\0006\000.\0003\0000\000.\0002\000.\0001\000\040\000t\000i\000m\000e\000r\000\137\000p\000e\000r\000i\000o\000d}{subsection.6.30.2}% 406
\BOOKMARK [1][-]{section.6.31}{\376\377\0006\000.\0003\0001\000\040\000d\000r\000i\000v\000e\000r\000s\000/\000t\000i\000m\000e\000r\000.\000h\000\040\000F\000i\000l\000e\000\040\000R\000e\000f\000e\000r\000e\000n\000c\000e}{chapter.6}% 407
\BOOKMARK [2][-]{subsection.6.31.1}{\376\377\0006\000.\0003\0001\000.\0001\000\040\000D\000e\000t\000a\000i\000l\000e\000d\000\040\000D\000e\000s\000c\000r\000i\000p\000t\000i\000o\000n}{section.6.31}% 408
\BOOKMARK [2][-]{subsection.6.31.2}{\376\377\0006\000.\0003\0001\000.\0002\000\040\000F\000u\000n\000c\000t\000i\000o\000n\000\040\000D\000o\000c\000u\000m\000e\000n\000t\000a\000t\000i\000o\000n}{section.6.31}% 409
\BOOKMARK [3][-]{subsubsection.6.31.2.1}{\376\377\0006\000.\0003\0001\000.\0002\000.\0001\000\040\000t\000i\000m\000e\000r\000\137\000d\000i\000s\000a\000b\000l\000e\000\050\000\051}{subsection.6.31.2}% 410
\BOOKMARK [3][-]{subsubsection.6.31.2.2}{\376\377\0006\000.\0003\0001\000.\0002\000.\0002\000\040\000t\000i\000m\000e\000r\000\137\000e\000n\000a\000b\000l\000e\000\050\000\051}{subsection.6.31.2}% 411
\BOOKMARK [3][-]{subsubsection.6.31.2.3}{\376\377\0006\000.\0003\0001\000.\0002\000.\0003\000\040\000t\000i\000m\000e\000r\000\137\000i\000n\000i\000t\000\050\000\051}{subsection.6.31.2}% 412
\BOOKMARK [3][-]{subsubsection.6.31.2.4}{\376\377\0006\000.\0003\0001\000.\0002\000.\0004\000\040\000t\000i\000m\000e\000r\000\137\000i\000r\000q\000\137\000h\000a\000n\000d\000l\000e\000r\000\050\000\051}{subsection.6.31.2}% 413
\BOOKMARK [3][-]{subsubsection.6.31.2.5}{\376\377\0006\000.\0003\0001\000.\0002\000.\0005\000\040\000t\000i\000m\000e\000r\000\137\000s\000e\000t\000\137\000c\000a\000l\000l\000b\000a\000c\000k\000\050\000\051}{subsection.6.31.2}% 414
\BOOKMARK [1][-]{section.6.32}{\376\377\0006\000.\0003\0002\000\040\000t\000i\000m\000e\000r\000.\000h}{chapter.6}% 415
\BOOKMARK [1][-]{section.6.33}{\376\377\0006\000.\0003\0003\000\040\000d\000r\000i\000v\000e\000r\000s\000/\000u\000a\000r\000t\000.\000c\000\040\000F\000i\000l\000e\000\040\000R\000e\000f\000e\000r\000e\000n\000c\000e}{chapter.6}% 416
\BOOKMARK [2][-]{subsection.6.33.1}{\376\377\0006\000.\0003\0003\000.\0001\000\040\000F\000u\000n\000c\000t\000i\000o\000n\000\040\000D\000o\000c\000u\000m\000e\000n\000t\000a\000t\000i\000o\000n}{section.6.33}% 417
\BOOKMARK [3][-]{subsubsection.6.33.1.1}{\376\377\0006\000.\0003\0003\000.\0001\000.\0001\000\040\000u\000a\000r\000t\000\137\000e\000n\000a\000b\000l\000e\000\050\000\051}{subsection.6.33.1}% 418
\BOOKMARK [3][-]{subsubsection.6.33.1.2}{\376\377\0006\000.\0003\0003\000.\0001\000.\0002\000\040\000u\000a\000r\000t\000\137\000i\000n\000i\000t\000\050\000\051}{subsection.6.33.1}% 419
\BOOKMARK [3][-]{subsubsection.6.33.1.3}{\376\377\0006\000.\0003\0003\000.\0001\000.\0003\000\040\000u\000a\000r\000t\000\137\000p\000r\000i\000n\000t\000\050\000\051}{subsection.6.33.1}% 420
\BOOKMARK [3][-]{subsubsection.6.33.1.4}{\376\377\0006\000.\0003\0003\000.\0001\000.\0004\000\040\000u\000a\000r\000t\000\137\000r\000x\000\050\000\051}{subsection.6.33.1}% 421
\BOOKMARK [3][-]{subsubsection.6.33.1.5}{\376\377\0006\000.\0003\0003\000.\0001\000.\0005\000\040\000u\000a\000r\000t\000\137\000s\000e\000t\000\137\000r\000x\000\137\000c\000a\000l\000l\000b\000a\000c\000k\000\050\000\051}{subsection.6.33.1}% 422
\BOOKMARK [3][-]{subsubsection.6.33.1.6}{\376\377\0006\000.\0003\0003\000.\0001\000.\0006\000\040\000u\000a\000r\000t\000\137\000t\000x\000\050\000\051}{subsection.6.33.1}% 423
\BOOKMARK [3][-]{subsubsection.6.33.1.7}{\376\377\0006\000.\0003\0003\000.\0001\000.\0007\000\040\000U\000S\000A\000R\000T\0002\000\137\000I\000R\000Q\000H\000a\000n\000d\000l\000e\000r\000\050\000\051}{subsection.6.33.1}% 424
\BOOKMARK [1][-]{section.6.34}{\376\377\0006\000.\0003\0004\000\040\000d\000r\000i\000v\000e\000r\000s\000/\000u\000a\000r\000t\000.\000h\000\040\000F\000i\000l\000e\000\040\000R\000e\000f\000e\000r\000e\000n\000c\000e}{chapter.6}% 425
\BOOKMARK [2][-]{subsection.6.34.1}{\376\377\0006\000.\0003\0004\000.\0001\000\040\000D\000e\000t\000a\000i\000l\000e\000d\000\040\000D\000e\000s\000c\000r\000i\000p\000t\000i\000o\000n}{section.6.34}% 426
\BOOKMARK [2][-]{subsection.6.34.2}{\376\377\0006\000.\0003\0004\000.\0002\000\040\000F\000u\000n\000c\000t\000i\000o\000n\000\040\000D\000o\000c\000u\000m\000e\000n\000t\000a\000t\000i\000o\000n}{section.6.34}% 427
\BOOKMARK [3][-]{subsubsection.6.34.2.1}{\376\377\0006\000.\0003\0004\000.\0002\000.\0001\000\040\000u\000a\000r\000t\000\137\000e\000n\000a\000b\000l\000e\000\050\000\051}{subsection.6.34.2}% 428
\BOOKMARK [3][-]{subsubsection.6.34.2.2}{\376\377\0006\000.\0003\0004\000.\0002\000.\0002\000\040\000u\000a\000r\000t\000\137\000i\000n\000i\000t\000\050\000\051}{subsection.6.34.2}% 429
\BOOKMARK [3][-]{subsubsection.6.34.2.3}{\376\377\0006\000.\0003\0004\000.\0002\000.\0003\000\040\000u\000a\000r\000t\000\137\000p\000r\000i\000n\000t\000\050\000\051}{subsection.6.34.2}% 430
\BOOKMARK [3][-]{subsubsection.6.34.2.4}{\376\377\0006\000.\0003\0004\000.\0002\000.\0004\000\040\000u\000a\000r\000t\000\137\000r\000x\000\050\000\051}{subsection.6.34.2}% 431
\BOOKMARK [3][-]{subsubsection.6.34.2.5}{\376\377\0006\000.\0003\0004\000.\0002\000.\0005\000\040\000u\000a\000r\000t\000\137\000s\000e\000t\000\137\000r\000x\000\137\000c\000a\000l\000l\000b\000a\000c\000k\000\050\000\051}{subsection.6.34.2}% 432
\BOOKMARK [3][-]{subsubsection.6.34.2.6}{\376\377\0006\000.\0003\0004\000.\0002\000.\0006\000\040\000u\000a\000r\000t\000\137\000t\000x\000\050\000\051}{subsection.6.34.2}% 433
\BOOKMARK [1][-]{section.6.35}{\376\377\0006\000.\0003\0005\000\040\000u\000a\000r\000t\000.\000h}{chapter.6}% 434
\BOOKMARK [1][-]{section.6.36}{\376\377\0006\000.\0003\0006\000\040\000O\000b\000j\000e\000c\000t\000s\000/\000a\000d\000c\000.\000d\000\040\000F\000i\000l\000e\000\040\000R\000e\000f\000e\000r\000e\000n\000c\000e}{chapter.6}% 435
\BOOKMARK [1][-]{section.6.37}{\376\377\0006\000.\0003\0007\000\040\000O\000b\000j\000e\000c\000t\000s\000/\000c\000o\000m\000p\000a\000r\000a\000t\000o\000r\000.\000d\000\040\000F\000i\000l\000e\000\040\000R\000e\000f\000e\000r\000e\000n\000c\000e}{chapter.6}% 436
\BOOKMARK [1][-]{section.6.38}{\376\377\0006\000.\0003\0008\000\040\000O\000b\000j\000e\000c\000t\000s\000/\000g\000p\000i\000o\000.\000d\000\040\000F\000i\000l\000e\000\040\000R\000e\000f\000e\000r\000e\000n\000c\000e}{chapter.6}% 437
\BOOKMARK [1][-]{section.6.39}{\376\377\0006\000.\0003\0009\000\040\000O\000b\000j\000e\000c\000t\000s\000/\000i\0002\000c\000.\000d\000\040\000F\000i\000l\000e\000\040\000R\000e\000f\000e\000r\000e\000n\000c\000e}{chapter.6}% 438
\BOOKMARK [1][-]{section.6.40}{\376\377\0006\000.\0004\0000\000\040\000O\000b\000j\000e\000c\000t\000s\000/\000m\000a\000i\000n\000.\000d\000\040\000F\000i\000l\000e\000\040\000R\000e\000f\000e\000r\000e\000n\000c\000e}{chapter.6}% 439
\BOOKMARK [1][-]{section.6.41}{\376\377\0006\000.\0004\0001\000\040\000O\000b\000j\000e\000c\000t\000s\000/\000s\000t\000a\000r\000t\000u\000p\000\137\000s\000t\000m\0003\0002\000f\0004\0000\0001\000x\000e\000.\000d\000\040\000F\000i\000l\000e\000\040\000R\000e\000f\000e\000r\000e\000n\000c\000e}{chapter.6}% 440
\BOOKMARK [1][-]{section.6.42}{\376\377\0006\000.\0004\0002\000\040\000O\000b\000j\000e\000c\000t\000s\000/\000s\000t\000m\0003\0002\000f\0004\000x\000x\000\137\000a\000d\000c\000.\000d\000\040\000F\000i\000l\000e\000\040\000R\000e\000f\000e\000r\000e\000n\000c\000e}{chapter.6}% 441
\BOOKMARK [1][-]{section.6.43}{\376\377\0006\000.\0004\0003\000\040\000O\000b\000j\000e\000c\000t\000s\000/\000s\000t\000m\0003\0002\000f\0004\000x\000x\000\137\000g\000p\000i\000o\000.\000d\000\040\000F\000i\000l\000e\000\040\000R\000e\000f\000e\000r\000e\000n\000c\000e}{chapter.6}% 442
\BOOKMARK [1][-]{section.6.44}{\376\377\0006\000.\0004\0004\000\040\000O\000b\000j\000e\000c\000t\000s\000/\000s\000t\000m\0003\0002\000f\0004\000x\000x\000\137\000i\0002\000c\000.\000d\000\040\000F\000i\000l\000e\000\040\000R\000e\000f\000e\000r\000e\000n\000c\000e}{chapter.6}% 443
\BOOKMARK [1][-]{section.6.45}{\376\377\0006\000.\0004\0005\000\040\000O\000b\000j\000e\000c\000t\000s\000/\000s\000t\000m\0003\0002\000f\0004\000x\000x\000\137\000r\000c\000c\000.\000d\000\040\000F\000i\000l\000e\000\040\000R\000e\000f\000e\000r\000e\000n\000c\000e}{chapter.6}% 444
\BOOKMARK [1][-]{section.6.46}{\376\377\0006\000.\0004\0006\000\040\000O\000b\000j\000e\000c\000t\000s\000/\000s\000t\000m\0003\0002\000f\0004\000x\000x\000\137\000u\000s\000a\000r\000t\000.\000d\000\040\000F\000i\000l\000e\000\040\000R\000e\000f\000e\000r\000e\000n\000c\000e}{chapter.6}% 445
\BOOKMARK [1][-]{section.6.47}{\376\377\0006\000.\0004\0007\000\040\000O\000b\000j\000e\000c\000t\000s\000/\000s\000y\000s\000t\000e\000m\000\137\000s\000t\000m\0003\0002\000f\0004\000x\000x\000.\000d\000\040\000F\000i\000l\000e\000\040\000R\000e\000f\000e\000r\000e\000n\000c\000e}{chapter.6}% 446
\BOOKMARK [1][-]{section.6.48}{\376\377\0006\000.\0004\0008\000\040\000O\000b\000j\000e\000c\000t\000s\000/\000t\000i\000m\000e\000r\000.\000d\000\040\000F\000i\000l\000e\000\040\000R\000e\000f\000e\000r\000e\000n\000c\000e}{chapter.6}% 447
\BOOKMARK [1][-]{section.6.49}{\376\377\0006\000.\0004\0009\000\040\000O\000b\000j\000e\000c\000t\000s\000/\000u\000a\000r\000t\000.\000d\000\040\000F\000i\000l\000e\000\040\000R\000e\000f\000e\000r\000e\000n\000c\000e}{chapter.6}% 448
\BOOKMARK [1][-]{section.6.50}{\376\377\0006\000.\0005\0000\000\040\000R\000T\000E\000/\000\137\000T\000a\000r\000g\000e\000t\000\137\0001\000/\000R\000T\000E\000\137\000C\000o\000m\000p\000o\000n\000e\000n\000t\000s\000.\000h\000\040\000F\000i\000l\000e\000\040\000R\000e\000f\000e\000r\000e\000n\000c\000e}{chapter.6}% 449
\BOOKMARK [2][-]{subsection.6.50.1}{\376\377\0006\000.\0005\0000\000.\0001\000\040\000M\000a\000c\000r\000o\000\040\000D\000e\000f\000i\000n\000i\000t\000i\000o\000n\000\040\000D\000o\000c\000u\000m\000e\000n\000t\000a\000t\000i\000o\000n}{section.6.50}% 450
\BOOKMARK [3][-]{subsubsection.6.50.1.1}{\376\377\0006\000.\0005\0000\000.\0001\000.\0001\000\040\000C\000M\000S\000I\000S\000\137\000d\000e\000v\000i\000c\000e\000\137\000h\000e\000a\000d\000e\000r}{subsection.6.50.1}% 451
\BOOKMARK [3][-]{subsubsection.6.50.1.2}{\376\377\0006\000.\0005\0000\000.\0001\000.\0002\000\040\000R\000T\000E\000\137\000D\000E\000V\000I\000C\000E\000\137\000S\000T\000A\000R\000T\000U\000P\000\137\000S\000T\000M\0003\0002\000F\0004\000X\000X}{subsection.6.50.1}% 452
\BOOKMARK [1][-]{section.6.51}{\376\377\0006\000.\0005\0001\000\040\000R\000T\000E\000\137\000C\000o\000m\000p\000o\000n\000e\000n\000t\000s\000.\000h}{chapter.6}% 453
\BOOKMARK [1][-]{section.6.52}{\376\377\0006\000.\0005\0002\000\040\000R\000T\000E\000/\000D\000e\000v\000i\000c\000e\000/\000S\000T\000M\0003\0002\000F\0004\0000\0001\000R\000E\000T\000x\000/\000s\000y\000s\000t\000e\000m\000\137\000s\000t\000m\0003\0002\000f\0004\000x\000x\000.\000c\000\040\000F\000i\000l\000e\000\040\000R\000e\000f\000e\000r\000e\000n\000c\000e}{chapter.6}% 454
\BOOKMARK [2][-]{subsection.6.52.1}{\376\377\0006\000.\0005\0002\000.\0001\000\040\000D\000e\000t\000a\000i\000l\000e\000d\000\040\000D\000e\000s\000c\000r\000i\000p\000t\000i\000o\000n}{section.6.52}% 455
\BOOKMARK [1][-]{section.6.53}{\376\377\0006\000.\0005\0003\000\040\000s\000r\000c\000/\000m\000a\000i\000n\000.\000c\000\040\000F\000i\000l\000e\000\040\000R\000e\000f\000e\000r\000e\000n\000c\000e}{chapter.6}% 456
\BOOKMARK [2][-]{subsection.6.53.1}{\376\377\0006\000.\0005\0003\000.\0001\000\040\000D\000e\000t\000a\000i\000l\000e\000d\000\040\000D\000e\000s\000c\000r\000i\000p\000t\000i\000o\000n}{section.6.53}% 457
\BOOKMARK [2][-]{subsection.6.53.2}{\376\377\0006\000.\0005\0003\000.\0002\000\040\000F\000u\000n\000c\000t\000i\000o\000n\000\040\000D\000o\000c\000u\000m\000e\000n\000t\000a\000t\000i\000o\000n}{section.6.53}% 458
\BOOKMARK [3][-]{subsubsection.6.53.2.1}{\376\377\0006\000.\0005\0003\000.\0002\000.\0001\000\040\000m\000a\000i\000n\000\050\000\051}{subsection.6.53.2}% 459
\BOOKMARK [3][-]{subsubsection.6.53.2.2}{\376\377\0006\000.\0005\0003\000.\0002\000.\0002\000\040\000m\000y\000\137\000s\000q\000r\000t\000\137\000f\000i\000x\000e\000d\000\137\000p\000o\000i\000n\000t\000\050\000\051}{subsection.6.53.2}% 460
\BOOKMARK [3][-]{subsubsection.6.53.2.3}{\376\377\0006\000.\0005\0003\000.\0002\000.\0003\000\040\000m\000y\000\137\000s\000q\000r\000t\000\137\000i\000n\000t\000\050\000\051}{subsection.6.53.2}% 461
\BOOKMARK [0][-]{section*.985}{\376\377\000I\000n\000d\000e\000x}{}% 462
